TN:
SF:add-coment.js
FN:17,(anonymous_0)
FN:28,(anonymous_1)
FNF:2
FNH:2
FNDA:3,(anonymous_0)
FNDA:2,(anonymous_1)
DA:1,1
DA:2,1
DA:3,1
DA:17,1
DA:18,3
DA:19,3
DA:21,2
DA:23,2
DA:30,2
DA:32,1
DA:34,1
LF:11
LH:11
BRDA:30,0,0,1
BRDA:30,0,1,1
BRF:2
BRH:2
end_of_record
TN:
SF:add-coment.spec.js
FN:19,(anonymous_0)
FN:20,(anonymous_1)
FN:24,(anonymous_2)
FN:53,(anonymous_3)
FN:54,(anonymous_4)
FN:60,(anonymous_5)
FN:63,(anonymous_6)
FN:75,(anonymous_7)
FN:87,(anonymous_8)
FN:89,(anonymous_9)
FN:92,(anonymous_10)
FN:94,(anonymous_11)
FN:98,(anonymous_12)
FN:106,(anonymous_13)
FNF:14
FNH:14
FNDA:1,(anonymous_0)
FNDA:1,(anonymous_1)
FNDA:3,(anonymous_2)
FNDA:1,(anonymous_3)
FNDA:2,(anonymous_4)
FNDA:2,(anonymous_5)
FNDA:1,(anonymous_6)
FNDA:1,(anonymous_7)
FNDA:1,(anonymous_8)
FNDA:1,(anonymous_9)
FNDA:1,(anonymous_10)
FNDA:1,(anonymous_11)
FNDA:1,(anonymous_12)
FNDA:3,(anonymous_13)
DA:1,1
DA:3,1
DA:5,1
DA:6,1
DA:7,1
DA:8,1
DA:9,1
DA:10,1
DA:11,1
DA:12,1
DA:13,1
DA:15,1
DA:17,1
DA:19,1
DA:20,1
DA:24,1
DA:25,3
DA:26,3
DA:28,3
DA:29,3
DA:30,3
DA:31,3
DA:32,3
DA:34,3
DA:35,3
DA:36,3
DA:37,3
DA:38,3
DA:39,3
DA:40,3
DA:41,3
DA:42,3
DA:43,3
DA:44,3
DA:46,3
DA:48,3
DA:50,3
DA:53,1
DA:54,1
DA:55,2
DA:57,2
DA:59,2
DA:60,2
DA:63,1
DA:64,1
DA:66,1
DA:68,1
DA:70,1
DA:71,1
DA:72,1
DA:75,1
DA:76,1
DA:78,1
DA:81,1
DA:82,1
DA:87,1
DA:89,1
DA:90,1
DA:91,1
DA:92,1
DA:94,1
DA:96,1
DA:99,1
DA:100,1
DA:106,3
DA:108,1
LF:66
LH:66
BRF:0
BRH:0
end_of_record
TN:
SF:add-message.js
FN:17,(anonymous_0)
FN:28,(anonymous_1)
FNF:2
FNH:2
FNDA:4,(anonymous_0)
FNDA:3,(anonymous_1)
DA:1,1
DA:2,1
DA:3,1
DA:17,1
DA:18,4
DA:19,4
DA:21,3
DA:23,3
DA:30,3
DA:32,2
DA:34,2
LF:11
LH:11
BRDA:30,0,0,1
BRDA:30,0,1,2
BRF:2
BRH:2
end_of_record
TN:
SF:add-message.spec.js
FN:18,(anonymous_0)
FN:19,(anonymous_1)
FN:23,(anonymous_2)
FN:73,(anonymous_3)
FN:74,(anonymous_4)
FN:80,(anonymous_5)
FN:83,(anonymous_6)
FN:96,(anonymous_7)
FN:107,(anonymous_8)
FN:111,(anonymous_9)
FN:119,(anonymous_10)
FN:121,(anonymous_11)
FN:124,(anonymous_12)
FN:126,(anonymous_13)
FN:130,(anonymous_14)
FN:138,(anonymous_15)
FNF:16
FNH:16
FNDA:1,(anonymous_0)
FNDA:1,(anonymous_1)
FNDA:4,(anonymous_2)
FNDA:1,(anonymous_3)
FNDA:3,(anonymous_4)
FNDA:3,(anonymous_5)
FNDA:1,(anonymous_6)
FNDA:1,(anonymous_7)
FNDA:1,(anonymous_8)
FNDA:1,(anonymous_9)
FNDA:1,(anonymous_10)
FNDA:1,(anonymous_11)
FNDA:1,(anonymous_12)
FNDA:1,(anonymous_13)
FNDA:1,(anonymous_14)
FNDA:4,(anonymous_15)
DA:1,1
DA:3,1
DA:5,1
DA:6,1
DA:7,1
DA:8,1
DA:9,1
DA:10,1
DA:11,1
DA:12,1
DA:14,1
DA:16,1
DA:18,1
DA:19,1
DA:23,1
DA:24,4
DA:25,4
DA:26,4
DA:28,4
DA:29,4
DA:30,4
DA:31,4
DA:32,4
DA:34,4
DA:35,4
DA:36,4
DA:37,4
DA:38,4
DA:39,4
DA:40,4
DA:41,4
DA:42,4
DA:43,4
DA:44,4
DA:46,4
DA:48,4
DA:50,4
DA:56,4
DA:58,4
DA:60,4
DA:68,4
DA:70,4
DA:73,1
DA:74,1
DA:75,3
DA:77,3
DA:79,3
DA:80,3
DA:83,1
DA:85,1
DA:87,1
DA:89,1
DA:91,1
DA:92,1
DA:93,1
DA:96,1
DA:97,1
DA:99,1
DA:102,1
DA:103,1
DA:107,1
DA:109,1
DA:112,1
DA:113,1
DA:119,1
DA:121,1
DA:122,1
DA:123,1
DA:124,1
DA:126,1
DA:128,1
DA:131,1
DA:132,1
DA:138,4
DA:140,1
LF:75
LH:75
BRF:0
BRH:0
end_of_record
TN:
SF:add-rate.js
FN:17,(anonymous_0)
FN:28,(anonymous_1)
FNF:2
FNH:2
FNDA:3,(anonymous_0)
FNDA:2,(anonymous_1)
DA:1,1
DA:2,1
DA:3,1
DA:17,1
DA:18,3
DA:19,3
DA:21,2
DA:23,2
DA:30,2
DA:32,1
DA:34,1
LF:11
LH:11
BRDA:30,0,0,1
BRDA:30,0,1,1
BRF:2
BRH:2
end_of_record
TN:
SF:add-rate.spec.js
FN:18,(anonymous_0)
FN:19,(anonymous_1)
FN:23,(anonymous_2)
FN:53,(anonymous_3)
FN:54,(anonymous_4)
FN:60,(anonymous_5)
FN:63,(anonymous_6)
FN:76,(anonymous_7)
FN:88,(anonymous_8)
FN:90,(anonymous_9)
FN:93,(anonymous_10)
FN:95,(anonymous_11)
FN:99,(anonymous_12)
FN:107,(anonymous_13)
FNF:14
FNH:14
FNDA:1,(anonymous_0)
FNDA:1,(anonymous_1)
FNDA:3,(anonymous_2)
FNDA:1,(anonymous_3)
FNDA:2,(anonymous_4)
FNDA:2,(anonymous_5)
FNDA:1,(anonymous_6)
FNDA:1,(anonymous_7)
FNDA:1,(anonymous_8)
FNDA:1,(anonymous_9)
FNDA:1,(anonymous_10)
FNDA:1,(anonymous_11)
FNDA:1,(anonymous_12)
FNDA:3,(anonymous_13)
DA:1,1
DA:3,1
DA:5,1
DA:6,1
DA:7,1
DA:8,1
DA:9,1
DA:10,1
DA:11,1
DA:12,1
DA:14,1
DA:16,1
DA:18,1
DA:19,1
DA:23,1
DA:25,3
DA:26,3
DA:28,3
DA:29,3
DA:30,3
DA:31,3
DA:32,3
DA:34,3
DA:35,3
DA:36,3
DA:37,3
DA:38,3
DA:39,3
DA:40,3
DA:41,3
DA:42,3
DA:43,3
DA:44,3
DA:46,3
DA:48,3
DA:50,3
DA:53,1
DA:54,1
DA:55,2
DA:57,2
DA:59,2
DA:60,2
DA:63,1
DA:64,1
DA:66,1
DA:68,1
DA:70,1
DA:71,1
DA:72,1
DA:73,1
DA:76,1
DA:77,1
DA:79,1
DA:82,1
DA:83,1
DA:88,1
DA:90,1
DA:91,1
DA:92,1
DA:93,1
DA:95,1
DA:97,1
DA:100,1
DA:101,1
DA:107,3
DA:109,1
LF:66
LH:66
BRF:0
BRH:0
end_of_record
TN:
SF:authenticate.js
FN:16,(anonymous_0)
FN:24,(anonymous_1)
FNF:2
FNH:2
FNDA:6,(anonymous_0)
FNDA:4,(anonymous_1)
DA:1,1
DA:2,1
DA:3,1
DA:16,1
DA:17,6
DA:19,4
DA:21,4
DA:25,4
DA:27,2
DA:29,2
DA:32,2
DA:33,2
LF:12
LH:12
BRDA:25,0,0,2
BRDA:25,0,1,2
BRF:2
BRH:2
end_of_record
TN:
SF:authenticate.spec.js
FN:16,(anonymous_0)
FN:17,(anonymous_1)
FN:21,(anonymous_2)
FN:38,(anonymous_3)
FN:40,(anonymous_4)
FN:46,(anonymous_5)
FN:48,(anonymous_6)
FN:54,(anonymous_7)
FN:63,(anonymous_8)
FN:67,(anonymous_9)
FN:89,(anonymous_10)
FN:91,(anonymous_11)
FN:97,(anonymous_12)
FN:99,(anonymous_13)
FN:105,(anonymous_14)
FN:116,(anonymous_15)
FNF:16
FNH:16
FNDA:1,(anonymous_0)
FNDA:1,(anonymous_1)
FNDA:6,(anonymous_2)
FNDA:1,(anonymous_3)
FNDA:1,(anonymous_4)
FNDA:1,(anonymous_5)
FNDA:1,(anonymous_6)
FNDA:1,(anonymous_7)
FNDA:1,(anonymous_8)
FNDA:3,(anonymous_9)
FNDA:1,(anonymous_10)
FNDA:1,(anonymous_11)
FNDA:1,(anonymous_12)
FNDA:1,(anonymous_13)
FNDA:1,(anonymous_14)
FNDA:6,(anonymous_15)
DA:1,1
DA:3,1
DA:5,1
DA:6,1
DA:7,1
DA:8,1
DA:9,1
DA:10,1
DA:11,1
DA:12,1
DA:14,1
DA:16,1
DA:17,1
DA:21,1
DA:22,6
DA:23,6
DA:25,6
DA:26,6
DA:27,6
DA:28,6
DA:29,6
DA:31,6
DA:33,6
DA:35,6
DA:38,1
DA:39,1
DA:41,1
DA:42,1
DA:46,1
DA:47,1
DA:49,1
DA:50,1
DA:54,1
DA:55,1
DA:56,1
DA:58,1
DA:59,1
DA:63,1
DA:67,1
DA:68,3
DA:69,3
DA:71,3
DA:72,3
DA:73,3
DA:74,3
DA:75,3
DA:76,3
DA:77,3
DA:78,3
DA:79,3
DA:80,3
DA:82,3
DA:84,3
DA:86,3
DA:89,1
DA:90,1
DA:92,1
DA:93,1
DA:97,1
DA:98,1
DA:100,1
DA:101,1
DA:105,1
DA:106,1
DA:107,1
DA:109,1
DA:110,1
DA:116,6
DA:118,1
LF:69
LH:69
BRF:0
BRH:0
end_of_record
TN:
SF:context.js
FNF:0
FNH:0
DA:1,1
LF:1
LH:1
BRF:0
BRH:0
end_of_record
TN:
SF:creat-chat.js
FN:15,(anonymous_0)
FN:25,(anonymous_1)
FNF:2
FNH:2
FNDA:2,(anonymous_0)
FNDA:2,(anonymous_1)
DA:1,1
DA:2,1
DA:3,1
DA:15,1
DA:16,2
DA:18,2
DA:20,2
DA:28,2
DA:29,1
DA:31,1
DA:35,1
DA:37,1
LF:12
LH:12
BRDA:28,0,0,1
BRDA:28,0,1,1
BRF:2
BRH:2
end_of_record
TN:
SF:creat-chat.spec.js
FN:17,(anonymous_0)
FN:18,(anonymous_1)
FN:22,(anonymous_2)
FN:51,(anonymous_3)
FN:52,(anonymous_4)
FN:58,(anonymous_5)
FN:61,(anonymous_6)
FN:96,(anonymous_7)
FN:98,(anonymous_8)
FN:101,(anonymous_9)
FN:104,(anonymous_10)
FN:118,(anonymous_11)
FNF:12
FNH:12
FNDA:1,(anonymous_0)
FNDA:1,(anonymous_1)
FNDA:2,(anonymous_2)
FNDA:1,(anonymous_3)
FNDA:1,(anonymous_4)
FNDA:1,(anonymous_5)
FNDA:1,(anonymous_6)
FNDA:1,(anonymous_7)
FNDA:1,(anonymous_8)
FNDA:1,(anonymous_9)
FNDA:1,(anonymous_10)
FNDA:2,(anonymous_11)
DA:1,1
DA:3,1
DA:5,1
DA:6,1
DA:7,1
DA:8,1
DA:9,1
DA:10,1
DA:11,1
DA:12,1
DA:13,1
DA:15,1
DA:17,1
DA:18,1
DA:22,1
DA:23,2
DA:24,2
DA:25,2
DA:27,2
DA:28,2
DA:29,2
DA:30,2
DA:31,2
DA:33,2
DA:34,2
DA:35,2
DA:36,2
DA:37,2
DA:38,2
DA:39,2
DA:40,2
DA:41,2
DA:42,2
DA:44,2
DA:46,2
DA:48,2
DA:51,1
DA:52,1
DA:53,1
DA:55,1
DA:57,1
DA:58,1
DA:61,1
DA:62,1
DA:64,1
DA:66,1
DA:68,1
DA:70,1
DA:72,1
DA:73,1
DA:75,1
DA:79,1
DA:81,1
DA:85,1
DA:86,1
DA:87,1
DA:88,1
DA:96,1
DA:98,1
DA:99,1
DA:100,1
DA:101,1
DA:104,1
DA:105,1
DA:107,1
DA:108,0
DA:110,1
DA:111,1
DA:118,2
DA:120,1
LF:70
LH:69
BRF:0
BRH:0
end_of_record
TN:
SF:register-user.js
FN:21,(anonymous_0)
FN:33,(anonymous_1)
FNF:2
FNH:2
FNDA:3,(anonymous_0)
FNDA:2,(anonymous_1)
DA:1,1
DA:3,1
DA:4,1
DA:21,1
DA:22,3
DA:23,2
DA:24,2
DA:25,2
DA:26,2
DA:28,2
DA:35,2
DA:37,1
DA:39,1
LF:13
LH:13
BRDA:35,0,0,1
BRDA:35,0,1,1
BRF:2
BRH:2
end_of_record
TN:
SF:register-user.spec.js
FN:16,(anonymous_0)
FN:17,(anonymous_1)
FN:21,(anonymous_2)
FN:31,(anonymous_3)
FN:52,(anonymous_4)
FN:65,(anonymous_5)
FN:66,(anonymous_6)
FN:68,(anonymous_7)
FN:82,(anonymous_8)
FNF:9
FNH:9
FNDA:1,(anonymous_0)
FNDA:1,(anonymous_1)
FNDA:3,(anonymous_2)
FNDA:1,(anonymous_3)
FNDA:1,(anonymous_4)
FNDA:1,(anonymous_5)
FNDA:1,(anonymous_6)
FNDA:1,(anonymous_7)
FNDA:3,(anonymous_8)
DA:1,1
DA:3,1
DA:5,1
DA:6,1
DA:7,1
DA:8,1
DA:9,1
DA:10,1
DA:11,1
DA:12,1
DA:14,1
DA:16,1
DA:17,1
DA:21,1
DA:22,3
DA:24,3
DA:25,3
DA:26,3
DA:27,3
DA:28,3
DA:31,1
DA:32,1
DA:34,1
DA:36,1
DA:38,1
DA:40,1
DA:42,1
DA:43,1
DA:44,1
DA:45,1
DA:47,1
DA:49,1
DA:52,1
DA:53,1
DA:55,1
DA:56,0
DA:58,1
DA:59,1
DA:65,1
DA:66,1
DA:68,1
DA:69,1
DA:70,1
DA:72,0
DA:74,1
DA:76,1
DA:77,1
DA:82,3
DA:84,1
LF:49
LH:47
BRF:0
BRH:0
end_of_record
TN:
SF:register-worker.js
FN:29,(anonymous_0)
FN:57,(anonymous_1)
FNF:2
FNH:2
FNDA:3,(anonymous_0)
FNDA:2,(anonymous_1)
DA:1,1
DA:2,1
DA:3,1
DA:5,1
DA:6,1
DA:29,1
DA:30,3
DA:31,2
DA:32,2
DA:33,2
DA:34,2
DA:35,2
DA:36,2
DA:37,2
DA:38,2
DA:39,2
DA:42,2
DA:59,2
DA:61,1
DA:63,1
LF:20
LH:20
BRDA:59,0,0,1
BRDA:59,0,1,1
BRF:2
BRH:2
end_of_record
TN:
SF:register-worker.spec.js
FN:16,(anonymous_0)
FN:17,(anonymous_1)
FN:21,(anonymous_2)
FN:37,(anonymous_3)
FN:63,(anonymous_4)
FN:76,(anonymous_5)
FN:77,(anonymous_6)
FN:79,(anonymous_7)
FN:93,(anonymous_8)
FNF:9
FNH:9
FNDA:1,(anonymous_0)
FNDA:1,(anonymous_1)
FNDA:3,(anonymous_2)
FNDA:1,(anonymous_3)
FNDA:1,(anonymous_4)
FNDA:1,(anonymous_5)
FNDA:1,(anonymous_6)
FNDA:1,(anonymous_7)
FNDA:3,(anonymous_8)
DA:1,1
DA:3,1
DA:5,1
DA:6,1
DA:7,1
DA:8,1
DA:9,1
DA:10,1
DA:11,1
DA:12,1
DA:14,1
DA:16,1
DA:17,1
DA:21,1
DA:22,3
DA:24,3
DA:25,3
DA:26,3
DA:27,3
DA:28,3
DA:29,3
DA:30,3
DA:31,3
DA:32,3
DA:33,3
DA:34,3
DA:37,1
DA:38,1
DA:40,1
DA:42,1
DA:44,1
DA:46,1
DA:48,1
DA:49,1
DA:50,1
DA:51,1
DA:52,1
DA:53,1
DA:54,1
DA:55,1
DA:56,1
DA:58,1
DA:60,1
DA:63,1
DA:64,1
DA:66,1
DA:67,0
DA:69,1
DA:70,1
DA:76,1
DA:77,1
DA:79,1
DA:80,1
DA:81,1
DA:83,0
DA:85,1
DA:87,1
DA:88,1
DA:93,3
DA:95,1
LF:60
LH:58
BRF:0
BRH:0
end_of_record
TN:
SF:retrive-chat.js
FN:15,(anonymous_0)
FN:21,(anonymous_1)
FNF:2
FNH:2
FNDA:3,(anonymous_0)
FNDA:3,(anonymous_1)
DA:1,1
DA:2,1
DA:3,1
DA:15,1
DA:16,3
DA:18,3
DA:22,3
DA:24,1
DA:28,2
DA:29,2
LF:10
LH:10
BRDA:22,0,0,1
BRDA:22,0,1,2
BRF:2
BRH:2
end_of_record
TN:
SF:retrive-chat.spec.js
FN:19,(anonymous_0)
FN:20,(anonymous_1)
FN:24,(anonymous_2)
FN:40,(anonymous_3)
FN:83,(anonymous_4)
FN:95,(anonymous_5)
FN:104,(anonymous_6)
FN:108,(anonymous_7)
FN:134,(anonymous_8)
FNF:9
FNH:9
FNDA:1,(anonymous_0)
FNDA:1,(anonymous_1)
FNDA:3,(anonymous_2)
FNDA:3,(anonymous_3)
FNDA:1,(anonymous_4)
FNDA:1,(anonymous_5)
FNDA:1,(anonymous_6)
FNDA:1,(anonymous_7)
FNDA:3,(anonymous_8)
DA:1,1
DA:3,1
DA:5,1
DA:6,1
DA:7,1
DA:8,1
DA:9,1
DA:10,1
DA:11,1
DA:12,1
DA:13,1
DA:15,1
DA:17,1
DA:19,1
DA:20,1
DA:24,1
DA:25,3
DA:26,3
DA:27,3
DA:29,3
DA:30,3
DA:31,3
DA:32,3
DA:33,3
DA:35,3
DA:37,3
DA:39,3
DA:40,3
DA:42,3
DA:44,3
DA:45,3
DA:46,3
DA:47,3
DA:48,3
DA:49,3
DA:50,3
DA:51,3
DA:52,3
DA:53,3
DA:55,3
DA:57,3
DA:59,3
DA:61,3
DA:67,3
DA:69,3
DA:77,3
DA:79,3
DA:83,1
DA:84,1
DA:86,1
DA:88,1
DA:89,1
DA:90,1
DA:91,1
DA:92,1
DA:95,1
DA:96,1
DA:97,1
DA:99,1
DA:100,1
DA:104,1
DA:106,1
DA:109,1
DA:110,1
DA:134,3
DA:136,1
LF:66
LH:66
BRF:0
BRH:0
end_of_record
TN:
SF:retrive-chats.js
FN:13,(anonymous_0)
FN:19,(anonymous_1)
FNF:2
FNH:2
FNDA:2,(anonymous_0)
FNDA:2,(anonymous_1)
DA:1,1
DA:2,1
DA:3,1
DA:13,1
DA:14,2
DA:16,2
DA:20,2
DA:22,1
DA:26,1
DA:27,1
LF:10
LH:10
BRDA:20,0,0,1
BRDA:20,0,1,1
BRF:2
BRH:2
end_of_record
TN:
SF:retrive-chats.spec.js
FN:19,(anonymous_0)
FN:20,(anonymous_1)
FN:24,(anonymous_2)
FN:40,(anonymous_3)
FN:83,(anonymous_4)
FN:96,(anonymous_5)
FN:98,(anonymous_6)
FN:101,(anonymous_7)
FN:103,(anonymous_8)
FN:107,(anonymous_9)
FN:115,(anonymous_10)
FNF:11
FNH:11
FNDA:1,(anonymous_0)
FNDA:1,(anonymous_1)
FNDA:2,(anonymous_2)
FNDA:2,(anonymous_3)
FNDA:1,(anonymous_4)
FNDA:1,(anonymous_5)
FNDA:1,(anonymous_6)
FNDA:1,(anonymous_7)
FNDA:1,(anonymous_8)
FNDA:1,(anonymous_9)
FNDA:2,(anonymous_10)
DA:1,1
DA:3,1
DA:5,1
DA:6,1
DA:7,1
DA:8,1
DA:9,1
DA:10,1
DA:11,1
DA:12,1
DA:13,1
DA:15,1
DA:17,1
DA:19,1
DA:20,1
DA:24,1
DA:25,2
DA:26,2
DA:27,2
DA:29,2
DA:30,2
DA:31,2
DA:32,2
DA:33,2
DA:35,2
DA:37,2
DA:39,2
DA:40,2
DA:42,2
DA:44,2
DA:45,2
DA:46,2
DA:47,2
DA:48,2
DA:49,2
DA:50,2
DA:51,2
DA:52,2
DA:53,2
DA:55,2
DA:57,2
DA:59,2
DA:61,2
DA:67,2
DA:69,2
DA:77,2
DA:79,2
DA:83,1
DA:84,1
DA:86,1
DA:91,1
DA:92,1
DA:93,1
DA:96,1
DA:98,1
DA:99,1
DA:100,1
DA:101,1
DA:103,1
DA:105,1
DA:108,1
DA:109,1
DA:115,2
DA:117,1
LF:64
LH:64
BRF:0
BRH:0
end_of_record
TN:
SF:retrive-user.js
FN:15,(anonymous_0)
FN:24,(anonymous_1)
FNF:2
FNH:2
FNDA:2,(anonymous_0)
FNDA:2,(anonymous_1)
DA:1,1
DA:2,1
DA:3,1
DA:15,1
DA:16,2
DA:17,2
DA:19,2
DA:21,2
DA:25,2
DA:27,1
DA:31,1
DA:32,1
LF:12
LH:12
BRDA:16,0,0,2
BRDA:16,0,1,0
BRDA:25,1,0,1
BRDA:25,1,1,1
BRF:4
BRH:3
end_of_record
TN:
SF:retrive-user.spec.js
FN:19,(anonymous_0)
FN:20,(anonymous_1)
FN:24,(anonymous_2)
FN:35,(anonymous_3)
FN:36,(anonymous_4)
FN:40,(anonymous_5)
FN:43,(anonymous_6)
FN:53,(anonymous_7)
FN:55,(anonymous_8)
FN:58,(anonymous_9)
FN:60,(anonymous_10)
FN:62,(anonymous_11)
FN:71,(anonymous_12)
FNF:13
FNH:13
FNDA:1,(anonymous_0)
FNDA:1,(anonymous_1)
FNDA:2,(anonymous_2)
FNDA:1,(anonymous_3)
FNDA:1,(anonymous_4)
FNDA:1,(anonymous_5)
FNDA:1,(anonymous_6)
FNDA:1,(anonymous_7)
FNDA:1,(anonymous_8)
FNDA:1,(anonymous_9)
FNDA:1,(anonymous_10)
FNDA:1,(anonymous_11)
FNDA:2,(anonymous_12)
DA:1,1
DA:3,1
DA:5,1
DA:6,1
DA:7,1
DA:8,1
DA:9,1
DA:10,1
DA:11,1
DA:12,1
DA:13,1
DA:15,1
DA:17,1
DA:19,1
DA:20,1
DA:24,1
DA:25,2
DA:27,2
DA:28,2
DA:29,2
DA:30,2
DA:31,2
DA:35,1
DA:36,1
DA:37,1
DA:39,1
DA:40,1
DA:43,1
DA:44,1
DA:45,1
DA:46,1
DA:47,1
DA:48,1
DA:49,1
DA:53,1
DA:55,1
DA:56,1
DA:57,1
DA:58,1
DA:60,1
DA:61,1
DA:63,1
DA:64,1
DA:71,2
DA:73,1
LF:45
LH:45
BRF:0
BRH:0
end_of_record
TN:
SF:search-worker.js
FN:17,(anonymous_0)
FN:24,(anonymous_1)
FNF:2
FNH:2
FNDA:3,(anonymous_0)
FNDA:2,(anonymous_1)
DA:1,1
DA:2,1
DA:3,1
DA:17,1
DA:19,3
DA:21,2
DA:25,2
DA:27,2
DA:31,0
DA:32,0
LF:10
LH:8
BRDA:25,0,0,2
BRDA:25,0,1,0
BRF:2
BRH:1
end_of_record
TN:
SF:search-worker.spec.js
FN:15,(anonymous_0)
FN:16,(anonymous_1)
FN:20,(anonymous_2)
FN:39,(anonymous_3)
FN:48,(anonymous_4)
FN:57,(anonymous_5)
FN:77,(anonymous_6)
FNF:7
FNH:7
FNDA:1,(anonymous_0)
FNDA:1,(anonymous_1)
FNDA:3,(anonymous_2)
FNDA:1,(anonymous_3)
FNDA:1,(anonymous_4)
FNDA:1,(anonymous_5)
FNDA:3,(anonymous_6)
DA:1,1
DA:3,1
DA:5,1
DA:6,1
DA:7,1
DA:8,1
DA:9,1
DA:10,1
DA:11,1
DA:13,1
DA:15,1
DA:16,1
DA:20,1
DA:21,3
DA:22,3
DA:23,3
DA:24,3
DA:25,3
DA:26,3
DA:27,3
DA:28,3
DA:29,3
DA:30,3
DA:32,3
DA:34,3
DA:36,3
DA:39,1
DA:40,1
DA:42,1
DA:44,1
DA:45,1
DA:48,1
DA:49,1
DA:51,1
DA:53,1
DA:54,1
DA:57,1
DA:58,1
DA:59,1
DA:61,1
DA:62,1
DA:77,3
DA:79,1
LF:43
LH:43
BRF:0
BRH:0
end_of_record
TN:
SF:update-user.js
FN:20,(anonymous_0)
FN:34,(anonymous_1)
FNF:2
FNH:2
FNDA:4,(anonymous_0)
FNDA:4,(anonymous_1)
DA:1,1
DA:3,1
DA:4,1
DA:20,1
DA:21,4
DA:22,4
DA:23,4
DA:24,4
DA:25,4
DA:27,4
DA:29,4
DA:36,4
DA:38,2
DA:40,2
LF:14
LH:14
BRDA:36,0,0,2
BRDA:36,0,1,2
BRF:2
BRH:2
end_of_record
TN:
SF:update-user.spec.js
FN:19,(anonymous_0)
FN:20,(anonymous_1)
FN:24,(anonymous_2)
FN:39,(anonymous_3)
FN:40,(anonymous_4)
FN:44,(anonymous_5)
FN:47,(anonymous_6)
FN:62,(anonymous_7)
FN:64,(anonymous_8)
FN:67,(anonymous_9)
FN:69,(anonymous_10)
FN:71,(anonymous_11)
FN:80,(anonymous_12)
FNF:13
FNH:13
FNDA:1,(anonymous_0)
FNDA:1,(anonymous_1)
FNDA:2,(anonymous_2)
FNDA:1,(anonymous_3)
FNDA:1,(anonymous_4)
FNDA:1,(anonymous_5)
FNDA:1,(anonymous_6)
FNDA:1,(anonymous_7)
FNDA:1,(anonymous_8)
FNDA:1,(anonymous_9)
FNDA:1,(anonymous_10)
FNDA:1,(anonymous_11)
FNDA:2,(anonymous_12)
DA:1,1
DA:3,1
DA:5,1
DA:6,1
DA:7,1
DA:8,1
DA:9,1
DA:10,1
DA:11,1
DA:12,1
DA:13,1
DA:15,1
DA:17,1
DA:19,1
DA:20,1
DA:24,1
DA:25,2
DA:27,2
DA:28,2
DA:29,2
DA:30,2
DA:31,2
DA:34,2
DA:35,2
DA:39,1
DA:40,1
DA:41,1
DA:43,1
DA:44,1
DA:47,1
DA:48,1
DA:50,1
DA:52,1
DA:54,1
DA:55,1
DA:56,1
DA:57,1
DA:58,1
DA:62,1
DA:64,1
DA:65,1
DA:66,1
DA:67,1
DA:69,1
DA:70,1
DA:72,1
DA:73,1
DA:80,2
DA:82,1
LF:49
LH:49
BRF:0
BRH:0
end_of_record
TN:
SF:update-worker.spec.js
FN:19,(anonymous_0)
FN:20,(anonymous_1)
FN:24,(anonymous_2)
FN:45,(anonymous_3)
FN:46,(anonymous_4)
FN:50,(anonymous_5)
FN:53,(anonymous_6)
FN:73,(anonymous_7)
FN:75,(anonymous_8)
FN:78,(anonymous_9)
FN:80,(anonymous_10)
FN:82,(anonymous_11)
FN:91,(anonymous_12)
FNF:13
FNH:13
FNDA:1,(anonymous_0)
FNDA:1,(anonymous_1)
FNDA:2,(anonymous_2)
FNDA:1,(anonymous_3)
FNDA:1,(anonymous_4)
FNDA:1,(anonymous_5)
FNDA:1,(anonymous_6)
FNDA:1,(anonymous_7)
FNDA:1,(anonymous_8)
FNDA:1,(anonymous_9)
FNDA:1,(anonymous_10)
FNDA:1,(anonymous_11)
FNDA:2,(anonymous_12)
DA:1,1
DA:3,1
DA:5,1
DA:6,1
DA:7,1
DA:8,1
DA:9,1
DA:10,1
DA:11,1
DA:12,1
DA:13,1
DA:15,1
DA:17,1
DA:19,1
DA:20,1
DA:24,1
DA:25,2
DA:27,2
DA:28,2
DA:29,2
DA:30,2
DA:31,2
DA:32,2
DA:33,2
DA:34,2
DA:35,2
DA:36,2
DA:37,2
DA:40,2
DA:41,2
DA:45,1
DA:46,1
DA:47,1
DA:49,1
DA:50,1
DA:53,1
DA:54,1
DA:56,1
DA:58,1
DA:60,1
DA:61,1
DA:62,1
DA:63,1
DA:64,1
DA:65,1
DA:66,1
DA:67,1
DA:68,1
DA:69,1
DA:73,1
DA:75,1
DA:76,1
DA:77,1
DA:78,1
DA:80,1
DA:81,1
DA:83,1
DA:84,1
DA:91,2
DA:93,1
LF:60
LH:60
BRF:0
BRH:0
end_of_record
