TN:
SF:add-comment.js
FN:19,(anonymous_0)
FN:25,(anonymous_1)
FNF:2
FNH:2
FNDA:3,(anonymous_0)
FNDA:2,(anonymous_1)
DA:1,1
DA:2,1
DA:3,1
DA:4,1
DA:5,1
DA:19,1
DA:21,3
DA:22,3
DA:23,3
DA:25,2
DA:29,2
DA:31,2
DA:33,2
DA:35,1
DA:37,1
DA:39,1
DA:47,1
LF:17
LH:17
BRDA:31,0,0,1
BRDA:31,0,1,1
BRDA:33,1,0,1
BRDA:33,1,1,1
BRDA:37,2,0,0
BRDA:37,2,1,1
BRF:6
BRH:5
end_of_record
TN:
SF:add-comment.spec.js
FN:14,(anonymous_0)
FN:15,(anonymous_1)
FN:19,(anonymous_2)
FN:48,(anonymous_3)
FN:49,(anonymous_4)
FN:56,(anonymous_5)
FN:68,(anonymous_6)
FN:80,(anonymous_7)
FN:82,(anonymous_8)
FN:85,(anonymous_9)
FN:89,(anonymous_10)
FN:97,(anonymous_11)
FNF:12
FNH:12
FNDA:1,(anonymous_0)
FNDA:1,(anonymous_1)
FNDA:3,(anonymous_2)
FNDA:1,(anonymous_3)
FNDA:2,(anonymous_4)
FNDA:1,(anonymous_5)
FNDA:1,(anonymous_6)
FNDA:1,(anonymous_7)
FNDA:1,(anonymous_8)
FNDA:1,(anonymous_9)
FNDA:1,(anonymous_10)
FNDA:3,(anonymous_11)
DA:1,1
DA:3,1
DA:5,1
DA:6,1
DA:7,1
DA:8,1
DA:9,1
DA:10,1
DA:11,1
DA:12,1
DA:14,1
DA:15,1
DA:19,1
DA:20,3
DA:21,3
DA:23,3
DA:24,3
DA:25,3
DA:26,3
DA:27,3
DA:29,3
DA:30,3
DA:31,3
DA:32,3
DA:33,3
DA:34,3
DA:35,3
DA:36,3
DA:37,3
DA:38,3
DA:39,3
DA:41,3
DA:43,3
DA:45,3
DA:48,1
DA:49,1
DA:50,2
DA:52,2
DA:56,1
DA:57,1
DA:59,1
DA:61,1
DA:63,1
DA:64,1
DA:65,1
DA:68,1
DA:69,1
DA:71,1
DA:74,1
DA:75,1
DA:80,1
DA:82,1
DA:83,1
DA:85,1
DA:87,1
DA:90,1
DA:91,1
DA:97,3
DA:99,1
LF:59
LH:59
BRF:0
BRH:0
end_of_record
TN:
SF:add-message.js
FN:18,(anonymous_0)
FN:24,(anonymous_1)
FNF:2
FNH:2
FNDA:4,(anonymous_0)
FNDA:3,(anonymous_1)
DA:1,1
DA:2,1
DA:3,1
DA:4,1
DA:18,1
DA:20,4
DA:21,4
DA:22,4
DA:24,3
DA:30,3
DA:32,3
DA:33,1
DA:35,1
DA:38,2
DA:40,2
DA:42,1
DA:50,1
LF:17
LH:17
BRDA:32,0,0,1
BRDA:32,0,1,2
BRDA:35,1,0,1
BRDA:35,1,1,0
BRDA:40,2,0,1
BRDA:40,2,1,1
BRF:6
BRH:5
end_of_record
TN:
SF:add-message.spec.js
FN:13,(anonymous_0)
FN:14,(anonymous_1)
FN:18,(anonymous_2)
FN:68,(anonymous_3)
FN:69,(anonymous_4)
FN:75,(anonymous_5)
FN:88,(anonymous_6)
FN:99,(anonymous_7)
FN:103,(anonymous_8)
FN:111,(anonymous_9)
FN:113,(anonymous_10)
FN:116,(anonymous_11)
FN:120,(anonymous_12)
FN:128,(anonymous_13)
FNF:14
FNH:14
FNDA:1,(anonymous_0)
FNDA:1,(anonymous_1)
FNDA:4,(anonymous_2)
FNDA:1,(anonymous_3)
FNDA:3,(anonymous_4)
FNDA:1,(anonymous_5)
FNDA:1,(anonymous_6)
FNDA:1,(anonymous_7)
FNDA:1,(anonymous_8)
FNDA:1,(anonymous_9)
FNDA:1,(anonymous_10)
FNDA:1,(anonymous_11)
FNDA:1,(anonymous_12)
FNDA:4,(anonymous_13)
DA:1,1
DA:3,1
DA:5,1
DA:6,1
DA:7,1
DA:8,1
DA:9,1
DA:10,1
DA:11,1
DA:13,1
DA:14,1
DA:18,1
DA:19,4
DA:20,4
DA:21,4
DA:23,4
DA:24,4
DA:25,4
DA:26,4
DA:27,4
DA:29,4
DA:30,4
DA:31,4
DA:32,4
DA:33,4
DA:34,4
DA:35,4
DA:36,4
DA:37,4
DA:38,4
DA:39,4
DA:41,4
DA:43,4
DA:45,4
DA:51,4
DA:53,4
DA:55,4
DA:63,4
DA:65,4
DA:68,1
DA:69,1
DA:70,3
DA:72,3
DA:75,1
DA:77,1
DA:79,1
DA:81,1
DA:83,1
DA:84,1
DA:85,1
DA:88,1
DA:89,1
DA:91,1
DA:94,1
DA:95,1
DA:99,1
DA:101,1
DA:104,1
DA:105,1
DA:111,1
DA:113,1
DA:114,1
DA:116,1
DA:118,1
DA:121,1
DA:122,1
DA:128,4
DA:130,1
LF:68
LH:68
BRF:0
BRH:0
end_of_record
TN:
SF:add-rating.js
FN:17,(anonymous_0)
FN:23,(anonymous_1)
FNF:2
FNH:2
FNDA:3,(anonymous_0)
FNDA:2,(anonymous_1)
DA:1,1
DA:2,1
DA:3,1
DA:4,1
DA:17,1
DA:19,3
DA:20,3
DA:21,3
DA:23,2
DA:24,2
DA:26,2
DA:28,1
DA:30,1
DA:32,0
DA:33,0
DA:35,0
DA:36,0
DA:40,0
DA:44,1
DA:50,1
LF:20
LH:15
BRDA:26,0,0,1
BRDA:26,0,1,1
BRDA:30,1,0,0
BRDA:30,1,1,1
BRDA:33,2,0,0
BRDA:33,2,1,0
BRF:6
BRH:3
end_of_record
TN:
SF:add-rating.spec.js
FN:13,(anonymous_0)
FN:14,(anonymous_1)
FN:18,(anonymous_2)
FN:48,(anonymous_3)
FN:49,(anonymous_4)
FN:55,(anonymous_5)
FN:68,(anonymous_6)
FN:80,(anonymous_7)
FN:82,(anonymous_8)
FN:85,(anonymous_9)
FN:89,(anonymous_10)
FN:97,(anonymous_11)
FNF:12
FNH:12
FNDA:1,(anonymous_0)
FNDA:1,(anonymous_1)
FNDA:3,(anonymous_2)
FNDA:1,(anonymous_3)
FNDA:2,(anonymous_4)
FNDA:1,(anonymous_5)
FNDA:1,(anonymous_6)
FNDA:1,(anonymous_7)
FNDA:1,(anonymous_8)
FNDA:1,(anonymous_9)
FNDA:1,(anonymous_10)
FNDA:3,(anonymous_11)
DA:1,1
DA:3,1
DA:5,1
DA:6,1
DA:7,1
DA:8,1
DA:9,1
DA:10,1
DA:11,1
DA:13,1
DA:14,1
DA:18,1
DA:20,3
DA:21,3
DA:23,3
DA:24,3
DA:25,3
DA:26,3
DA:27,3
DA:29,3
DA:30,3
DA:31,3
DA:32,3
DA:33,3
DA:34,3
DA:35,3
DA:36,3
DA:37,3
DA:38,3
DA:39,3
DA:41,3
DA:43,3
DA:45,3
DA:48,1
DA:49,1
DA:50,2
DA:52,2
DA:55,1
DA:56,1
DA:58,1
DA:60,1
DA:62,1
DA:63,1
DA:64,1
DA:65,1
DA:68,1
DA:69,1
DA:71,1
DA:74,1
DA:75,1
DA:80,1
DA:82,1
DA:83,1
DA:85,1
DA:87,1
DA:90,1
DA:91,1
DA:97,3
DA:99,1
LF:59
LH:59
BRF:0
BRH:0
end_of_record
TN:
SF:authenticate.js
FN:18,(anonymous_0)
FN:24,(anonymous_1)
FNF:2
FNH:2
FNDA:6,(anonymous_0)
FNDA:4,(anonymous_1)
DA:1,1
DA:2,1
DA:3,1
DA:4,1
DA:5,1
DA:18,1
DA:19,6
DA:20,6
DA:21,4
DA:22,4
DA:24,4
DA:25,4
DA:26,4
DA:27,2
DA:30,4
DA:32,4
DA:34,4
DA:36,2
LF:18
LH:18
BRDA:26,0,0,2
BRDA:26,0,1,2
BRDA:30,1,0,0
BRDA:30,1,1,4
BRDA:34,2,0,2
BRDA:34,2,1,2
BRF:6
BRH:5
end_of_record
TN:
SF:authenticate.spec.js
FN:12,(anonymous_0)
FN:13,(anonymous_1)
FN:17,(anonymous_2)
FN:34,(anonymous_3)
FN:36,(anonymous_4)
FN:42,(anonymous_5)
FN:44,(anonymous_6)
FN:50,(anonymous_7)
FN:59,(anonymous_8)
FN:63,(anonymous_9)
FN:85,(anonymous_10)
FN:87,(anonymous_11)
FN:93,(anonymous_12)
FN:95,(anonymous_13)
FN:101,(anonymous_14)
FN:112,(anonymous_15)
FNF:16
FNH:16
FNDA:1,(anonymous_0)
FNDA:1,(anonymous_1)
FNDA:6,(anonymous_2)
FNDA:1,(anonymous_3)
FNDA:1,(anonymous_4)
FNDA:1,(anonymous_5)
FNDA:1,(anonymous_6)
FNDA:1,(anonymous_7)
FNDA:1,(anonymous_8)
FNDA:3,(anonymous_9)
FNDA:1,(anonymous_10)
FNDA:1,(anonymous_11)
FNDA:1,(anonymous_12)
FNDA:1,(anonymous_13)
FNDA:1,(anonymous_14)
FNDA:6,(anonymous_15)
DA:1,1
DA:3,1
DA:5,1
DA:6,1
DA:7,1
DA:8,1
DA:9,1
DA:10,1
DA:12,1
DA:13,1
DA:17,1
DA:18,6
DA:19,6
DA:21,6
DA:22,6
DA:23,6
DA:24,6
DA:25,6
DA:27,6
DA:29,6
DA:31,6
DA:34,1
DA:35,1
DA:37,1
DA:38,1
DA:42,1
DA:43,1
DA:45,1
DA:46,1
DA:50,1
DA:51,1
DA:52,1
DA:54,1
DA:55,1
DA:59,1
DA:63,1
DA:64,3
DA:65,3
DA:67,3
DA:68,3
DA:69,3
DA:70,3
DA:71,3
DA:72,3
DA:73,3
DA:74,3
DA:75,3
DA:76,3
DA:78,3
DA:80,3
DA:82,3
DA:85,1
DA:86,1
DA:88,1
DA:89,1
DA:93,1
DA:94,1
DA:96,1
DA:97,1
DA:101,1
DA:102,1
DA:103,1
DA:105,1
DA:106,1
DA:112,6
DA:114,1
LF:66
LH:66
BRF:0
BRH:0
end_of_record
TN:
SF:creat-chat.js
FN:16,(anonymous_0)
FN:23,(anonymous_1)
FNF:2
FNH:2
FNDA:2,(anonymous_0)
FNDA:1,(anonymous_1)
DA:1,1
DA:2,1
DA:3,1
DA:4,1
DA:16,1
DA:18,2
DA:19,1
DA:23,1
DA:24,1
DA:26,1
DA:28,1
DA:30,1
DA:36,1
DA:38,1
DA:46,1
DA:48,1
DA:50,1
DA:52,1
DA:54,1
DA:56,1
LF:20
LH:20
BRDA:28,0,0,0
BRDA:28,0,1,1
BRDA:28,1,0,1
BRDA:28,1,1,0
BRF:4
BRH:2
end_of_record
TN:
SF:creat-chat.spec.js
FN:12,(anonymous_0)
FN:13,(anonymous_1)
FN:17,(anonymous_2)
FN:54,(anonymous_3)
FN:85,(anonymous_4)
FN:115,(anonymous_5)
FNF:6
FNH:6
FNDA:1,(anonymous_0)
FNDA:1,(anonymous_1)
FNDA:2,(anonymous_2)
FNDA:1,(anonymous_3)
FNDA:1,(anonymous_4)
FNDA:2,(anonymous_5)
DA:1,1
DA:3,1
DA:5,1
DA:6,1
DA:7,1
DA:8,1
DA:9,1
DA:10,1
DA:12,1
DA:13,1
DA:17,1
DA:18,2
DA:19,2
DA:20,2
DA:22,2
DA:23,2
DA:24,2
DA:25,2
DA:26,2
DA:28,2
DA:30,2
DA:32,2
DA:34,2
DA:36,2
DA:37,2
DA:38,2
DA:39,2
DA:40,2
DA:41,2
DA:42,2
DA:43,2
DA:44,2
DA:45,2
DA:47,2
DA:49,2
DA:51,2
DA:54,1
DA:55,1
DA:57,1
DA:59,1
DA:61,1
DA:63,1
DA:65,1
DA:66,1
DA:68,1
DA:72,1
DA:74,1
DA:78,1
DA:79,1
DA:80,1
DA:81,1
DA:85,1
DA:86,1
DA:88,1
DA:89,0
DA:91,1
DA:92,1
DA:115,2
DA:117,1
LF:59
LH:58
BRF:0
BRH:0
end_of_record
TN:
SF:register-user.js
FN:21,(anonymous_0)
FN:29,(anonymous_1)
FNF:2
FNH:2
FNDA:3,(anonymous_0)
FNDA:2,(anonymous_1)
DA:1,1
DA:2,1
DA:3,1
DA:4,1
DA:5,1
DA:21,1
DA:22,3
DA:23,2
DA:24,2
DA:25,2
DA:26,2
DA:27,2
DA:29,2
DA:30,2
DA:32,2
DA:34,1
DA:36,1
LF:17
LH:17
BRDA:32,0,0,1
BRDA:32,0,1,1
BRF:2
BRH:2
end_of_record
TN:
SF:register-user.spec.js
FN:12,(anonymous_0)
FN:13,(anonymous_1)
FN:17,(anonymous_2)
FN:27,(anonymous_3)
FN:48,(anonymous_4)
FN:61,(anonymous_5)
FN:62,(anonymous_6)
FN:64,(anonymous_7)
FN:78,(anonymous_8)
FNF:9
FNH:9
FNDA:1,(anonymous_0)
FNDA:1,(anonymous_1)
FNDA:3,(anonymous_2)
FNDA:1,(anonymous_3)
FNDA:1,(anonymous_4)
FNDA:1,(anonymous_5)
FNDA:1,(anonymous_6)
FNDA:1,(anonymous_7)
FNDA:3,(anonymous_8)
DA:1,1
DA:3,1
DA:5,1
DA:6,1
DA:7,1
DA:8,1
DA:9,1
DA:10,1
DA:12,1
DA:13,1
DA:17,1
DA:18,3
DA:20,3
DA:21,3
DA:22,3
DA:23,3
DA:24,3
DA:27,1
DA:28,1
DA:30,1
DA:32,1
DA:34,1
DA:36,1
DA:38,1
DA:39,1
DA:40,1
DA:41,1
DA:43,1
DA:45,1
DA:48,1
DA:49,1
DA:51,1
DA:52,0
DA:54,1
DA:55,1
DA:61,1
DA:62,1
DA:64,1
DA:65,1
DA:66,1
DA:68,0
DA:70,1
DA:72,1
DA:73,1
DA:78,3
DA:80,1
LF:46
LH:44
BRF:0
BRH:0
end_of_record
TN:
SF:register-worker.js
FN:29,(anonymous_0)
FN:42,(anonymous_1)
FNF:2
FNH:2
FNDA:3,(anonymous_0)
FNDA:2,(anonymous_1)
DA:1,1
DA:2,1
DA:3,1
DA:4,1
DA:5,1
DA:6,1
DA:7,1
DA:29,1
DA:30,3
DA:31,2
DA:32,2
DA:33,2
DA:34,2
DA:35,2
DA:36,2
DA:37,2
DA:38,2
DA:39,2
DA:40,2
DA:42,2
DA:43,2
DA:45,2
DA:47,2
DA:49,2
DA:51,1
DA:53,1
LF:26
LH:26
BRDA:45,0,0,0
BRDA:45,0,1,2
BRDA:49,1,0,1
BRDA:49,1,1,1
BRF:4
BRH:3
end_of_record
TN:
SF:register-worker.spec.js
FN:12,(anonymous_0)
FN:13,(anonymous_1)
FN:17,(anonymous_2)
FN:33,(anonymous_3)
FN:59,(anonymous_4)
FN:72,(anonymous_5)
FN:73,(anonymous_6)
FN:75,(anonymous_7)
FN:89,(anonymous_8)
FNF:9
FNH:9
FNDA:1,(anonymous_0)
FNDA:1,(anonymous_1)
FNDA:3,(anonymous_2)
FNDA:1,(anonymous_3)
FNDA:1,(anonymous_4)
FNDA:1,(anonymous_5)
FNDA:1,(anonymous_6)
FNDA:1,(anonymous_7)
FNDA:3,(anonymous_8)
DA:1,1
DA:3,1
DA:5,1
DA:6,1
DA:7,1
DA:8,1
DA:9,1
DA:10,1
DA:12,1
DA:13,1
DA:17,1
DA:18,3
DA:20,3
DA:21,3
DA:22,3
DA:23,3
DA:24,3
DA:25,3
DA:26,3
DA:27,3
DA:28,3
DA:29,3
DA:30,3
DA:33,1
DA:34,1
DA:36,1
DA:38,1
DA:40,1
DA:42,1
DA:44,1
DA:45,1
DA:46,1
DA:47,1
DA:48,1
DA:49,1
DA:50,1
DA:51,1
DA:52,1
DA:54,1
DA:56,1
DA:59,1
DA:60,1
DA:62,1
DA:63,0
DA:65,1
DA:66,1
DA:72,1
DA:73,1
DA:75,1
DA:76,1
DA:77,1
DA:79,0
DA:81,1
DA:83,1
DA:84,1
DA:89,3
DA:91,1
LF:57
LH:55
BRF:0
BRH:0
end_of_record
TN:
SF:retive-chat-id.js
FN:16,(anonymous_0)
FN:20,(anonymous_1)
FNF:2
FNH:2
FNDA:2,(anonymous_0)
FNDA:2,(anonymous_1)
DA:1,1
DA:2,1
DA:3,1
DA:4,1
DA:16,1
DA:18,2
DA:20,2
DA:25,2
DA:27,2
DA:29,0
DA:33,2
DA:34,2
DA:35,2
DA:36,2
DA:38,0
DA:39,0
LF:16
LH:13
BRDA:27,0,0,0
BRDA:27,0,1,2
BRDA:33,1,0,0
BRDA:33,1,1,2
BRDA:34,2,0,2
BRDA:34,2,1,0
BRF:6
BRH:3
end_of_record
TN:
SF:retrieve-chat-id.spec.js
FN:13,(anonymous_0)
FN:14,(anonymous_1)
FN:18,(anonymous_2)
FN:74,(anonymous_3)
FN:87,(anonymous_4)
FN:89,(anonymous_5)
FN:92,(anonymous_6)
FN:96,(anonymous_7)
FN:104,(anonymous_8)
FNF:9
FNH:8
FNDA:1,(anonymous_0)
FNDA:1,(anonymous_1)
FNDA:2,(anonymous_2)
FNDA:1,(anonymous_3)
FNDA:1,(anonymous_4)
FNDA:1,(anonymous_5)
FNDA:1,(anonymous_6)
FNDA:0,(anonymous_7)
FNDA:2,(anonymous_8)
DA:1,1
DA:3,1
DA:5,1
DA:6,1
DA:7,1
DA:8,1
DA:9,1
DA:10,1
DA:11,1
DA:12,1
DA:13,1
DA:14,1
DA:18,1
DA:19,2
DA:20,2
DA:21,2
DA:23,2
DA:24,2
DA:25,2
DA:26,2
DA:27,2
DA:29,2
DA:31,2
DA:33,2
DA:35,2
DA:36,2
DA:37,2
DA:38,2
DA:39,2
DA:40,2
DA:41,2
DA:42,2
DA:43,2
DA:44,2
DA:46,2
DA:48,2
DA:50,2
DA:52,2
DA:58,2
DA:60,2
DA:68,2
DA:70,2
DA:74,1
DA:75,1
DA:77,1
DA:82,1
DA:83,1
DA:84,1
DA:87,1
DA:89,1
DA:90,1
DA:92,1
DA:94,1
DA:97,0
DA:98,0
DA:104,2
DA:106,1
LF:57
LH:55
BRF:0
BRH:0
end_of_record
TN:
SF:retrieve-user.js
FN:18,(anonymous_0)
FN:22,(anonymous_1)
FNF:2
FNH:2
FNDA:2,(anonymous_0)
FNDA:2,(anonymous_1)
DA:1,1
DA:2,1
DA:3,1
DA:4,1
DA:18,1
DA:20,2
DA:22,2
DA:26,2
DA:27,2
DA:29,2
DA:31,1
DA:34,2
DA:36,1
DA:40,0
DA:42,0
DA:44,0
DA:47,0
DA:49,0
LF:18
LH:13
BRDA:26,0,0,2
BRDA:26,0,1,0
BRDA:29,1,0,1
BRDA:29,1,1,1
BRDA:34,2,0,1
BRDA:34,2,1,1
BRDA:42,3,0,0
BRDA:42,3,1,0
BRDA:47,4,0,0
BRDA:47,4,1,0
BRF:10
BRH:5
end_of_record
TN:
SF:retrieve-user.spec.js
FN:12,(anonymous_0)
FN:13,(anonymous_1)
FN:18,(anonymous_2)
FN:34,(anonymous_3)
FN:43,(anonymous_4)
FN:45,(anonymous_5)
FN:53,(anonymous_6)
FNF:7
FNH:7
FNDA:1,(anonymous_0)
FNDA:1,(anonymous_1)
FNDA:2,(anonymous_2)
FNDA:1,(anonymous_3)
FNDA:1,(anonymous_4)
FNDA:1,(anonymous_5)
FNDA:2,(anonymous_6)
DA:1,1
DA:3,1
DA:5,1
DA:6,1
DA:7,1
DA:8,1
DA:9,1
DA:10,1
DA:12,1
DA:13,1
DA:15,1
DA:18,1
DA:19,2
DA:21,2
DA:22,2
DA:23,2
DA:24,2
DA:25,2
DA:27,2
DA:29,2
DA:31,2
DA:34,1
DA:35,1
DA:36,1
DA:37,1
DA:38,1
DA:39,1
DA:40,1
DA:43,1
DA:44,1
DA:46,1
DA:47,1
DA:53,2
DA:55,1
LF:34
LH:34
BRF:0
BRH:0
end_of_record
TN:
SF:retrive-chat.js
FN:15,(anonymous_0)
FN:19,(anonymous_1)
FNF:2
FNH:2
FNDA:3,(anonymous_0)
FNDA:2,(anonymous_1)
DA:1,1
DA:2,1
DA:3,1
DA:4,1
DA:15,1
DA:17,3
DA:19,2
DA:21,2
DA:23,2
DA:25,1
LF:10
LH:10
BRDA:23,0,0,1
BRDA:23,0,1,1
BRF:2
BRH:2
end_of_record
TN:
SF:retrive-chat.spec.js
FN:14,(anonymous_0)
FN:15,(anonymous_1)
FN:19,(anonymous_2)
FN:75,(anonymous_3)
FN:87,(anonymous_4)
FN:96,(anonymous_5)
FN:100,(anonymous_6)
FN:126,(anonymous_7)
FNF:8
FNH:8
FNDA:1,(anonymous_0)
FNDA:1,(anonymous_1)
FNDA:3,(anonymous_2)
FNDA:1,(anonymous_3)
FNDA:1,(anonymous_4)
FNDA:1,(anonymous_5)
FNDA:1,(anonymous_6)
FNDA:3,(anonymous_7)
DA:1,1
DA:3,1
DA:5,1
DA:6,1
DA:7,1
DA:8,1
DA:9,1
DA:10,1
DA:11,1
DA:12,1
DA:14,1
DA:15,1
DA:19,1
DA:20,3
DA:21,3
DA:22,3
DA:24,3
DA:25,3
DA:26,3
DA:27,3
DA:28,3
DA:30,3
DA:32,3
DA:34,3
DA:36,3
DA:37,3
DA:38,3
DA:39,3
DA:40,3
DA:41,3
DA:42,3
DA:43,3
DA:44,3
DA:45,3
DA:47,3
DA:49,3
DA:51,3
DA:53,3
DA:59,3
DA:61,3
DA:69,3
DA:71,3
DA:75,1
DA:76,1
DA:78,1
DA:80,1
DA:81,1
DA:82,1
DA:83,1
DA:84,1
DA:87,1
DA:88,1
DA:89,1
DA:91,1
DA:92,1
DA:96,1
DA:98,1
DA:101,1
DA:102,1
DA:126,3
DA:128,1
LF:61
LH:61
BRF:0
BRH:0
end_of_record
TN:
SF:search-workers.spec.js
FN:13,(anonymous_0)
FN:14,(anonymous_1)
FN:18,(anonymous_2)
FN:37,(anonymous_3)
FN:46,(anonymous_4)
FN:55,(anonymous_5)
FN:64,(anonymous_6)
FNF:7
FNH:7
FNDA:1,(anonymous_0)
FNDA:1,(anonymous_1)
FNDA:3,(anonymous_2)
FNDA:1,(anonymous_3)
FNDA:1,(anonymous_4)
FNDA:1,(anonymous_5)
FNDA:3,(anonymous_6)
DA:1,1
DA:3,1
DA:5,1
DA:6,1
DA:7,1
DA:8,1
DA:9,1
DA:10,1
DA:11,1
DA:13,1
DA:14,1
DA:18,1
DA:19,3
DA:20,3
DA:21,3
DA:22,3
DA:23,3
DA:24,3
DA:25,3
DA:26,3
DA:27,3
DA:28,3
DA:30,3
DA:32,3
DA:34,3
DA:37,1
DA:38,1
DA:40,1
DA:42,1
DA:43,1
DA:46,1
DA:47,1
DA:49,1
DA:51,1
DA:52,1
DA:55,1
DA:56,1
DA:57,1
DA:59,1
DA:60,1
DA:64,3
DA:66,1
LF:42
LH:42
BRF:0
BRH:0
end_of_record
TN:
SF:update-user.js
FN:18,(anonymous_0)
FN:24,(anonymous_1)
FNF:2
FNH:2
FNDA:2,(anonymous_0)
FNDA:2,(anonymous_1)
DA:1,1
DA:2,1
DA:3,1
DA:4,1
DA:18,1
DA:20,2
DA:22,2
DA:24,2
DA:27,2
DA:29,2
DA:31,2
DA:35,1
DA:37,2
DA:38,26
DA:39,2
DA:40,2
DA:43,2
DA:45,2
DA:48,1
LF:19
LH:19
BRDA:29,0,0,1
BRDA:29,0,1,1
BRDA:31,1,0,1
BRDA:31,1,1,1
BRDA:38,2,0,2
BRDA:38,2,1,24
BRDA:43,3,0,0
BRDA:43,3,1,2
BRF:8
BRH:7
end_of_record
TN:
SF:update-user.spec.js
FN:14,(anonymous_0)
FN:15,(anonymous_1)
FN:19,(anonymous_2)
FN:54,(anonymous_3)
FN:55,(anonymous_4)
FN:60,(anonymous_5)
FN:75,(anonymous_6)
FN:77,(anonymous_7)
FN:80,(anonymous_8)
FN:82,(anonymous_9)
FN:91,(anonymous_10)
FNF:11
FNH:11
FNDA:1,(anonymous_0)
FNDA:1,(anonymous_1)
FNDA:2,(anonymous_2)
FNDA:1,(anonymous_3)
FNDA:1,(anonymous_4)
FNDA:1,(anonymous_5)
FNDA:1,(anonymous_6)
FNDA:1,(anonymous_7)
FNDA:1,(anonymous_8)
FNDA:1,(anonymous_9)
FNDA:2,(anonymous_10)
DA:1,1
DA:3,1
DA:5,1
DA:6,1
DA:7,1
DA:8,1
DA:9,1
DA:10,1
DA:11,1
DA:12,1
DA:14,1
DA:15,1
DA:19,1
DA:20,2
DA:22,2
DA:23,2
DA:24,2
DA:25,2
DA:26,2
DA:28,2
DA:29,2
DA:30,2
DA:31,2
DA:32,2
DA:33,2
DA:34,2
DA:35,2
DA:36,2
DA:37,2
DA:40,2
DA:42,2
DA:44,2
DA:45,2
DA:47,2
DA:54,1
DA:55,1
DA:56,1
DA:57,1
DA:60,1
DA:61,1
DA:63,1
DA:65,1
DA:67,1
DA:68,1
DA:69,1
DA:70,1
DA:71,1
DA:75,1
DA:77,1
DA:78,1
DA:80,1
DA:81,1
DA:83,1
DA:84,1
DA:91,2
DA:93,1
LF:56
LH:56
BRF:0
BRH:0
end_of_record
