{"C:\\Users\\polpe\\bootcamp\\collab\\skylab-bootcamp-202004\\staff\\pol-pedro\\takemytask\\takemytask-client-logic\\add-coment.spec.js":{"path":"C:\\Users\\polpe\\bootcamp\\collab\\skylab-bootcamp-202004\\staff\\pol-pedro\\takemytask\\takemytask-client-logic\\add-coment.spec.js","statementMap":{"0":{"start":{"line":1,"column":0},"end":{"line":1,"column":26}},"1":{"start":{"line":3,"column":96},"end":{"line":3,"column":103}},"2":{"start":{"line":5,"column":18},"end":{"line":5,"column":41}},"3":{"start":{"line":6,"column":19},"end":{"line":6,"column":23}},"4":{"start":{"line":7,"column":19},"end":{"line":7,"column":34}},"5":{"start":{"line":8,"column":0},"end":{"line":8,"column":44}},"6":{"start":{"line":9,"column":35},"end":{"line":9,"column":64}},"7":{"start":{"line":10,"column":68},"end":{"line":10,"column":94}},"8":{"start":{"line":11,"column":15},"end":{"line":11,"column":34}},"9":{"start":{"line":12,"column":0},"end":{"line":12,"column":43}},"10":{"start":{"line":13,"column":16},"end":{"line":13,"column":36}},"11":{"start":{"line":15,"column":0},"end":{"line":15,"column":25}},"12":{"start":{"line":17,"column":0},"end":{"line":17,"column":20}},"13":{"start":{"line":19,"column":0},"end":{"line":109,"column":2}},"14":{"start":{"line":20,"column":4},"end":{"line":20,"column":47}},"15":{"start":{"line":20,"column":17},"end":{"line":20,"column":46}},"16":{"start":{"line":24,"column":4},"end":{"line":52,"column":6}},"17":{"start":{"line":25,"column":8},"end":{"line":25,"column":31}},"18":{"start":{"line":26,"column":8},"end":{"line":26,"column":33}},"19":{"start":{"line":28,"column":8},"end":{"line":28,"column":33}},"20":{"start":{"line":29,"column":8},"end":{"line":29,"column":39}},"21":{"start":{"line":30,"column":8},"end":{"line":30,"column":40}},"22":{"start":{"line":31,"column":8},"end":{"line":31,"column":41}},"23":{"start":{"line":32,"column":8},"end":{"line":32,"column":37}},"24":{"start":{"line":34,"column":8},"end":{"line":34,"column":34}},"25":{"start":{"line":35,"column":8},"end":{"line":35,"column":40}},"26":{"start":{"line":36,"column":8},"end":{"line":36,"column":41}},"27":{"start":{"line":37,"column":8},"end":{"line":37,"column":42}},"28":{"start":{"line":38,"column":8},"end":{"line":38,"column":38}},"29":{"start":{"line":39,"column":8},"end":{"line":39,"column":45}},"30":{"start":{"line":40,"column":8},"end":{"line":40,"column":49}},"31":{"start":{"line":41,"column":8},"end":{"line":41,"column":47}},"32":{"start":{"line":42,"column":8},"end":{"line":42,"column":33}},"33":{"start":{"line":43,"column":8},"end":{"line":43,"column":51}},"34":{"start":{"line":44,"column":8},"end":{"line":44,"column":37}},"35":{"start":{"line":46,"column":23},"end":{"line":46,"column":202}},"36":{"start":{"line":48,"column":8},"end":{"line":48,"column":28}},"37":{"start":{"line":50,"column":8},"end":{"line":50,"column":37}},"38":{"start":{"line":53,"column":4},"end":{"line":85,"column":6}},"39":{"start":{"line":54,"column":8},"end":{"line":61,"column":10}},"40":{"start":{"line":55,"column":25},"end":{"line":55,"column":84}},"41":{"start":{"line":57,"column":12},"end":{"line":57,"column":29}},"42":{"start":{"line":59,"column":12},"end":{"line":60,"column":63}},"43":{"start":{"line":60,"column":33},"end":{"line":60,"column":62}},"44":{"start":{"line":63,"column":8},"end":{"line":73,"column":10}},"45":{"start":{"line":64,"column":12},"end":{"line":64,"column":45}},"46":{"start":{"line":66,"column":28},"end":{"line":66,"column":47}},"47":{"start":{"line":68,"column":29},"end":{"line":68,"column":36}},"48":{"start":{"line":70,"column":12},"end":{"line":70,"column":35}},"49":{"start":{"line":71,"column":12},"end":{"line":71,"column":49}},"50":{"start":{"line":72,"column":12},"end":{"line":72,"column":92}},"51":{"start":{"line":75,"column":8},"end":{"line":84,"column":10}},"52":{"start":{"line":76,"column":12},"end":{"line":83,"column":13}},"53":{"start":{"line":78,"column":16},"end":{"line":78,"column":45}},"54":{"start":{"line":81,"column":16},"end":{"line":81,"column":40}},"55":{"start":{"line":82,"column":16},"end":{"line":82,"column":68}},"56":{"start":{"line":87,"column":4},"end":{"line":104,"column":6}},"57":{"start":{"line":89,"column":8},"end":{"line":93,"column":10}},"58":{"start":{"line":90,"column":12},"end":{"line":90,"column":47}},"59":{"start":{"line":91,"column":12},"end":{"line":92,"column":63}},"60":{"start":{"line":92,"column":33},"end":{"line":92,"column":62}},"61":{"start":{"line":94,"column":8},"end":{"line":103,"column":10}},"62":{"start":{"line":96,"column":27},"end":{"line":101,"column":18}},"63":{"start":{"line":99,"column":20},"end":{"line":99,"column":42}},"64":{"start":{"line":100,"column":20},"end":{"line":100,"column":88}},"65":{"start":{"line":106,"column":4},"end":{"line":106,"column":59}},"66":{"start":{"line":106,"column":20},"end":{"line":106,"column":39}},"67":{"start":{"line":108,"column":4},"end":{"line":108,"column":30}}},"fnMap":{"0":{"name":"(anonymous_0)","decl":{"start":{"line":19,"column":31},"end":{"line":19,"column":32}},"loc":{"start":{"line":19,"column":37},"end":{"line":109,"column":1}},"line":19},"1":{"name":"(anonymous_1)","decl":{"start":{"line":20,"column":11},"end":{"line":20,"column":12}},"loc":{"start":{"line":20,"column":17},"end":{"line":20,"column":46}},"line":20},"2":{"name":"(anonymous_2)","decl":{"start":{"line":24,"column":15},"end":{"line":24,"column":16}},"loc":{"start":{"line":24,"column":27},"end":{"line":52,"column":5}},"line":24},"3":{"name":"(anonymous_3)","decl":{"start":{"line":53,"column":28},"end":{"line":53,"column":29}},"loc":{"start":{"line":53,"column":34},"end":{"line":85,"column":5}},"line":53},"4":{"name":"(anonymous_4)","decl":{"start":{"line":54,"column":19},"end":{"line":54,"column":20}},"loc":{"start":{"line":54,"column":31},"end":{"line":61,"column":9}},"line":54},"5":{"name":"(anonymous_5)","decl":{"start":{"line":60,"column":22},"end":{"line":60,"column":23}},"loc":{"start":{"line":60,"column":33},"end":{"line":60,"column":62}},"line":60},"6":{"name":"(anonymous_6)","decl":{"start":{"line":63,"column":46},"end":{"line":63,"column":47}},"loc":{"start":{"line":63,"column":58},"end":{"line":73,"column":9}},"line":63},"7":{"name":"(anonymous_7)","decl":{"start":{"line":75,"column":46},"end":{"line":75,"column":47}},"loc":{"start":{"line":75,"column":58},"end":{"line":84,"column":9}},"line":75},"8":{"name":"(anonymous_8)","decl":{"start":{"line":87,"column":33},"end":{"line":87,"column":34}},"loc":{"start":{"line":87,"column":39},"end":{"line":104,"column":5}},"line":87},"9":{"name":"(anonymous_9)","decl":{"start":{"line":89,"column":19},"end":{"line":89,"column":20}},"loc":{"start":{"line":89,"column":30},"end":{"line":93,"column":9}},"line":89},"10":{"name":"(anonymous_10)","decl":{"start":{"line":92,"column":22},"end":{"line":92,"column":23}},"loc":{"start":{"line":92,"column":33},"end":{"line":92,"column":62}},"line":92},"11":{"name":"(anonymous_11)","decl":{"start":{"line":94,"column":50},"end":{"line":94,"column":51}},"loc":{"start":{"line":94,"column":62},"end":{"line":103,"column":9}},"line":94},"12":{"name":"(anonymous_12)","decl":{"start":{"line":98,"column":23},"end":{"line":98,"column":24}},"loc":{"start":{"line":98,"column":32},"end":{"line":101,"column":17}},"line":98},"13":{"name":"(anonymous_13)","decl":{"start":{"line":106,"column":14},"end":{"line":106,"column":15}},"loc":{"start":{"line":106,"column":20},"end":{"line":106,"column":39}},"line":106}},"branchMap":{},"s":{"0":1,"1":1,"2":1,"3":1,"4":1,"5":1,"6":1,"7":1,"8":1,"9":1,"10":1,"11":1,"12":1,"13":1,"14":1,"15":1,"16":1,"17":3,"18":3,"19":3,"20":3,"21":3,"22":3,"23":3,"24":3,"25":3,"26":3,"27":3,"28":3,"29":3,"30":3,"31":3,"32":3,"33":3,"34":3,"35":3,"36":3,"37":3,"38":1,"39":1,"40":2,"41":2,"42":2,"43":2,"44":1,"45":1,"46":1,"47":1,"48":1,"49":1,"50":1,"51":1,"52":1,"53":1,"54":1,"55":1,"56":1,"57":1,"58":1,"59":1,"60":1,"61":1,"62":1,"63":1,"64":1,"65":1,"66":3,"67":1},"f":{"0":1,"1":1,"2":3,"3":1,"4":2,"5":2,"6":1,"7":1,"8":1,"9":1,"10":1,"11":1,"12":1,"13":3},"b":{},"_coverageSchema":"1a1c01bbd47fc00a2c39e90264f33305004495a9","hash":"e291c338e86a57b4fb44b90d216f7fe8004957b2","contentHash":"0dacd537b55599b5dbd5fff3e016d7b3d13d22e9ce2c633c6ea55aa8521048fc"},"C:\\Users\\polpe\\bootcamp\\collab\\skylab-bootcamp-202004\\staff\\pol-pedro\\takemytask\\takemytask-client-logic\\add-coment.js":{"path":"C:\\Users\\polpe\\bootcamp\\collab\\skylab-bootcamp-202004\\staff\\pol-pedro\\takemytask\\takemytask-client-logic\\add-coment.js","statementMap":{"0":{"start":{"line":1,"column":0},"end":{"line":1,"column":46}},"1":{"start":{"line":2,"column":27},"end":{"line":2,"column":56}},"2":{"start":{"line":3,"column":16},"end":{"line":3,"column":36}},"3":{"start":{"line":17,"column":0},"end":{"line":36,"column":15}},"4":{"start":{"line":18,"column":4},"end":{"line":18,"column":40}},"5":{"start":{"line":19,"column":4},"end":{"line":19,"column":36}},"6":{"start":{"line":21,"column":22},"end":{"line":21,"column":34}},"7":{"start":{"line":23,"column":4},"end":{"line":35,"column":10}},"8":{"start":{"line":30,"column":12},"end":{"line":30,"column":38}},"9":{"start":{"line":30,"column":32},"end":{"line":30,"column":38}},"10":{"start":{"line":32,"column":30},"end":{"line":32,"column":46}},"11":{"start":{"line":34,"column":12},"end":{"line":34,"column":35}}},"fnMap":{"0":{"name":"(anonymous_0)","decl":{"start":{"line":17,"column":17},"end":{"line":17,"column":18}},"loc":{"start":{"line":17,"column":49},"end":{"line":36,"column":1}},"line":17},"1":{"name":"(anonymous_1)","decl":{"start":{"line":28,"column":15},"end":{"line":28,"column":16}},"loc":{"start":{"line":28,"column":35},"end":{"line":35,"column":9}},"line":28}},"branchMap":{"0":{"loc":{"start":{"line":30,"column":12},"end":{"line":30,"column":38}},"type":"if","locations":[{"start":{"line":30,"column":12},"end":{"line":30,"column":38}},{"start":{"line":30,"column":12},"end":{"line":30,"column":38}}],"line":30}},"s":{"0":1,"1":1,"2":1,"3":1,"4":3,"5":3,"6":2,"7":2,"8":2,"9":1,"10":1,"11":1},"f":{"0":3,"1":2},"b":{"0":[1,1]},"_coverageSchema":"1a1c01bbd47fc00a2c39e90264f33305004495a9","hash":"d2ed84a4ed624c597303e3f351a218ab30069edf","contentHash":"74cec5a29edf2d9d1072af683f8c7d2fa60a15e3e0e5e92419f03a7461bf0e73"},"C:\\Users\\polpe\\bootcamp\\collab\\skylab-bootcamp-202004\\staff\\pol-pedro\\takemytask\\takemytask-client-logic\\context.js":{"path":"C:\\Users\\polpe\\bootcamp\\collab\\skylab-bootcamp-202004\\staff\\pol-pedro\\takemytask\\takemytask-client-logic\\context.js","statementMap":{"0":{"start":{"line":1,"column":0},"end":{"line":3,"column":1}}},"fnMap":{},"branchMap":{},"s":{"0":1},"f":{},"b":{},"_coverageSchema":"1a1c01bbd47fc00a2c39e90264f33305004495a9","hash":"7bcbceb00d6fe209840ce29ac1fc3dc9729558c3","contentHash":"1f752ff57d414cba0b743c7f720acdd99ae65b6ff77fbadf3a0bce61e196319b"},"C:\\Users\\polpe\\bootcamp\\collab\\skylab-bootcamp-202004\\staff\\pol-pedro\\takemytask\\takemytask-client-logic\\add-message.spec.js":{"path":"C:\\Users\\polpe\\bootcamp\\collab\\skylab-bootcamp-202004\\staff\\pol-pedro\\takemytask\\takemytask-client-logic\\add-message.spec.js","statementMap":{"0":{"start":{"line":1,"column":0},"end":{"line":1,"column":26}},"1":{"start":{"line":3,"column":96},"end":{"line":3,"column":103}},"2":{"start":{"line":5,"column":19},"end":{"line":5,"column":43}},"3":{"start":{"line":6,"column":19},"end":{"line":6,"column":23}},"4":{"start":{"line":7,"column":19},"end":{"line":7,"column":34}},"5":{"start":{"line":8,"column":0},"end":{"line":8,"column":44}},"6":{"start":{"line":9,"column":35},"end":{"line":9,"column":64}},"7":{"start":{"line":10,"column":84},"end":{"line":10,"column":110}},"8":{"start":{"line":11,"column":0},"end":{"line":11,"column":43}},"9":{"start":{"line":12,"column":16},"end":{"line":12,"column":36}},"10":{"start":{"line":14,"column":0},"end":{"line":14,"column":25}},"11":{"start":{"line":16,"column":0},"end":{"line":16,"column":20}},"12":{"start":{"line":18,"column":0},"end":{"line":141,"column":2}},"13":{"start":{"line":19,"column":4},"end":{"line":19,"column":47}},"14":{"start":{"line":19,"column":17},"end":{"line":19,"column":46}},"15":{"start":{"line":23,"column":4},"end":{"line":72,"column":6}},"16":{"start":{"line":24,"column":8},"end":{"line":24,"column":31}},"17":{"start":{"line":25,"column":8},"end":{"line":25,"column":33}},"18":{"start":{"line":26,"column":8},"end":{"line":26,"column":31}},"19":{"start":{"line":28,"column":8},"end":{"line":28,"column":33}},"20":{"start":{"line":29,"column":8},"end":{"line":29,"column":39}},"21":{"start":{"line":30,"column":8},"end":{"line":30,"column":40}},"22":{"start":{"line":31,"column":8},"end":{"line":31,"column":41}},"23":{"start":{"line":32,"column":8},"end":{"line":32,"column":37}},"24":{"start":{"line":34,"column":8},"end":{"line":34,"column":34}},"25":{"start":{"line":35,"column":8},"end":{"line":35,"column":40}},"26":{"start":{"line":36,"column":8},"end":{"line":36,"column":41}},"27":{"start":{"line":37,"column":8},"end":{"line":37,"column":42}},"28":{"start":{"line":38,"column":8},"end":{"line":38,"column":38}},"29":{"start":{"line":39,"column":8},"end":{"line":39,"column":45}},"30":{"start":{"line":40,"column":8},"end":{"line":40,"column":49}},"31":{"start":{"line":41,"column":8},"end":{"line":41,"column":47}},"32":{"start":{"line":42,"column":8},"end":{"line":42,"column":33}},"33":{"start":{"line":43,"column":8},"end":{"line":43,"column":51}},"34":{"start":{"line":44,"column":8},"end":{"line":44,"column":37}},"35":{"start":{"line":46,"column":23},"end":{"line":46,"column":202}},"36":{"start":{"line":48,"column":8},"end":{"line":48,"column":28}},"37":{"start":{"line":50,"column":21},"end":{"line":54,"column":10}},"38":{"start":{"line":56,"column":8},"end":{"line":56,"column":39}},"39":{"start":{"line":58,"column":8},"end":{"line":58,"column":42}},"40":{"start":{"line":60,"column":8},"end":{"line":66,"column":11}},"41":{"start":{"line":68,"column":8},"end":{"line":68,"column":25}},"42":{"start":{"line":70,"column":8},"end":{"line":70,"column":36}},"43":{"start":{"line":73,"column":4},"end":{"line":117,"column":6}},"44":{"start":{"line":74,"column":8},"end":{"line":81,"column":10}},"45":{"start":{"line":75,"column":25},"end":{"line":75,"column":84}},"46":{"start":{"line":77,"column":12},"end":{"line":77,"column":29}},"47":{"start":{"line":79,"column":12},"end":{"line":80,"column":63}},"48":{"start":{"line":80,"column":33},"end":{"line":80,"column":62}},"49":{"start":{"line":83,"column":8},"end":{"line":94,"column":10}},"50":{"start":{"line":85,"column":12},"end":{"line":85,"column":48}},"51":{"start":{"line":87,"column":28},"end":{"line":87,"column":45}},"52":{"start":{"line":89,"column":27},"end":{"line":89,"column":34}},"53":{"start":{"line":91,"column":12},"end":{"line":91,"column":33}},"54":{"start":{"line":92,"column":12},"end":{"line":92,"column":82}},"55":{"start":{"line":93,"column":12},"end":{"line":93,"column":65}},"56":{"start":{"line":96,"column":8},"end":{"line":105,"column":10}},"57":{"start":{"line":97,"column":12},"end":{"line":104,"column":13}},"58":{"start":{"line":99,"column":16},"end":{"line":99,"column":44}},"59":{"start":{"line":102,"column":16},"end":{"line":102,"column":40}},"60":{"start":{"line":103,"column":16},"end":{"line":103,"column":68}},"61":{"start":{"line":107,"column":8},"end":{"line":116,"column":10}},"62":{"start":{"line":109,"column":27},"end":{"line":114,"column":18}},"63":{"start":{"line":112,"column":20},"end":{"line":112,"column":42}},"64":{"start":{"line":113,"column":20},"end":{"line":113,"column":103}},"65":{"start":{"line":119,"column":4},"end":{"line":136,"column":6}},"66":{"start":{"line":121,"column":8},"end":{"line":125,"column":10}},"67":{"start":{"line":122,"column":12},"end":{"line":122,"column":47}},"68":{"start":{"line":123,"column":12},"end":{"line":124,"column":63}},"69":{"start":{"line":124,"column":33},"end":{"line":124,"column":62}},"70":{"start":{"line":126,"column":8},"end":{"line":135,"column":10}},"71":{"start":{"line":128,"column":27},"end":{"line":133,"column":18}},"72":{"start":{"line":131,"column":20},"end":{"line":131,"column":42}},"73":{"start":{"line":132,"column":20},"end":{"line":132,"column":88}},"74":{"start":{"line":138,"column":4},"end":{"line":138,"column":78}},"75":{"start":{"line":138,"column":20},"end":{"line":138,"column":39}},"76":{"start":{"line":140,"column":4},"end":{"line":140,"column":30}}},"fnMap":{"0":{"name":"(anonymous_0)","decl":{"start":{"line":18,"column":32},"end":{"line":18,"column":33}},"loc":{"start":{"line":18,"column":38},"end":{"line":141,"column":1}},"line":18},"1":{"name":"(anonymous_1)","decl":{"start":{"line":19,"column":11},"end":{"line":19,"column":12}},"loc":{"start":{"line":19,"column":17},"end":{"line":19,"column":46}},"line":19},"2":{"name":"(anonymous_2)","decl":{"start":{"line":23,"column":15},"end":{"line":23,"column":16}},"loc":{"start":{"line":23,"column":27},"end":{"line":72,"column":5}},"line":23},"3":{"name":"(anonymous_3)","decl":{"start":{"line":73,"column":28},"end":{"line":73,"column":29}},"loc":{"start":{"line":73,"column":34},"end":{"line":117,"column":5}},"line":73},"4":{"name":"(anonymous_4)","decl":{"start":{"line":74,"column":19},"end":{"line":74,"column":20}},"loc":{"start":{"line":74,"column":31},"end":{"line":81,"column":9}},"line":74},"5":{"name":"(anonymous_5)","decl":{"start":{"line":80,"column":22},"end":{"line":80,"column":23}},"loc":{"start":{"line":80,"column":33},"end":{"line":80,"column":62}},"line":80},"6":{"name":"(anonymous_6)","decl":{"start":{"line":83,"column":47},"end":{"line":83,"column":48}},"loc":{"start":{"line":83,"column":59},"end":{"line":94,"column":9}},"line":83},"7":{"name":"(anonymous_7)","decl":{"start":{"line":96,"column":46},"end":{"line":96,"column":47}},"loc":{"start":{"line":96,"column":58},"end":{"line":105,"column":9}},"line":96},"8":{"name":"(anonymous_8)","decl":{"start":{"line":107,"column":49},"end":{"line":107,"column":50}},"loc":{"start":{"line":107,"column":61},"end":{"line":116,"column":9}},"line":107},"9":{"name":"(anonymous_9)","decl":{"start":{"line":111,"column":23},"end":{"line":111,"column":24}},"loc":{"start":{"line":111,"column":32},"end":{"line":114,"column":17}},"line":111},"10":{"name":"(anonymous_10)","decl":{"start":{"line":119,"column":33},"end":{"line":119,"column":34}},"loc":{"start":{"line":119,"column":39},"end":{"line":136,"column":5}},"line":119},"11":{"name":"(anonymous_11)","decl":{"start":{"line":121,"column":19},"end":{"line":121,"column":20}},"loc":{"start":{"line":121,"column":30},"end":{"line":125,"column":9}},"line":121},"12":{"name":"(anonymous_12)","decl":{"start":{"line":124,"column":22},"end":{"line":124,"column":23}},"loc":{"start":{"line":124,"column":33},"end":{"line":124,"column":62}},"line":124},"13":{"name":"(anonymous_13)","decl":{"start":{"line":126,"column":50},"end":{"line":126,"column":51}},"loc":{"start":{"line":126,"column":62},"end":{"line":135,"column":9}},"line":126},"14":{"name":"(anonymous_14)","decl":{"start":{"line":130,"column":23},"end":{"line":130,"column":24}},"loc":{"start":{"line":130,"column":32},"end":{"line":133,"column":17}},"line":130},"15":{"name":"(anonymous_15)","decl":{"start":{"line":138,"column":14},"end":{"line":138,"column":15}},"loc":{"start":{"line":138,"column":20},"end":{"line":138,"column":39}},"line":138}},"branchMap":{},"s":{"0":1,"1":1,"2":1,"3":1,"4":1,"5":1,"6":1,"7":1,"8":1,"9":1,"10":1,"11":1,"12":1,"13":1,"14":1,"15":1,"16":4,"17":4,"18":4,"19":4,"20":4,"21":4,"22":4,"23":4,"24":4,"25":4,"26":4,"27":4,"28":4,"29":4,"30":4,"31":4,"32":4,"33":4,"34":4,"35":4,"36":4,"37":4,"38":4,"39":4,"40":4,"41":4,"42":4,"43":1,"44":1,"45":3,"46":3,"47":3,"48":3,"49":1,"50":1,"51":1,"52":1,"53":1,"54":1,"55":1,"56":1,"57":1,"58":1,"59":1,"60":1,"61":1,"62":1,"63":1,"64":1,"65":1,"66":1,"67":1,"68":1,"69":1,"70":1,"71":1,"72":1,"73":1,"74":1,"75":4,"76":1},"f":{"0":1,"1":1,"2":4,"3":1,"4":3,"5":3,"6":1,"7":1,"8":1,"9":1,"10":1,"11":1,"12":1,"13":1,"14":1,"15":4},"b":{},"_coverageSchema":"1a1c01bbd47fc00a2c39e90264f33305004495a9","hash":"ae0ad259ce26cc8c305d4bbfbf3bd32af07ec9ce","contentHash":"2238bf9d3b66b061128de722f60443f5c65573d559a68d4480a70b9179c448f3"},"C:\\Users\\polpe\\bootcamp\\collab\\skylab-bootcamp-202004\\staff\\pol-pedro\\takemytask\\takemytask-client-logic\\add-message.js":{"path":"C:\\Users\\polpe\\bootcamp\\collab\\skylab-bootcamp-202004\\staff\\pol-pedro\\takemytask\\takemytask-client-logic\\add-message.js","statementMap":{"0":{"start":{"line":1,"column":0},"end":{"line":1,"column":46}},"1":{"start":{"line":2,"column":27},"end":{"line":2,"column":56}},"2":{"start":{"line":3,"column":16},"end":{"line":3,"column":36}},"3":{"start":{"line":17,"column":0},"end":{"line":36,"column":15}},"4":{"start":{"line":18,"column":4},"end":{"line":18,"column":35}},"5":{"start":{"line":19,"column":4},"end":{"line":19,"column":36}},"6":{"start":{"line":21,"column":22},"end":{"line":21,"column":34}},"7":{"start":{"line":23,"column":4},"end":{"line":35,"column":10}},"8":{"start":{"line":30,"column":12},"end":{"line":30,"column":38}},"9":{"start":{"line":30,"column":32},"end":{"line":30,"column":38}},"10":{"start":{"line":32,"column":30},"end":{"line":32,"column":46}},"11":{"start":{"line":34,"column":12},"end":{"line":34,"column":35}}},"fnMap":{"0":{"name":"(anonymous_0)","decl":{"start":{"line":17,"column":17},"end":{"line":17,"column":18}},"loc":{"start":{"line":17,"column":44},"end":{"line":36,"column":1}},"line":17},"1":{"name":"(anonymous_1)","decl":{"start":{"line":28,"column":15},"end":{"line":28,"column":16}},"loc":{"start":{"line":28,"column":35},"end":{"line":35,"column":9}},"line":28}},"branchMap":{"0":{"loc":{"start":{"line":30,"column":12},"end":{"line":30,"column":38}},"type":"if","locations":[{"start":{"line":30,"column":12},"end":{"line":30,"column":38}},{"start":{"line":30,"column":12},"end":{"line":30,"column":38}}],"line":30}},"s":{"0":1,"1":1,"2":1,"3":1,"4":4,"5":4,"6":3,"7":3,"8":3,"9":1,"10":2,"11":2},"f":{"0":4,"1":3},"b":{"0":[1,2]},"_coverageSchema":"1a1c01bbd47fc00a2c39e90264f33305004495a9","hash":"431fd30ca19665779507fde8454ea73d6c382e65","contentHash":"6a0f2d134f4bc388eb6ca334a34df085f2f877f32094a5a22e934a80573fb095"},"C:\\Users\\polpe\\bootcamp\\collab\\skylab-bootcamp-202004\\staff\\pol-pedro\\takemytask\\takemytask-client-logic\\add-rate.spec.js":{"path":"C:\\Users\\polpe\\bootcamp\\collab\\skylab-bootcamp-202004\\staff\\pol-pedro\\takemytask\\takemytask-client-logic\\add-rate.spec.js","statementMap":{"0":{"start":{"line":1,"column":0},"end":{"line":1,"column":26}},"1":{"start":{"line":3,"column":96},"end":{"line":3,"column":103}},"2":{"start":{"line":5,"column":16},"end":{"line":5,"column":37}},"3":{"start":{"line":6,"column":19},"end":{"line":6,"column":23}},"4":{"start":{"line":7,"column":19},"end":{"line":7,"column":34}},"5":{"start":{"line":8,"column":0},"end":{"line":8,"column":44}},"6":{"start":{"line":9,"column":35},"end":{"line":9,"column":64}},"7":{"start":{"line":10,"column":68},"end":{"line":10,"column":94}},"8":{"start":{"line":11,"column":0},"end":{"line":11,"column":43}},"9":{"start":{"line":12,"column":16},"end":{"line":12,"column":36}},"10":{"start":{"line":14,"column":0},"end":{"line":14,"column":25}},"11":{"start":{"line":16,"column":0},"end":{"line":16,"column":20}},"12":{"start":{"line":18,"column":0},"end":{"line":110,"column":2}},"13":{"start":{"line":19,"column":4},"end":{"line":19,"column":47}},"14":{"start":{"line":19,"column":17},"end":{"line":19,"column":46}},"15":{"start":{"line":23,"column":4},"end":{"line":52,"column":6}},"16":{"start":{"line":25,"column":8},"end":{"line":25,"column":31}},"17":{"start":{"line":26,"column":8},"end":{"line":26,"column":33}},"18":{"start":{"line":28,"column":8},"end":{"line":28,"column":33}},"19":{"start":{"line":29,"column":8},"end":{"line":29,"column":39}},"20":{"start":{"line":30,"column":8},"end":{"line":30,"column":40}},"21":{"start":{"line":31,"column":8},"end":{"line":31,"column":41}},"22":{"start":{"line":32,"column":8},"end":{"line":32,"column":37}},"23":{"start":{"line":34,"column":8},"end":{"line":34,"column":34}},"24":{"start":{"line":35,"column":8},"end":{"line":35,"column":40}},"25":{"start":{"line":36,"column":8},"end":{"line":36,"column":41}},"26":{"start":{"line":37,"column":8},"end":{"line":37,"column":42}},"27":{"start":{"line":38,"column":8},"end":{"line":38,"column":38}},"28":{"start":{"line":39,"column":8},"end":{"line":39,"column":45}},"29":{"start":{"line":40,"column":8},"end":{"line":40,"column":49}},"30":{"start":{"line":41,"column":8},"end":{"line":41,"column":47}},"31":{"start":{"line":42,"column":8},"end":{"line":42,"column":33}},"32":{"start":{"line":43,"column":8},"end":{"line":43,"column":51}},"33":{"start":{"line":44,"column":8},"end":{"line":44,"column":37}},"34":{"start":{"line":46,"column":23},"end":{"line":46,"column":202}},"35":{"start":{"line":48,"column":8},"end":{"line":48,"column":28}},"36":{"start":{"line":50,"column":8},"end":{"line":50,"column":37}},"37":{"start":{"line":53,"column":4},"end":{"line":86,"column":6}},"38":{"start":{"line":54,"column":8},"end":{"line":61,"column":10}},"39":{"start":{"line":55,"column":25},"end":{"line":55,"column":84}},"40":{"start":{"line":57,"column":12},"end":{"line":57,"column":29}},"41":{"start":{"line":59,"column":12},"end":{"line":60,"column":63}},"42":{"start":{"line":60,"column":33},"end":{"line":60,"column":62}},"43":{"start":{"line":63,"column":8},"end":{"line":74,"column":10}},"44":{"start":{"line":64,"column":12},"end":{"line":64,"column":41}},"45":{"start":{"line":66,"column":28},"end":{"line":66,"column":47}},"46":{"start":{"line":68,"column":29},"end":{"line":68,"column":36}},"47":{"start":{"line":70,"column":12},"end":{"line":70,"column":35}},"48":{"start":{"line":71,"column":12},"end":{"line":71,"column":47}},"49":{"start":{"line":72,"column":12},"end":{"line":72,"column":90}},"50":{"start":{"line":73,"column":12},"end":{"line":73,"column":65}},"51":{"start":{"line":76,"column":8},"end":{"line":85,"column":10}},"52":{"start":{"line":77,"column":12},"end":{"line":84,"column":13}},"53":{"start":{"line":79,"column":16},"end":{"line":79,"column":43}},"54":{"start":{"line":82,"column":16},"end":{"line":82,"column":40}},"55":{"start":{"line":83,"column":16},"end":{"line":83,"column":69}},"56":{"start":{"line":88,"column":4},"end":{"line":105,"column":6}},"57":{"start":{"line":90,"column":8},"end":{"line":94,"column":10}},"58":{"start":{"line":91,"column":12},"end":{"line":91,"column":47}},"59":{"start":{"line":92,"column":12},"end":{"line":93,"column":63}},"60":{"start":{"line":93,"column":33},"end":{"line":93,"column":62}},"61":{"start":{"line":95,"column":8},"end":{"line":104,"column":10}},"62":{"start":{"line":97,"column":27},"end":{"line":102,"column":18}},"63":{"start":{"line":100,"column":20},"end":{"line":100,"column":42}},"64":{"start":{"line":101,"column":20},"end":{"line":101,"column":90}},"65":{"start":{"line":107,"column":4},"end":{"line":107,"column":59}},"66":{"start":{"line":107,"column":20},"end":{"line":107,"column":39}},"67":{"start":{"line":109,"column":4},"end":{"line":109,"column":30}}},"fnMap":{"0":{"name":"(anonymous_0)","decl":{"start":{"line":18,"column":29},"end":{"line":18,"column":30}},"loc":{"start":{"line":18,"column":35},"end":{"line":110,"column":1}},"line":18},"1":{"name":"(anonymous_1)","decl":{"start":{"line":19,"column":11},"end":{"line":19,"column":12}},"loc":{"start":{"line":19,"column":17},"end":{"line":19,"column":46}},"line":19},"2":{"name":"(anonymous_2)","decl":{"start":{"line":23,"column":15},"end":{"line":23,"column":16}},"loc":{"start":{"line":23,"column":27},"end":{"line":52,"column":5}},"line":23},"3":{"name":"(anonymous_3)","decl":{"start":{"line":53,"column":28},"end":{"line":53,"column":29}},"loc":{"start":{"line":53,"column":34},"end":{"line":86,"column":5}},"line":53},"4":{"name":"(anonymous_4)","decl":{"start":{"line":54,"column":19},"end":{"line":54,"column":20}},"loc":{"start":{"line":54,"column":31},"end":{"line":61,"column":9}},"line":54},"5":{"name":"(anonymous_5)","decl":{"start":{"line":60,"column":22},"end":{"line":60,"column":23}},"loc":{"start":{"line":60,"column":33},"end":{"line":60,"column":62}},"line":60},"6":{"name":"(anonymous_6)","decl":{"start":{"line":63,"column":44},"end":{"line":63,"column":45}},"loc":{"start":{"line":63,"column":56},"end":{"line":74,"column":9}},"line":63},"7":{"name":"(anonymous_7)","decl":{"start":{"line":76,"column":41},"end":{"line":76,"column":42}},"loc":{"start":{"line":76,"column":53},"end":{"line":85,"column":9}},"line":76},"8":{"name":"(anonymous_8)","decl":{"start":{"line":88,"column":33},"end":{"line":88,"column":34}},"loc":{"start":{"line":88,"column":39},"end":{"line":105,"column":5}},"line":88},"9":{"name":"(anonymous_9)","decl":{"start":{"line":90,"column":19},"end":{"line":90,"column":20}},"loc":{"start":{"line":90,"column":30},"end":{"line":94,"column":9}},"line":90},"10":{"name":"(anonymous_10)","decl":{"start":{"line":93,"column":22},"end":{"line":93,"column":23}},"loc":{"start":{"line":93,"column":33},"end":{"line":93,"column":62}},"line":93},"11":{"name":"(anonymous_11)","decl":{"start":{"line":95,"column":50},"end":{"line":95,"column":51}},"loc":{"start":{"line":95,"column":62},"end":{"line":104,"column":9}},"line":95},"12":{"name":"(anonymous_12)","decl":{"start":{"line":99,"column":23},"end":{"line":99,"column":24}},"loc":{"start":{"line":99,"column":32},"end":{"line":102,"column":17}},"line":99},"13":{"name":"(anonymous_13)","decl":{"start":{"line":107,"column":14},"end":{"line":107,"column":15}},"loc":{"start":{"line":107,"column":20},"end":{"line":107,"column":39}},"line":107}},"branchMap":{},"s":{"0":1,"1":1,"2":1,"3":1,"4":1,"5":1,"6":1,"7":1,"8":1,"9":1,"10":1,"11":1,"12":1,"13":1,"14":1,"15":1,"16":3,"17":3,"18":3,"19":3,"20":3,"21":3,"22":3,"23":3,"24":3,"25":3,"26":3,"27":3,"28":3,"29":3,"30":3,"31":3,"32":3,"33":3,"34":3,"35":3,"36":3,"37":1,"38":1,"39":2,"40":2,"41":2,"42":2,"43":1,"44":1,"45":1,"46":1,"47":1,"48":1,"49":1,"50":1,"51":1,"52":1,"53":1,"54":1,"55":1,"56":1,"57":1,"58":1,"59":1,"60":1,"61":1,"62":1,"63":1,"64":1,"65":1,"66":3,"67":1},"f":{"0":1,"1":1,"2":3,"3":1,"4":2,"5":2,"6":1,"7":1,"8":1,"9":1,"10":1,"11":1,"12":1,"13":3},"b":{},"_coverageSchema":"1a1c01bbd47fc00a2c39e90264f33305004495a9","hash":"230e31436217f70ed63516027bffcd52a0623597","contentHash":"6392b3cc8a4b0a6a6c6339d0d35590a673775d0a23ee93f6ef59f6b954522b98"},"C:\\Users\\polpe\\bootcamp\\collab\\skylab-bootcamp-202004\\staff\\pol-pedro\\takemytask\\takemytask-client-logic\\add-rate.js":{"path":"C:\\Users\\polpe\\bootcamp\\collab\\skylab-bootcamp-202004\\staff\\pol-pedro\\takemytask\\takemytask-client-logic\\add-rate.js","statementMap":{"0":{"start":{"line":1,"column":0},"end":{"line":1,"column":46}},"1":{"start":{"line":2,"column":27},"end":{"line":2,"column":56}},"2":{"start":{"line":3,"column":16},"end":{"line":3,"column":36}},"3":{"start":{"line":17,"column":0},"end":{"line":36,"column":15}},"4":{"start":{"line":18,"column":4},"end":{"line":18,"column":36}},"5":{"start":{"line":19,"column":4},"end":{"line":19,"column":34}},"6":{"start":{"line":21,"column":22},"end":{"line":21,"column":34}},"7":{"start":{"line":23,"column":4},"end":{"line":35,"column":10}},"8":{"start":{"line":30,"column":12},"end":{"line":30,"column":38}},"9":{"start":{"line":30,"column":32},"end":{"line":30,"column":38}},"10":{"start":{"line":32,"column":30},"end":{"line":32,"column":46}},"11":{"start":{"line":34,"column":12},"end":{"line":34,"column":35}}},"fnMap":{"0":{"name":"(anonymous_0)","decl":{"start":{"line":17,"column":17},"end":{"line":17,"column":18}},"loc":{"start":{"line":17,"column":43},"end":{"line":36,"column":1}},"line":17},"1":{"name":"(anonymous_1)","decl":{"start":{"line":28,"column":15},"end":{"line":28,"column":16}},"loc":{"start":{"line":28,"column":35},"end":{"line":35,"column":9}},"line":28}},"branchMap":{"0":{"loc":{"start":{"line":30,"column":12},"end":{"line":30,"column":38}},"type":"if","locations":[{"start":{"line":30,"column":12},"end":{"line":30,"column":38}},{"start":{"line":30,"column":12},"end":{"line":30,"column":38}}],"line":30}},"s":{"0":1,"1":1,"2":1,"3":1,"4":3,"5":3,"6":2,"7":2,"8":2,"9":1,"10":1,"11":1},"f":{"0":3,"1":2},"b":{"0":[1,1]},"_coverageSchema":"1a1c01bbd47fc00a2c39e90264f33305004495a9","hash":"0af45846053a163fd311124bb327e8f97d537c8d","contentHash":"565897f074e2944b872677c6fb9bf7e061163024fb74ec5b94ec8c9135b2d2ea"},"C:\\Users\\polpe\\bootcamp\\collab\\skylab-bootcamp-202004\\staff\\pol-pedro\\takemytask\\takemytask-client-logic\\authenticate.spec.js":{"path":"C:\\Users\\polpe\\bootcamp\\collab\\skylab-bootcamp-202004\\staff\\pol-pedro\\takemytask\\takemytask-client-logic\\authenticate.spec.js","statementMap":{"0":{"start":{"line":1,"column":0},"end":{"line":1,"column":26}},"1":{"start":{"line":3,"column":75},"end":{"line":3,"column":82}},"2":{"start":{"line":5,"column":21},"end":{"line":5,"column":46}},"3":{"start":{"line":6,"column":19},"end":{"line":6,"column":23}},"4":{"start":{"line":7,"column":19},"end":{"line":7,"column":34}},"5":{"start":{"line":8,"column":0},"end":{"line":8,"column":44}},"6":{"start":{"line":9,"column":47},"end":{"line":9,"column":73}},"7":{"start":{"line":10,"column":15},"end":{"line":10,"column":34}},"8":{"start":{"line":11,"column":0},"end":{"line":11,"column":43}},"9":{"start":{"line":12,"column":16},"end":{"line":12,"column":36}},"10":{"start":{"line":14,"column":0},"end":{"line":14,"column":25}},"11":{"start":{"line":16,"column":0},"end":{"line":119,"column":2}},"12":{"start":{"line":17,"column":4},"end":{"line":17,"column":47}},"13":{"start":{"line":17,"column":17},"end":{"line":17,"column":46}},"14":{"start":{"line":21,"column":4},"end":{"line":36,"column":6}},"15":{"start":{"line":22,"column":8},"end":{"line":22,"column":31}},"16":{"start":{"line":23,"column":8},"end":{"line":23,"column":33}},"17":{"start":{"line":25,"column":8},"end":{"line":25,"column":33}},"18":{"start":{"line":26,"column":8},"end":{"line":26,"column":39}},"19":{"start":{"line":27,"column":8},"end":{"line":27,"column":40}},"20":{"start":{"line":28,"column":8},"end":{"line":28,"column":41}},"21":{"start":{"line":29,"column":8},"end":{"line":29,"column":37}},"22":{"start":{"line":31,"column":21},"end":{"line":31,"column":52}},"23":{"start":{"line":33,"column":21},"end":{"line":33,"column":86}},"24":{"start":{"line":35,"column":8},"end":{"line":35,"column":24}},"25":{"start":{"line":38,"column":4},"end":{"line":44,"column":6}},"26":{"start":{"line":39,"column":8},"end":{"line":43,"column":14}},"27":{"start":{"line":41,"column":34},"end":{"line":41,"column":49}},"28":{"start":{"line":42,"column":16},"end":{"line":42,"column":38}},"29":{"start":{"line":46,"column":4},"end":{"line":52,"column":6}},"30":{"start":{"line":47,"column":8},"end":{"line":51,"column":14}},"31":{"start":{"line":49,"column":16},"end":{"line":49,"column":38}},"32":{"start":{"line":50,"column":16},"end":{"line":50,"column":73}},"33":{"start":{"line":54,"column":4},"end":{"line":61,"column":6}},"34":{"start":{"line":55,"column":7},"end":{"line":60,"column":8}},"35":{"start":{"line":56,"column":11},"end":{"line":56,"column":48}},"36":{"start":{"line":58,"column":12},"end":{"line":58,"column":34}},"37":{"start":{"line":59,"column":12},"end":{"line":59,"column":68}},"38":{"start":{"line":63,"column":4},"end":{"line":113,"column":6}},"39":{"start":{"line":67,"column":8},"end":{"line":87,"column":10}},"40":{"start":{"line":68,"column":12},"end":{"line":68,"column":35}},"41":{"start":{"line":69,"column":12},"end":{"line":69,"column":37}},"42":{"start":{"line":71,"column":12},"end":{"line":71,"column":37}},"43":{"start":{"line":72,"column":12},"end":{"line":72,"column":43}},"44":{"start":{"line":73,"column":12},"end":{"line":73,"column":44}},"45":{"start":{"line":74,"column":12},"end":{"line":74,"column":45}},"46":{"start":{"line":75,"column":12},"end":{"line":75,"column":41}},"47":{"start":{"line":76,"column":12},"end":{"line":76,"column":49}},"48":{"start":{"line":77,"column":12},"end":{"line":77,"column":51}},"49":{"start":{"line":78,"column":12},"end":{"line":78,"column":37}},"50":{"start":{"line":79,"column":12},"end":{"line":79,"column":55}},"51":{"start":{"line":80,"column":12},"end":{"line":80,"column":41}},"52":{"start":{"line":82,"column":25},"end":{"line":82,"column":56}},"53":{"start":{"line":84,"column":27},"end":{"line":84,"column":164}},"54":{"start":{"line":86,"column":12},"end":{"line":86,"column":32}},"55":{"start":{"line":89,"column":8},"end":{"line":95,"column":10}},"56":{"start":{"line":90,"column":12},"end":{"line":94,"column":18}},"57":{"start":{"line":92,"column":38},"end":{"line":92,"column":53}},"58":{"start":{"line":93,"column":20},"end":{"line":93,"column":42}},"59":{"start":{"line":97,"column":8},"end":{"line":103,"column":10}},"60":{"start":{"line":98,"column":12},"end":{"line":102,"column":18}},"61":{"start":{"line":100,"column":20},"end":{"line":100,"column":42}},"62":{"start":{"line":101,"column":20},"end":{"line":101,"column":77}},"63":{"start":{"line":105,"column":8},"end":{"line":112,"column":11}},"64":{"start":{"line":106,"column":12},"end":{"line":111,"column":13}},"65":{"start":{"line":107,"column":16},"end":{"line":107,"column":53}},"66":{"start":{"line":109,"column":17},"end":{"line":109,"column":39}},"67":{"start":{"line":110,"column":17},"end":{"line":110,"column":73}},"68":{"start":{"line":116,"column":4},"end":{"line":116,"column":59}},"69":{"start":{"line":116,"column":20},"end":{"line":116,"column":37}},"70":{"start":{"line":118,"column":4},"end":{"line":118,"column":30}}},"fnMap":{"0":{"name":"(anonymous_0)","decl":{"start":{"line":16,"column":38},"end":{"line":16,"column":39}},"loc":{"start":{"line":16,"column":44},"end":{"line":119,"column":1}},"line":16},"1":{"name":"(anonymous_1)","decl":{"start":{"line":17,"column":11},"end":{"line":17,"column":12}},"loc":{"start":{"line":17,"column":17},"end":{"line":17,"column":46}},"line":17},"2":{"name":"(anonymous_2)","decl":{"start":{"line":21,"column":15},"end":{"line":21,"column":16}},"loc":{"start":{"line":21,"column":27},"end":{"line":36,"column":5}},"line":21},"3":{"name":"(anonymous_3)","decl":{"start":{"line":38,"column":57},"end":{"line":38,"column":58}},"loc":{"start":{"line":38,"column":69},"end":{"line":44,"column":5}},"line":38},"4":{"name":"(anonymous_4)","decl":{"start":{"line":40,"column":18},"end":{"line":40,"column":19}},"loc":{"start":{"line":40,"column":24},"end":{"line":43,"column":13}},"line":40},"5":{"name":"(anonymous_5)","decl":{"start":{"line":46,"column":40},"end":{"line":46,"column":41}},"loc":{"start":{"line":46,"column":52},"end":{"line":52,"column":5}},"line":46},"6":{"name":"(anonymous_6)","decl":{"start":{"line":48,"column":19},"end":{"line":48,"column":20}},"loc":{"start":{"line":48,"column":30},"end":{"line":51,"column":13}},"line":48},"7":{"name":"(anonymous_7)","decl":{"start":{"line":54,"column":39},"end":{"line":54,"column":40}},"loc":{"start":{"line":54,"column":51},"end":{"line":61,"column":5}},"line":54},"8":{"name":"(anonymous_8)","decl":{"start":{"line":63,"column":44},"end":{"line":63,"column":45}},"loc":{"start":{"line":63,"column":50},"end":{"line":113,"column":5}},"line":63},"9":{"name":"(anonymous_9)","decl":{"start":{"line":67,"column":19},"end":{"line":67,"column":20}},"loc":{"start":{"line":67,"column":31},"end":{"line":87,"column":9}},"line":67},"10":{"name":"(anonymous_10)","decl":{"start":{"line":89,"column":63},"end":{"line":89,"column":64}},"loc":{"start":{"line":89,"column":75},"end":{"line":95,"column":9}},"line":89},"11":{"name":"(anonymous_11)","decl":{"start":{"line":91,"column":22},"end":{"line":91,"column":23}},"loc":{"start":{"line":91,"column":28},"end":{"line":94,"column":17}},"line":91},"12":{"name":"(anonymous_12)","decl":{"start":{"line":97,"column":44},"end":{"line":97,"column":45}},"loc":{"start":{"line":97,"column":56},"end":{"line":103,"column":9}},"line":97},"13":{"name":"(anonymous_13)","decl":{"start":{"line":99,"column":23},"end":{"line":99,"column":24}},"loc":{"start":{"line":99,"column":34},"end":{"line":102,"column":17}},"line":99},"14":{"name":"(anonymous_14)","decl":{"start":{"line":105,"column":43},"end":{"line":105,"column":44}},"loc":{"start":{"line":105,"column":55},"end":{"line":112,"column":10}},"line":105},"15":{"name":"(anonymous_15)","decl":{"start":{"line":116,"column":14},"end":{"line":116,"column":15}},"loc":{"start":{"line":116,"column":20},"end":{"line":116,"column":37}},"line":116}},"branchMap":{},"s":{"0":1,"1":1,"2":1,"3":1,"4":1,"5":1,"6":1,"7":1,"8":1,"9":1,"10":1,"11":1,"12":1,"13":1,"14":1,"15":6,"16":6,"17":6,"18":6,"19":6,"20":6,"21":6,"22":6,"23":6,"24":6,"25":1,"26":1,"27":1,"28":1,"29":1,"30":1,"31":1,"32":1,"33":1,"34":1,"35":1,"36":1,"37":1,"38":1,"39":1,"40":3,"41":3,"42":3,"43":3,"44":3,"45":3,"46":3,"47":3,"48":3,"49":3,"50":3,"51":3,"52":3,"53":3,"54":3,"55":1,"56":1,"57":1,"58":1,"59":1,"60":1,"61":1,"62":1,"63":1,"64":1,"65":1,"66":1,"67":1,"68":1,"69":6,"70":1},"f":{"0":1,"1":1,"2":6,"3":1,"4":1,"5":1,"6":1,"7":1,"8":1,"9":3,"10":1,"11":1,"12":1,"13":1,"14":1,"15":6},"b":{},"_coverageSchema":"1a1c01bbd47fc00a2c39e90264f33305004495a9","hash":"2806dadedd09d0b1aa737bbca1af0f084aa2e454","contentHash":"713777aa3307972666bf2fe06c74994d7ddef5f9a52d253b060327feb273f367"},"C:\\Users\\polpe\\bootcamp\\collab\\skylab-bootcamp-202004\\staff\\pol-pedro\\takemytask\\takemytask-client-logic\\authenticate.js":{"path":"C:\\Users\\polpe\\bootcamp\\collab\\skylab-bootcamp-202004\\staff\\pol-pedro\\takemytask\\takemytask-client-logic\\authenticate.js","statementMap":{"0":{"start":{"line":1,"column":0},"end":{"line":1,"column":46}},"1":{"start":{"line":2,"column":35},"end":{"line":2,"column":64}},"2":{"start":{"line":3,"column":16},"end":{"line":3,"column":36}},"3":{"start":{"line":16,"column":0},"end":{"line":37,"column":15}},"4":{"start":{"line":17,"column":4},"end":{"line":17,"column":25}},"5":{"start":{"line":19,"column":4},"end":{"line":19,"column":37}},"6":{"start":{"line":21,"column":4},"end":{"line":35,"column":14}},"7":{"start":{"line":25,"column":16},"end":{"line":34,"column":17}},"8":{"start":{"line":27,"column":36},"end":{"line":27,"column":52}},"9":{"start":{"line":29,"column":20},"end":{"line":29,"column":46}},"10":{"start":{"line":32,"column":38},"end":{"line":32,"column":54}},"11":{"start":{"line":33,"column":20},"end":{"line":33,"column":43}}},"fnMap":{"0":{"name":"(anonymous_0)","decl":{"start":{"line":16,"column":17},"end":{"line":16,"column":18}},"loc":{"start":{"line":16,"column":44},"end":{"line":37,"column":1}},"line":16},"1":{"name":"(anonymous_1)","decl":{"start":{"line":24,"column":18},"end":{"line":24,"column":19}},"loc":{"start":{"line":24,"column":38},"end":{"line":35,"column":13}},"line":24}},"branchMap":{"0":{"loc":{"start":{"line":25,"column":16},"end":{"line":34,"column":17}},"type":"if","locations":[{"start":{"line":25,"column":16},"end":{"line":34,"column":17}},{"start":{"line":25,"column":16},"end":{"line":34,"column":17}}],"line":25}},"s":{"0":1,"1":1,"2":1,"3":1,"4":6,"5":4,"6":4,"7":4,"8":2,"9":2,"10":2,"11":2},"f":{"0":6,"1":4},"b":{"0":[2,2]},"_coverageSchema":"1a1c01bbd47fc00a2c39e90264f33305004495a9","hash":"ee1b8cb18552ca8f8839056f944439da5ccfc5f5","contentHash":"4c943c6aa96bdfbad9bb9412afe610b043b523c5b18d28682b285fc411640a3a"},"C:\\Users\\polpe\\bootcamp\\collab\\skylab-bootcamp-202004\\staff\\pol-pedro\\takemytask\\takemytask-client-logic\\creat-chat.spec.js":{"path":"C:\\Users\\polpe\\bootcamp\\collab\\skylab-bootcamp-202004\\staff\\pol-pedro\\takemytask\\takemytask-client-logic\\creat-chat.spec.js","statementMap":{"0":{"start":{"line":1,"column":0},"end":{"line":1,"column":26}},"1":{"start":{"line":3,"column":96},"end":{"line":3,"column":103}},"2":{"start":{"line":5,"column":18},"end":{"line":5,"column":41}},"3":{"start":{"line":6,"column":19},"end":{"line":6,"column":23}},"4":{"start":{"line":7,"column":19},"end":{"line":7,"column":34}},"5":{"start":{"line":8,"column":0},"end":{"line":8,"column":44}},"6":{"start":{"line":9,"column":52},"end":{"line":9,"column":78}},"7":{"start":{"line":10,"column":15},"end":{"line":10,"column":34}},"8":{"start":{"line":11,"column":0},"end":{"line":11,"column":43}},"9":{"start":{"line":12,"column":16},"end":{"line":12,"column":36}},"10":{"start":{"line":13,"column":35},"end":{"line":13,"column":64}},"11":{"start":{"line":15,"column":0},"end":{"line":15,"column":25}},"12":{"start":{"line":17,"column":0},"end":{"line":121,"column":2}},"13":{"start":{"line":18,"column":4},"end":{"line":18,"column":47}},"14":{"start":{"line":18,"column":17},"end":{"line":18,"column":46}},"15":{"start":{"line":22,"column":4},"end":{"line":49,"column":6}},"16":{"start":{"line":23,"column":8},"end":{"line":23,"column":31}},"17":{"start":{"line":24,"column":8},"end":{"line":24,"column":33}},"18":{"start":{"line":25,"column":8},"end":{"line":25,"column":31}},"19":{"start":{"line":27,"column":8},"end":{"line":27,"column":33}},"20":{"start":{"line":28,"column":8},"end":{"line":28,"column":39}},"21":{"start":{"line":29,"column":8},"end":{"line":29,"column":40}},"22":{"start":{"line":30,"column":8},"end":{"line":30,"column":41}},"23":{"start":{"line":31,"column":8},"end":{"line":31,"column":37}},"24":{"start":{"line":33,"column":8},"end":{"line":33,"column":34}},"25":{"start":{"line":34,"column":8},"end":{"line":34,"column":40}},"26":{"start":{"line":35,"column":8},"end":{"line":35,"column":41}},"27":{"start":{"line":36,"column":8},"end":{"line":36,"column":42}},"28":{"start":{"line":37,"column":8},"end":{"line":37,"column":38}},"29":{"start":{"line":38,"column":8},"end":{"line":38,"column":45}},"30":{"start":{"line":39,"column":8},"end":{"line":39,"column":47}},"31":{"start":{"line":40,"column":8},"end":{"line":40,"column":33}},"32":{"start":{"line":41,"column":8},"end":{"line":41,"column":51}},"33":{"start":{"line":42,"column":8},"end":{"line":42,"column":37}},"34":{"start":{"line":44,"column":22},"end":{"line":44,"column":53}},"35":{"start":{"line":46,"column":23},"end":{"line":46,"column":195}},"36":{"start":{"line":48,"column":8},"end":{"line":48,"column":28}},"37":{"start":{"line":51,"column":4},"end":{"line":94,"column":6}},"38":{"start":{"line":52,"column":8},"end":{"line":59,"column":14}},"39":{"start":{"line":53,"column":25},"end":{"line":53,"column":84}},"40":{"start":{"line":55,"column":12},"end":{"line":55,"column":29}},"41":{"start":{"line":57,"column":12},"end":{"line":58,"column":63}},"42":{"start":{"line":58,"column":33},"end":{"line":58,"column":62}},"43":{"start":{"line":61,"column":12},"end":{"line":90,"column":14}},"44":{"start":{"line":62,"column":16},"end":{"line":62,"column":41}},"45":{"start":{"line":64,"column":30},"end":{"line":64,"column":47}},"46":{"start":{"line":66,"column":32},"end":{"line":66,"column":49}},"47":{"start":{"line":68,"column":31},"end":{"line":68,"column":36}},"48":{"start":{"line":70,"column":33},"end":{"line":70,"column":40}},"49":{"start":{"line":72,"column":16},"end":{"line":72,"column":45}},"50":{"start":{"line":73,"column":16},"end":{"line":73,"column":47}},"51":{"start":{"line":75,"column":30},"end":{"line":75,"column":47}},"52":{"start":{"line":79,"column":31},"end":{"line":79,"column":36}},"53":{"start":{"line":81,"column":34},"end":{"line":81,"column":47}},"54":{"start":{"line":85,"column":16},"end":{"line":85,"column":62}},"55":{"start":{"line":86,"column":16},"end":{"line":86,"column":77}},"56":{"start":{"line":87,"column":16},"end":{"line":87,"column":72}},"57":{"start":{"line":88,"column":16},"end":{"line":88,"column":76}},"58":{"start":{"line":96,"column":4},"end":{"line":114,"column":6}},"59":{"start":{"line":98,"column":8},"end":{"line":102,"column":10}},"60":{"start":{"line":99,"column":12},"end":{"line":99,"column":47}},"61":{"start":{"line":100,"column":12},"end":{"line":101,"column":63}},"62":{"start":{"line":101,"column":33},"end":{"line":101,"column":62}},"63":{"start":{"line":104,"column":8},"end":{"line":113,"column":10}},"64":{"start":{"line":105,"column":12},"end":{"line":112,"column":13}},"65":{"start":{"line":107,"column":31},"end":{"line":107,"column":54}},"66":{"start":{"line":108,"column":16},"end":{"line":108,"column":39}},"67":{"start":{"line":110,"column":16},"end":{"line":110,"column":38}},"68":{"start":{"line":111,"column":16},"end":{"line":111,"column":66}},"69":{"start":{"line":118,"column":4},"end":{"line":118,"column":78}},"70":{"start":{"line":118,"column":20},"end":{"line":118,"column":37}},"71":{"start":{"line":120,"column":4},"end":{"line":120,"column":30}}},"fnMap":{"0":{"name":"(anonymous_0)","decl":{"start":{"line":17,"column":31},"end":{"line":17,"column":32}},"loc":{"start":{"line":17,"column":37},"end":{"line":121,"column":1}},"line":17},"1":{"name":"(anonymous_1)","decl":{"start":{"line":18,"column":11},"end":{"line":18,"column":12}},"loc":{"start":{"line":18,"column":17},"end":{"line":18,"column":46}},"line":18},"2":{"name":"(anonymous_2)","decl":{"start":{"line":22,"column":15},"end":{"line":22,"column":16}},"loc":{"start":{"line":22,"column":27},"end":{"line":49,"column":5}},"line":22},"3":{"name":"(anonymous_3)","decl":{"start":{"line":51,"column":28},"end":{"line":51,"column":29}},"loc":{"start":{"line":51,"column":34},"end":{"line":94,"column":5}},"line":51},"4":{"name":"(anonymous_4)","decl":{"start":{"line":52,"column":19},"end":{"line":52,"column":20}},"loc":{"start":{"line":52,"column":31},"end":{"line":59,"column":13}},"line":52},"5":{"name":"(anonymous_5)","decl":{"start":{"line":58,"column":22},"end":{"line":58,"column":23}},"loc":{"start":{"line":58,"column":33},"end":{"line":58,"column":62}},"line":58},"6":{"name":"(anonymous_6)","decl":{"start":{"line":61,"column":52},"end":{"line":61,"column":53}},"loc":{"start":{"line":61,"column":64},"end":{"line":90,"column":13}},"line":61},"7":{"name":"(anonymous_7)","decl":{"start":{"line":96,"column":33},"end":{"line":96,"column":34}},"loc":{"start":{"line":96,"column":39},"end":{"line":114,"column":5}},"line":96},"8":{"name":"(anonymous_8)","decl":{"start":{"line":98,"column":19},"end":{"line":98,"column":20}},"loc":{"start":{"line":98,"column":30},"end":{"line":102,"column":9}},"line":98},"9":{"name":"(anonymous_9)","decl":{"start":{"line":101,"column":22},"end":{"line":101,"column":23}},"loc":{"start":{"line":101,"column":33},"end":{"line":101,"column":62}},"line":101},"10":{"name":"(anonymous_10)","decl":{"start":{"line":104,"column":42},"end":{"line":104,"column":43}},"loc":{"start":{"line":104,"column":54},"end":{"line":113,"column":9}},"line":104},"11":{"name":"(anonymous_11)","decl":{"start":{"line":118,"column":14},"end":{"line":118,"column":15}},"loc":{"start":{"line":118,"column":20},"end":{"line":118,"column":37}},"line":118}},"branchMap":{},"s":{"0":1,"1":1,"2":1,"3":1,"4":1,"5":1,"6":1,"7":1,"8":1,"9":1,"10":1,"11":1,"12":1,"13":1,"14":1,"15":1,"16":2,"17":2,"18":2,"19":2,"20":2,"21":2,"22":2,"23":2,"24":2,"25":2,"26":2,"27":2,"28":2,"29":2,"30":2,"31":2,"32":2,"33":2,"34":2,"35":2,"36":2,"37":1,"38":1,"39":1,"40":1,"41":1,"42":1,"43":1,"44":1,"45":1,"46":1,"47":1,"48":1,"49":1,"50":1,"51":1,"52":1,"53":1,"54":1,"55":1,"56":1,"57":1,"58":1,"59":1,"60":1,"61":1,"62":1,"63":1,"64":1,"65":1,"66":0,"67":1,"68":1,"69":1,"70":2,"71":1},"f":{"0":1,"1":1,"2":2,"3":1,"4":1,"5":1,"6":1,"7":1,"8":1,"9":1,"10":1,"11":2},"b":{},"_coverageSchema":"1a1c01bbd47fc00a2c39e90264f33305004495a9","hash":"a6b4b9af475313ebf3bcb6389aed0fa29f86e56b","contentHash":"f3bfc43b61bc22a32b6b75989978c0f52171c23306453a5e345246cce39493d3"},"C:\\Users\\polpe\\bootcamp\\collab\\skylab-bootcamp-202004\\staff\\pol-pedro\\takemytask\\takemytask-client-logic\\creat-chat.js":{"path":"C:\\Users\\polpe\\bootcamp\\collab\\skylab-bootcamp-202004\\staff\\pol-pedro\\takemytask\\takemytask-client-logic\\creat-chat.js","statementMap":{"0":{"start":{"line":1,"column":0},"end":{"line":1,"column":46}},"1":{"start":{"line":2,"column":27},"end":{"line":2,"column":56}},"2":{"start":{"line":3,"column":16},"end":{"line":3,"column":36}},"3":{"start":{"line":15,"column":0},"end":{"line":39,"column":15}},"4":{"start":{"line":16,"column":4},"end":{"line":16,"column":41}},"5":{"start":{"line":18,"column":22},"end":{"line":18,"column":34}},"6":{"start":{"line":20,"column":4},"end":{"line":38,"column":10}},"7":{"start":{"line":28,"column":12},"end":{"line":32,"column":13}},"8":{"start":{"line":29,"column":31},"end":{"line":29,"column":47}},"9":{"start":{"line":31,"column":16},"end":{"line":31,"column":25}},"10":{"start":{"line":35,"column":30},"end":{"line":35,"column":46}},"11":{"start":{"line":37,"column":12},"end":{"line":37,"column":35}}},"fnMap":{"0":{"name":"(anonymous_0)","decl":{"start":{"line":15,"column":17},"end":{"line":15,"column":18}},"loc":{"start":{"line":15,"column":41},"end":{"line":39,"column":1}},"line":15},"1":{"name":"(anonymous_1)","decl":{"start":{"line":25,"column":15},"end":{"line":25,"column":16}},"loc":{"start":{"line":25,"column":35},"end":{"line":38,"column":9}},"line":25}},"branchMap":{"0":{"loc":{"start":{"line":28,"column":12},"end":{"line":32,"column":13}},"type":"if","locations":[{"start":{"line":28,"column":12},"end":{"line":32,"column":13}},{"start":{"line":28,"column":12},"end":{"line":32,"column":13}}],"line":28}},"s":{"0":1,"1":1,"2":1,"3":1,"4":2,"5":2,"6":2,"7":2,"8":1,"9":1,"10":1,"11":1},"f":{"0":2,"1":2},"b":{"0":[1,1]},"_coverageSchema":"1a1c01bbd47fc00a2c39e90264f33305004495a9","hash":"2f28ab0fd823f42c253a9aa9dba9491dd5f0c35f","contentHash":"5d997d79dc980f06ee40353c024f630c716b585e966495477940722602d3d37e"},"C:\\Users\\polpe\\bootcamp\\collab\\skylab-bootcamp-202004\\staff\\pol-pedro\\takemytask\\takemytask-client-logic\\register-user.spec.js":{"path":"C:\\Users\\polpe\\bootcamp\\collab\\skylab-bootcamp-202004\\staff\\pol-pedro\\takemytask\\takemytask-client-logic\\register-user.spec.js","statementMap":{"0":{"start":{"line":1,"column":0},"end":{"line":1,"column":26}},"1":{"start":{"line":3,"column":75},"end":{"line":3,"column":82}},"2":{"start":{"line":5,"column":21},"end":{"line":5,"column":47}},"3":{"start":{"line":6,"column":19},"end":{"line":6,"column":23}},"4":{"start":{"line":7,"column":19},"end":{"line":7,"column":34}},"5":{"start":{"line":8,"column":0},"end":{"line":8,"column":44}},"6":{"start":{"line":9,"column":39},"end":{"line":9,"column":65}},"7":{"start":{"line":10,"column":15},"end":{"line":10,"column":34}},"8":{"start":{"line":11,"column":0},"end":{"line":11,"column":43}},"9":{"start":{"line":12,"column":16},"end":{"line":12,"column":36}},"10":{"start":{"line":14,"column":0},"end":{"line":14,"column":25}},"11":{"start":{"line":16,"column":0},"end":{"line":85,"column":2}},"12":{"start":{"line":17,"column":4},"end":{"line":17,"column":47}},"13":{"start":{"line":17,"column":17},"end":{"line":17,"column":46}},"14":{"start":{"line":21,"column":4},"end":{"line":29,"column":6}},"15":{"start":{"line":22,"column":8},"end":{"line":22,"column":31}},"16":{"start":{"line":24,"column":8},"end":{"line":24,"column":33}},"17":{"start":{"line":25,"column":8},"end":{"line":25,"column":39}},"18":{"start":{"line":26,"column":8},"end":{"line":26,"column":40}},"19":{"start":{"line":27,"column":8},"end":{"line":27,"column":41}},"20":{"start":{"line":28,"column":8},"end":{"line":28,"column":37}},"21":{"start":{"line":31,"column":4},"end":{"line":50,"column":6}},"22":{"start":{"line":32,"column":23},"end":{"line":32,"column":81}},"23":{"start":{"line":34,"column":8},"end":{"line":34,"column":38}},"24":{"start":{"line":36,"column":22},"end":{"line":36,"column":39}},"25":{"start":{"line":38,"column":8},"end":{"line":38,"column":40}},"26":{"start":{"line":40,"column":23},"end":{"line":40,"column":28}},"27":{"start":{"line":42,"column":8},"end":{"line":42,"column":40}},"28":{"start":{"line":43,"column":8},"end":{"line":43,"column":46}},"29":{"start":{"line":44,"column":8},"end":{"line":44,"column":42}},"30":{"start":{"line":45,"column":8},"end":{"line":45,"column":44}},"31":{"start":{"line":47,"column":22},"end":{"line":47,"column":67}},"32":{"start":{"line":49,"column":8},"end":{"line":49,"column":32}},"33":{"start":{"line":52,"column":4},"end":{"line":61,"column":6}},"34":{"start":{"line":53,"column":8},"end":{"line":60,"column":9}},"35":{"start":{"line":55,"column":27},"end":{"line":55,"column":90}},"36":{"start":{"line":56,"column":12},"end":{"line":56,"column":35}},"37":{"start":{"line":58,"column":12},"end":{"line":58,"column":34}},"38":{"start":{"line":59,"column":12},"end":{"line":59,"column":71}},"39":{"start":{"line":65,"column":4},"end":{"line":80,"column":6}},"40":{"start":{"line":66,"column":8},"end":{"line":66,"column":81}},"41":{"start":{"line":66,"column":25},"end":{"line":66,"column":80}},"42":{"start":{"line":68,"column":8},"end":{"line":79,"column":10}},"43":{"start":{"line":69,"column":12},"end":{"line":78,"column":13}},"44":{"start":{"line":70,"column":16},"end":{"line":70,"column":74}},"45":{"start":{"line":72,"column":16},"end":{"line":72,"column":62}},"46":{"start":{"line":74,"column":16},"end":{"line":74,"column":38}},"47":{"start":{"line":76,"column":16},"end":{"line":76,"column":56}},"48":{"start":{"line":77,"column":16},"end":{"line":77,"column":90}},"49":{"start":{"line":82,"column":4},"end":{"line":82,"column":38}},"50":{"start":{"line":82,"column":20},"end":{"line":82,"column":37}},"51":{"start":{"line":84,"column":4},"end":{"line":84,"column":30}}},"fnMap":{"0":{"name":"(anonymous_0)","decl":{"start":{"line":16,"column":34},"end":{"line":16,"column":35}},"loc":{"start":{"line":16,"column":40},"end":{"line":85,"column":1}},"line":16},"1":{"name":"(anonymous_1)","decl":{"start":{"line":17,"column":11},"end":{"line":17,"column":12}},"loc":{"start":{"line":17,"column":17},"end":{"line":17,"column":46}},"line":17},"2":{"name":"(anonymous_2)","decl":{"start":{"line":21,"column":15},"end":{"line":21,"column":16}},"loc":{"start":{"line":21,"column":27},"end":{"line":29,"column":5}},"line":21},"3":{"name":"(anonymous_3)","decl":{"start":{"line":31,"column":39},"end":{"line":31,"column":40}},"loc":{"start":{"line":31,"column":51},"end":{"line":50,"column":5}},"line":31},"4":{"name":"(anonymous_4)","decl":{"start":{"line":52,"column":42},"end":{"line":52,"column":43}},"loc":{"start":{"line":52,"column":54},"end":{"line":61,"column":5}},"line":52},"5":{"name":"(anonymous_5)","decl":{"start":{"line":65,"column":41},"end":{"line":65,"column":42}},"loc":{"start":{"line":65,"column":47},"end":{"line":80,"column":5}},"line":65},"6":{"name":"(anonymous_6)","decl":{"start":{"line":66,"column":19},"end":{"line":66,"column":20}},"loc":{"start":{"line":66,"column":25},"end":{"line":66,"column":80}},"line":66},"7":{"name":"(anonymous_7)","decl":{"start":{"line":68,"column":65},"end":{"line":68,"column":66}},"loc":{"start":{"line":68,"column":77},"end":{"line":79,"column":9}},"line":68},"8":{"name":"(anonymous_8)","decl":{"start":{"line":82,"column":14},"end":{"line":82,"column":15}},"loc":{"start":{"line":82,"column":20},"end":{"line":82,"column":37}},"line":82}},"branchMap":{},"s":{"0":1,"1":1,"2":1,"3":1,"4":1,"5":1,"6":1,"7":1,"8":1,"9":1,"10":1,"11":1,"12":1,"13":1,"14":1,"15":3,"16":3,"17":3,"18":3,"19":3,"20":3,"21":1,"22":1,"23":1,"24":1,"25":1,"26":1,"27":1,"28":1,"29":1,"30":1,"31":1,"32":1,"33":1,"34":1,"35":1,"36":0,"37":1,"38":1,"39":1,"40":1,"41":1,"42":1,"43":1,"44":1,"45":0,"46":1,"47":1,"48":1,"49":1,"50":3,"51":1},"f":{"0":1,"1":1,"2":3,"3":1,"4":1,"5":1,"6":1,"7":1,"8":3},"b":{},"_coverageSchema":"1a1c01bbd47fc00a2c39e90264f33305004495a9","hash":"add6309927cb647320c1d3dc7bf45a6596c385a2","contentHash":"624042f74266aa6f62aefb152f97b978ab50099f13699c72037503dc2f91a222"},"C:\\Users\\polpe\\bootcamp\\collab\\skylab-bootcamp-202004\\staff\\pol-pedro\\takemytask\\takemytask-client-logic\\register-user.js":{"path":"C:\\Users\\polpe\\bootcamp\\collab\\skylab-bootcamp-202004\\staff\\pol-pedro\\takemytask\\takemytask-client-logic\\register-user.js","statementMap":{"0":{"start":{"line":1,"column":0},"end":{"line":1,"column":46}},"1":{"start":{"line":3,"column":34},"end":{"line":3,"column":63}},"2":{"start":{"line":4,"column":16},"end":{"line":4,"column":36}},"3":{"start":{"line":21,"column":0},"end":{"line":41,"column":15}},"4":{"start":{"line":22,"column":4},"end":{"line":22,"column":33}},"5":{"start":{"line":23,"column":4},"end":{"line":23,"column":36}},"6":{"start":{"line":24,"column":4},"end":{"line":24,"column":34}},"7":{"start":{"line":25,"column":4},"end":{"line":25,"column":25}},"8":{"start":{"line":26,"column":4},"end":{"line":26,"column":37}},"9":{"start":{"line":28,"column":7},"end":{"line":40,"column":14}},"10":{"start":{"line":35,"column":16},"end":{"line":35,"column":42}},"11":{"start":{"line":35,"column":36},"end":{"line":35,"column":42}},"12":{"start":{"line":37,"column":34},"end":{"line":37,"column":50}},"13":{"start":{"line":39,"column":16},"end":{"line":39,"column":39}}},"fnMap":{"0":{"name":"(anonymous_0)","decl":{"start":{"line":21,"column":17},"end":{"line":21,"column":18}},"loc":{"start":{"line":21,"column":67},"end":{"line":41,"column":1}},"line":21},"1":{"name":"(anonymous_1)","decl":{"start":{"line":33,"column":19},"end":{"line":33,"column":20}},"loc":{"start":{"line":33,"column":39},"end":{"line":40,"column":13}},"line":33}},"branchMap":{"0":{"loc":{"start":{"line":35,"column":16},"end":{"line":35,"column":42}},"type":"if","locations":[{"start":{"line":35,"column":16},"end":{"line":35,"column":42}},{"start":{"line":35,"column":16},"end":{"line":35,"column":42}}],"line":35}},"s":{"0":1,"1":1,"2":1,"3":1,"4":3,"5":2,"6":2,"7":2,"8":2,"9":2,"10":2,"11":1,"12":1,"13":1},"f":{"0":3,"1":2},"b":{"0":[1,1]},"_coverageSchema":"1a1c01bbd47fc00a2c39e90264f33305004495a9","hash":"a4ce17cc71dbfb617bfc4c02066f81b751d6439e","contentHash":"495fb59b28c824e0ddc91499628de913363cb581e2843b7454e15b9a28a45908"},"C:\\Users\\polpe\\bootcamp\\collab\\skylab-bootcamp-202004\\staff\\pol-pedro\\takemytask\\takemytask-client-logic\\register-worker.spec.js":{"path":"C:\\Users\\polpe\\bootcamp\\collab\\skylab-bootcamp-202004\\staff\\pol-pedro\\takemytask\\takemytask-client-logic\\register-worker.spec.js","statementMap":{"0":{"start":{"line":1,"column":0},"end":{"line":1,"column":26}},"1":{"start":{"line":3,"column":75},"end":{"line":3,"column":82}},"2":{"start":{"line":5,"column":23},"end":{"line":5,"column":51}},"3":{"start":{"line":6,"column":19},"end":{"line":6,"column":23}},"4":{"start":{"line":7,"column":19},"end":{"line":7,"column":34}},"5":{"start":{"line":8,"column":0},"end":{"line":8,"column":44}},"6":{"start":{"line":9,"column":41},"end":{"line":9,"column":67}},"7":{"start":{"line":10,"column":15},"end":{"line":10,"column":34}},"8":{"start":{"line":11,"column":0},"end":{"line":11,"column":43}},"9":{"start":{"line":12,"column":16},"end":{"line":12,"column":36}},"10":{"start":{"line":14,"column":0},"end":{"line":14,"column":25}},"11":{"start":{"line":16,"column":0},"end":{"line":96,"column":2}},"12":{"start":{"line":17,"column":4},"end":{"line":17,"column":47}},"13":{"start":{"line":17,"column":17},"end":{"line":17,"column":46}},"14":{"start":{"line":21,"column":4},"end":{"line":35,"column":6}},"15":{"start":{"line":22,"column":8},"end":{"line":22,"column":33}},"16":{"start":{"line":24,"column":8},"end":{"line":24,"column":33}},"17":{"start":{"line":25,"column":8},"end":{"line":25,"column":39}},"18":{"start":{"line":26,"column":8},"end":{"line":26,"column":40}},"19":{"start":{"line":27,"column":8},"end":{"line":27,"column":41}},"20":{"start":{"line":28,"column":8},"end":{"line":28,"column":37}},"21":{"start":{"line":29,"column":8},"end":{"line":29,"column":45}},"22":{"start":{"line":30,"column":8},"end":{"line":30,"column":47}},"23":{"start":{"line":31,"column":8},"end":{"line":31,"column":49}},"24":{"start":{"line":32,"column":8},"end":{"line":32,"column":44}},"25":{"start":{"line":33,"column":8},"end":{"line":33,"column":53}},"26":{"start":{"line":34,"column":8},"end":{"line":34,"column":48}},"27":{"start":{"line":37,"column":4},"end":{"line":61,"column":6}},"28":{"start":{"line":38,"column":23},"end":{"line":38,"column":167}},"29":{"start":{"line":40,"column":8},"end":{"line":40,"column":38}},"30":{"start":{"line":42,"column":22},"end":{"line":42,"column":41}},"31":{"start":{"line":44,"column":8},"end":{"line":44,"column":40}},"32":{"start":{"line":46,"column":23},"end":{"line":46,"column":28}},"33":{"start":{"line":48,"column":8},"end":{"line":48,"column":40}},"34":{"start":{"line":49,"column":8},"end":{"line":49,"column":46}},"35":{"start":{"line":50,"column":8},"end":{"line":50,"column":42}},"36":{"start":{"line":51,"column":8},"end":{"line":51,"column":44}},"37":{"start":{"line":52,"column":8},"end":{"line":52,"column":52}},"38":{"start":{"line":53,"column":8},"end":{"line":53,"column":54}},"39":{"start":{"line":54,"column":8},"end":{"line":54,"column":54}},"40":{"start":{"line":55,"column":8},"end":{"line":55,"column":80}},"41":{"start":{"line":56,"column":8},"end":{"line":56,"column":62}},"42":{"start":{"line":58,"column":22},"end":{"line":58,"column":67}},"43":{"start":{"line":60,"column":8},"end":{"line":60,"column":32}},"44":{"start":{"line":63,"column":4},"end":{"line":72,"column":6}},"45":{"start":{"line":64,"column":8},"end":{"line":71,"column":9}},"46":{"start":{"line":66,"column":27},"end":{"line":66,"column":92}},"47":{"start":{"line":67,"column":12},"end":{"line":67,"column":35}},"48":{"start":{"line":69,"column":12},"end":{"line":69,"column":34}},"49":{"start":{"line":70,"column":12},"end":{"line":70,"column":71}},"50":{"start":{"line":76,"column":4},"end":{"line":91,"column":6}},"51":{"start":{"line":77,"column":8},"end":{"line":77,"column":167}},"52":{"start":{"line":77,"column":25},"end":{"line":77,"column":166}},"53":{"start":{"line":79,"column":8},"end":{"line":90,"column":10}},"54":{"start":{"line":80,"column":12},"end":{"line":89,"column":13}},"55":{"start":{"line":81,"column":16},"end":{"line":81,"column":160}},"56":{"start":{"line":83,"column":16},"end":{"line":83,"column":62}},"57":{"start":{"line":85,"column":16},"end":{"line":85,"column":38}},"58":{"start":{"line":87,"column":16},"end":{"line":87,"column":56}},"59":{"start":{"line":88,"column":16},"end":{"line":88,"column":92}},"60":{"start":{"line":93,"column":4},"end":{"line":93,"column":40}},"61":{"start":{"line":93,"column":20},"end":{"line":93,"column":39}},"62":{"start":{"line":95,"column":4},"end":{"line":95,"column":30}}},"fnMap":{"0":{"name":"(anonymous_0)","decl":{"start":{"line":16,"column":36},"end":{"line":16,"column":37}},"loc":{"start":{"line":16,"column":42},"end":{"line":96,"column":1}},"line":16},"1":{"name":"(anonymous_1)","decl":{"start":{"line":17,"column":11},"end":{"line":17,"column":12}},"loc":{"start":{"line":17,"column":17},"end":{"line":17,"column":46}},"line":17},"2":{"name":"(anonymous_2)","decl":{"start":{"line":21,"column":15},"end":{"line":21,"column":16}},"loc":{"start":{"line":21,"column":27},"end":{"line":35,"column":5}},"line":21},"3":{"name":"(anonymous_3)","decl":{"start":{"line":37,"column":39},"end":{"line":37,"column":40}},"loc":{"start":{"line":37,"column":51},"end":{"line":61,"column":5}},"line":37},"4":{"name":"(anonymous_4)","decl":{"start":{"line":63,"column":42},"end":{"line":63,"column":43}},"loc":{"start":{"line":63,"column":54},"end":{"line":72,"column":5}},"line":63},"5":{"name":"(anonymous_5)","decl":{"start":{"line":76,"column":41},"end":{"line":76,"column":42}},"loc":{"start":{"line":76,"column":47},"end":{"line":91,"column":5}},"line":76},"6":{"name":"(anonymous_6)","decl":{"start":{"line":77,"column":19},"end":{"line":77,"column":20}},"loc":{"start":{"line":77,"column":25},"end":{"line":77,"column":166}},"line":77},"7":{"name":"(anonymous_7)","decl":{"start":{"line":79,"column":65},"end":{"line":79,"column":66}},"loc":{"start":{"line":79,"column":77},"end":{"line":90,"column":9}},"line":79},"8":{"name":"(anonymous_8)","decl":{"start":{"line":93,"column":14},"end":{"line":93,"column":15}},"loc":{"start":{"line":93,"column":20},"end":{"line":93,"column":39}},"line":93}},"branchMap":{},"s":{"0":1,"1":1,"2":1,"3":1,"4":1,"5":1,"6":1,"7":1,"8":1,"9":1,"10":1,"11":1,"12":1,"13":1,"14":1,"15":3,"16":3,"17":3,"18":3,"19":3,"20":3,"21":3,"22":3,"23":3,"24":3,"25":3,"26":3,"27":1,"28":1,"29":1,"30":1,"31":1,"32":1,"33":1,"34":1,"35":1,"36":1,"37":1,"38":1,"39":1,"40":1,"41":1,"42":1,"43":1,"44":1,"45":1,"46":1,"47":0,"48":1,"49":1,"50":1,"51":1,"52":1,"53":1,"54":1,"55":1,"56":0,"57":1,"58":1,"59":1,"60":1,"61":3,"62":1},"f":{"0":1,"1":1,"2":3,"3":1,"4":1,"5":1,"6":1,"7":1,"8":3},"b":{},"_coverageSchema":"1a1c01bbd47fc00a2c39e90264f33305004495a9","hash":"d64d55931da49dca4cdf2519991ec6b63a061405","contentHash":"0bd0e73965f669af604c3f8e9021531407524225cefb9e9a47ec37fbf1852efd"},"C:\\Users\\polpe\\bootcamp\\collab\\skylab-bootcamp-202004\\staff\\pol-pedro\\takemytask\\takemytask-client-logic\\register-worker.js":{"path":"C:\\Users\\polpe\\bootcamp\\collab\\skylab-bootcamp-202004\\staff\\pol-pedro\\takemytask\\takemytask-client-logic\\register-worker.js","statementMap":{"0":{"start":{"line":1,"column":0},"end":{"line":1,"column":46}},"1":{"start":{"line":2,"column":0},"end":{"line":2,"column":46}},"2":{"start":{"line":3,"column":0},"end":{"line":3,"column":46}},"3":{"start":{"line":5,"column":34},"end":{"line":5,"column":63}},"4":{"start":{"line":6,"column":16},"end":{"line":6,"column":36}},"5":{"start":{"line":29,"column":0},"end":{"line":65,"column":15}},"6":{"start":{"line":30,"column":4},"end":{"line":30,"column":33}},"7":{"start":{"line":31,"column":4},"end":{"line":31,"column":36}},"8":{"start":{"line":32,"column":4},"end":{"line":32,"column":34}},"9":{"start":{"line":33,"column":4},"end":{"line":33,"column":25}},"10":{"start":{"line":34,"column":4},"end":{"line":34,"column":37}},"11":{"start":{"line":35,"column":4},"end":{"line":35,"column":39}},"12":{"start":{"line":36,"column":4},"end":{"line":36,"column":40}},"13":{"start":{"line":37,"column":4},"end":{"line":37,"column":40}},"14":{"start":{"line":38,"column":4},"end":{"line":38,"column":29}},"15":{"start":{"line":39,"column":4},"end":{"line":39,"column":44}},"16":{"start":{"line":42,"column":7},"end":{"line":64,"column":14}},"17":{"start":{"line":59,"column":16},"end":{"line":59,"column":42}},"18":{"start":{"line":59,"column":36},"end":{"line":59,"column":42}},"19":{"start":{"line":61,"column":34},"end":{"line":61,"column":50}},"20":{"start":{"line":63,"column":16},"end":{"line":63,"column":39}}},"fnMap":{"0":{"name":"(anonymous_0)","decl":{"start":{"line":29,"column":17},"end":{"line":29,"column":18}},"loc":{"start":{"line":29,"column":146},"end":{"line":65,"column":1}},"line":29},"1":{"name":"(anonymous_1)","decl":{"start":{"line":57,"column":19},"end":{"line":57,"column":20}},"loc":{"start":{"line":57,"column":39},"end":{"line":64,"column":13}},"line":57}},"branchMap":{"0":{"loc":{"start":{"line":59,"column":16},"end":{"line":59,"column":42}},"type":"if","locations":[{"start":{"line":59,"column":16},"end":{"line":59,"column":42}},{"start":{"line":59,"column":16},"end":{"line":59,"column":42}}],"line":59}},"s":{"0":1,"1":1,"2":1,"3":1,"4":1,"5":1,"6":3,"7":2,"8":2,"9":2,"10":2,"11":2,"12":2,"13":2,"14":2,"15":2,"16":2,"17":2,"18":1,"19":1,"20":1},"f":{"0":3,"1":2},"b":{"0":[1,1]},"_coverageSchema":"1a1c01bbd47fc00a2c39e90264f33305004495a9","hash":"c2ffef6360fc3b7166bcb927d71c1be1bd088566","contentHash":"76a994a9c65715b2b694b753e55cbacf3b5d0da580a66cb9c182d08127bc1843"},"C:\\Users\\polpe\\bootcamp\\collab\\skylab-bootcamp-202004\\staff\\pol-pedro\\takemytask\\takemytask-client-logic\\retrive-chat.spec.js":{"path":"C:\\Users\\polpe\\bootcamp\\collab\\skylab-bootcamp-202004\\staff\\pol-pedro\\takemytask\\takemytask-client-logic\\retrive-chat.spec.js","statementMap":{"0":{"start":{"line":1,"column":0},"end":{"line":1,"column":26}},"1":{"start":{"line":3,"column":96},"end":{"line":3,"column":103}},"2":{"start":{"line":5,"column":20},"end":{"line":5,"column":45}},"3":{"start":{"line":6,"column":19},"end":{"line":6,"column":23}},"4":{"start":{"line":7,"column":19},"end":{"line":7,"column":34}},"5":{"start":{"line":8,"column":0},"end":{"line":8,"column":44}},"6":{"start":{"line":9,"column":35},"end":{"line":9,"column":64}},"7":{"start":{"line":10,"column":85},"end":{"line":10,"column":111}},"8":{"start":{"line":11,"column":15},"end":{"line":11,"column":34}},"9":{"start":{"line":12,"column":0},"end":{"line":12,"column":43}},"10":{"start":{"line":13,"column":16},"end":{"line":13,"column":36}},"11":{"start":{"line":15,"column":0},"end":{"line":15,"column":25}},"12":{"start":{"line":17,"column":0},"end":{"line":17,"column":20}},"13":{"start":{"line":19,"column":0},"end":{"line":137,"column":2}},"14":{"start":{"line":20,"column":4},"end":{"line":20,"column":47}},"15":{"start":{"line":20,"column":17},"end":{"line":20,"column":46}},"16":{"start":{"line":24,"column":4},"end":{"line":81,"column":6}},"17":{"start":{"line":25,"column":8},"end":{"line":25,"column":31}},"18":{"start":{"line":26,"column":8},"end":{"line":26,"column":33}},"19":{"start":{"line":27,"column":8},"end":{"line":27,"column":31}},"20":{"start":{"line":29,"column":8},"end":{"line":29,"column":33}},"21":{"start":{"line":30,"column":8},"end":{"line":30,"column":39}},"22":{"start":{"line":31,"column":8},"end":{"line":31,"column":40}},"23":{"start":{"line":32,"column":8},"end":{"line":32,"column":41}},"24":{"start":{"line":33,"column":8},"end":{"line":33,"column":37}},"25":{"start":{"line":35,"column":21},"end":{"line":35,"column":52}},"26":{"start":{"line":37,"column":21},"end":{"line":37,"column":86}},"27":{"start":{"line":39,"column":8},"end":{"line":40,"column":59}},"28":{"start":{"line":40,"column":29},"end":{"line":40,"column":58}},"29":{"start":{"line":42,"column":8},"end":{"line":42,"column":24}},"30":{"start":{"line":44,"column":8},"end":{"line":44,"column":34}},"31":{"start":{"line":45,"column":8},"end":{"line":45,"column":40}},"32":{"start":{"line":46,"column":8},"end":{"line":46,"column":41}},"33":{"start":{"line":47,"column":8},"end":{"line":47,"column":42}},"34":{"start":{"line":48,"column":8},"end":{"line":48,"column":38}},"35":{"start":{"line":49,"column":8},"end":{"line":49,"column":45}},"36":{"start":{"line":50,"column":8},"end":{"line":50,"column":47}},"37":{"start":{"line":51,"column":8},"end":{"line":51,"column":33}},"38":{"start":{"line":52,"column":8},"end":{"line":52,"column":51}},"39":{"start":{"line":53,"column":8},"end":{"line":53,"column":37}},"40":{"start":{"line":55,"column":22},"end":{"line":55,"column":53}},"41":{"start":{"line":57,"column":23},"end":{"line":57,"column":195}},"42":{"start":{"line":59,"column":8},"end":{"line":59,"column":28}},"43":{"start":{"line":61,"column":21},"end":{"line":65,"column":10}},"44":{"start":{"line":67,"column":8},"end":{"line":67,"column":39}},"45":{"start":{"line":69,"column":8},"end":{"line":75,"column":11}},"46":{"start":{"line":77,"column":8},"end":{"line":77,"column":25}},"47":{"start":{"line":79,"column":8},"end":{"line":79,"column":25}},"48":{"start":{"line":83,"column":4},"end":{"line":93,"column":6}},"49":{"start":{"line":84,"column":23},"end":{"line":84,"column":48}},"50":{"start":{"line":86,"column":8},"end":{"line":86,"column":31}},"51":{"start":{"line":88,"column":8},"end":{"line":88,"column":66}},"52":{"start":{"line":89,"column":8},"end":{"line":89,"column":70}},"53":{"start":{"line":90,"column":8},"end":{"line":90,"column":54}},"54":{"start":{"line":91,"column":8},"end":{"line":91,"column":60}},"55":{"start":{"line":92,"column":8},"end":{"line":92,"column":57}},"56":{"start":{"line":95,"column":4},"end":{"line":102,"column":6}},"57":{"start":{"line":96,"column":8},"end":{"line":101,"column":9}},"58":{"start":{"line":97,"column":27},"end":{"line":97,"column":48}},"59":{"start":{"line":99,"column":12},"end":{"line":99,"column":36}},"60":{"start":{"line":100,"column":12},"end":{"line":100,"column":64}},"61":{"start":{"line":104,"column":4},"end":{"line":113,"column":6}},"62":{"start":{"line":106,"column":23},"end":{"line":111,"column":14}},"63":{"start":{"line":109,"column":16},"end":{"line":109,"column":38}},"64":{"start":{"line":110,"column":16},"end":{"line":110,"column":100}},"65":{"start":{"line":134,"column":4},"end":{"line":134,"column":40}},"66":{"start":{"line":134,"column":20},"end":{"line":134,"column":39}},"67":{"start":{"line":136,"column":4},"end":{"line":136,"column":30}}},"fnMap":{"0":{"name":"(anonymous_0)","decl":{"start":{"line":19,"column":34},"end":{"line":19,"column":35}},"loc":{"start":{"line":19,"column":40},"end":{"line":137,"column":1}},"line":19},"1":{"name":"(anonymous_1)","decl":{"start":{"line":20,"column":11},"end":{"line":20,"column":12}},"loc":{"start":{"line":20,"column":17},"end":{"line":20,"column":46}},"line":20},"2":{"name":"(anonymous_2)","decl":{"start":{"line":24,"column":15},"end":{"line":24,"column":16}},"loc":{"start":{"line":24,"column":27},"end":{"line":81,"column":5}},"line":24},"3":{"name":"(anonymous_3)","decl":{"start":{"line":40,"column":18},"end":{"line":40,"column":19}},"loc":{"start":{"line":40,"column":29},"end":{"line":40,"column":58}},"line":40},"4":{"name":"(anonymous_4)","decl":{"start":{"line":83,"column":39},"end":{"line":83,"column":40}},"loc":{"start":{"line":83,"column":51},"end":{"line":93,"column":5}},"line":83},"5":{"name":"(anonymous_5)","decl":{"start":{"line":95,"column":40},"end":{"line":95,"column":41}},"loc":{"start":{"line":95,"column":52},"end":{"line":102,"column":5}},"line":95},"6":{"name":"(anonymous_6)","decl":{"start":{"line":104,"column":53},"end":{"line":104,"column":54}},"loc":{"start":{"line":104,"column":65},"end":{"line":113,"column":5}},"line":104},"7":{"name":"(anonymous_7)","decl":{"start":{"line":108,"column":19},"end":{"line":108,"column":20}},"loc":{"start":{"line":108,"column":28},"end":{"line":111,"column":13}},"line":108},"8":{"name":"(anonymous_8)","decl":{"start":{"line":134,"column":14},"end":{"line":134,"column":15}},"loc":{"start":{"line":134,"column":20},"end":{"line":134,"column":39}},"line":134}},"branchMap":{},"s":{"0":1,"1":1,"2":1,"3":1,"4":1,"5":1,"6":1,"7":1,"8":1,"9":1,"10":1,"11":1,"12":1,"13":1,"14":1,"15":1,"16":1,"17":3,"18":3,"19":3,"20":3,"21":3,"22":3,"23":3,"24":3,"25":3,"26":3,"27":3,"28":3,"29":3,"30":3,"31":3,"32":3,"33":3,"34":3,"35":3,"36":3,"37":3,"38":3,"39":3,"40":3,"41":3,"42":3,"43":3,"44":3,"45":3,"46":3,"47":3,"48":1,"49":1,"50":1,"51":1,"52":1,"53":1,"54":1,"55":1,"56":1,"57":1,"58":1,"59":1,"60":1,"61":1,"62":1,"63":1,"64":1,"65":1,"66":3,"67":1},"f":{"0":1,"1":1,"2":3,"3":3,"4":1,"5":1,"6":1,"7":1,"8":3},"b":{},"_coverageSchema":"1a1c01bbd47fc00a2c39e90264f33305004495a9","hash":"e415d5d58e9baf2569be3e9a308d741e11e40611","contentHash":"2d5a433b1660a8e1a422a5e262ba65dedf2331dbd7cdee0d958609e7cc346ce8"},"C:\\Users\\polpe\\bootcamp\\collab\\skylab-bootcamp-202004\\staff\\pol-pedro\\takemytask\\takemytask-client-logic\\retrive-chat.js":{"path":"C:\\Users\\polpe\\bootcamp\\collab\\skylab-bootcamp-202004\\staff\\pol-pedro\\takemytask\\takemytask-client-logic\\retrive-chat.js","statementMap":{"0":{"start":{"line":1,"column":0},"end":{"line":1,"column":46}},"1":{"start":{"line":2,"column":28},"end":{"line":2,"column":57}},"2":{"start":{"line":3,"column":16},"end":{"line":3,"column":36}},"3":{"start":{"line":15,"column":0},"end":{"line":33,"column":15}},"4":{"start":{"line":16,"column":22},"end":{"line":16,"column":37}},"5":{"start":{"line":18,"column":4},"end":{"line":31,"column":14}},"6":{"start":{"line":22,"column":16},"end":{"line":30,"column":17}},"7":{"start":{"line":24,"column":20},"end":{"line":24,"column":44}},"8":{"start":{"line":28,"column":38},"end":{"line":28,"column":54}},"9":{"start":{"line":29,"column":20},"end":{"line":29,"column":43}}},"fnMap":{"0":{"name":"(anonymous_0)","decl":{"start":{"line":15,"column":17},"end":{"line":15,"column":18
[...]
lumn":46}},"line":16},"2":{"name":"(anonymous_2)","decl":{"start":{"line":20,"column":15},"end":{"line":20,"column":16}},"loc":{"start":{"line":20,"column":27},"end":{"line":37,"column":5}},"line":20},"3":{"name":"(anonymous_3)","decl":{"start":{"line":39,"column":43},"end":{"line":39,"column":44}},"loc":{"start":{"line":39,"column":55},"end":{"line":46,"column":5}},"line":39},"4":{"name":"(anonymous_4)","decl":{"start":{"line":48,"column":47},"end":{"line":48,"column":48}},"loc":{"start":{"line":48,"column":59},"end":{"line":55,"column":5}},"line":48},"5":{"name":"(anonymous_5)","decl":{"start":{"line":57,"column":37},"end":{"line":57,"column":38}},"loc":{"start":{"line":57,"column":49},"end":{"line":64,"column":5}},"line":57},"6":{"name":"(anonymous_6)","decl":{"start":{"line":77,"column":14},"end":{"line":77,"column":15}},"loc":{"start":{"line":77,"column":20},"end":{"line":77,"column":39}},"line":77}},"branchMap":{},"s":{"0":1,"1":1,"2":1,"3":1,"4":1,"5":1,"6":1,"7":1,"8":1,"9":1,"10":1,"11":1,"12":1,"13":1,"14":3,"15":3,"16":3,"17":3,"18":3,"19":3,"20":3,"21":3,"22":3,"23":3,"24":3,"25":3,"26":3,"27":1,"28":1,"29":1,"30":1,"31":1,"32":1,"33":1,"34":1,"35":1,"36":1,"37":1,"38":1,"39":1,"40":1,"41":1,"42":1,"43":3,"44":1},"f":{"0":1,"1":1,"2":3,"3":1,"4":1,"5":1,"6":3},"b":{},"_coverageSchema":"1a1c01bbd47fc00a2c39e90264f33305004495a9","hash":"5f828ac6ab54a00448bba7eeb2ea9c832deb9022","contentHash":"ad222c1916d003625020c5442ba2844b44253eed012120a4ac2ac1e161352815"},"C:\\Users\\polpe\\bootcamp\\collab\\skylab-bootcamp-202004\\staff\\pol-pedro\\takemytask\\takemytask-client-logic\\search-worker.js":{"path":"C:\\Users\\polpe\\bootcamp\\collab\\skylab-bootcamp-202004\\staff\\pol-pedro\\takemytask\\takemytask-client-logic\\search-worker.js","statementMap":{"0":{"start":{"line":1,"column":0},"end":{"line":1,"column":46}},"1":{"start":{"line":2,"column":28},"end":{"line":2,"column":57}},"2":{"start":{"line":3,"column":16},"end":{"line":3,"column":36}},"3":{"start":{"line":17,"column":0},"end":{"line":36,"column":15}},"4":{"start":{"line":19,"column":4},"end":{"line":19,"column":34}},"5":{"start":{"line":21,"column":4},"end":{"line":34,"column":14}},"6":{"start":{"line":25,"column":16},"end":{"line":33,"column":17}},"7":{"start":{"line":27,"column":20},"end":{"line":27,"column":44}},"8":{"start":{"line":31,"column":38},"end":{"line":31,"column":54}},"9":{"start":{"line":32,"column":20},"end":{"line":32,"column":43}}},"fnMap":{"0":{"name":"(anonymous_0)","decl":{"start":{"line":17,"column":17},"end":{"line":17,"column":18}},"loc":{"start":{"line":17,"column":57},"end":{"line":36,"column":1}},"line":17},"1":{"name":"(anonymous_1)","decl":{"start":{"line":24,"column":18},"end":{"line":24,"column":19}},"loc":{"start":{"line":24,"column":38},"end":{"line":34,"column":13}},"line":24}},"branchMap":{"0":{"loc":{"start":{"line":25,"column":16},"end":{"line":33,"column":17}},"type":"if","locations":[{"start":{"line":25,"column":16},"end":{"line":33,"column":17}},{"start":{"line":25,"column":16},"end":{"line":33,"column":17}}],"line":25}},"s":{"0":1,"1":1,"2":1,"3":1,"4":3,"5":2,"6":2,"7":2,"8":0,"9":0},"f":{"0":3,"1":2},"b":{"0":[2,0]},"_coverageSchema":"1a1c01bbd47fc00a2c39e90264f33305004495a9","hash":"aaa5e7a701cf38ec214987f7435626fa7e3f8d6b","contentHash":"be970855d9246b3b44f7bfcb12f6bd754e31cb77761f489839f3711c212724a0"},"C:\\Users\\polpe\\bootcamp\\collab\\skylab-bootcamp-202004\\staff\\pol-pedro\\takemytask\\takemytask-client-logic\\update-user.spec.js":{"path":"C:\\Users\\polpe\\bootcamp\\collab\\skylab-bootcamp-202004\\staff\\pol-pedro\\takemytask\\takemytask-client-logic\\update-user.spec.js","statementMap":{"0":{"start":{"line":1,"column":0},"end":{"line":1,"column":26}},"1":{"start":{"line":3,"column":96},"end":{"line":3,"column":103}},"2":{"start":{"line":5,"column":19},"end":{"line":5,"column":43}},"3":{"start":{"line":6,"column":19},"end":{"line":6,"column":23}},"4":{"start":{"line":7,"column":19},"end":{"line":7,"column":34}},"5":{"start":{"line":8,"column":0},"end":{"line":8,"column":44}},"6":{"start":{"line":9,"column":35},"end":{"line":9,"column":64}},"7":{"start":{"line":10,"column":61},"end":{"line":10,"column":87}},"8":{"start":{"line":11,"column":15},"end":{"line":11,"column":34}},"9":{"start":{"line":12,"column":0},"end":{"line":12,"column":43}},"10":{"start":{"line":13,"column":16},"end":{"line":13,"column":36}},"11":{"start":{"line":15,"column":0},"end":{"line":15,"column":25}},"12":{"start":{"line":17,"column":0},"end":{"line":17,"column":20}},"13":{"start":{"line":19,"column":0},"end":{"line":83,"column":2}},"14":{"start":{"line":20,"column":4},"end":{"line":20,"column":47}},"15":{"start":{"line":20,"column":17},"end":{"line":20,"column":46}},"16":{"start":{"line":24,"column":4},"end":{"line":37,"column":6}},"17":{"start":{"line":25,"column":8},"end":{"line":25,"column":31}},"18":{"start":{"line":27,"column":8},"end":{"line":27,"column":33}},"19":{"start":{"line":28,"column":8},"end":{"line":28,"column":39}},"20":{"start":{"line":29,"column":8},"end":{"line":29,"column":40}},"21":{"start":{"line":30,"column":8},"end":{"line":30,"column":41}},"22":{"start":{"line":31,"column":8},"end":{"line":31,"column":37}},"23":{"start":{"line":34,"column":8},"end":{"line":34,"column":47}},"24":{"start":{"line":35,"column":8},"end":{"line":35,"column":51}},"25":{"start":{"line":39,"column":4},"end":{"line":60,"column":6}},"26":{"start":{"line":40,"column":8},"end":{"line":45,"column":10}},"27":{"start":{"line":41,"column":25},"end":{"line":41,"column":84}},"28":{"start":{"line":43,"column":12},"end":{"line":44,"column":63}},"29":{"start":{"line":44,"column":33},"end":{"line":44,"column":62}},"30":{"start":{"line":47,"column":8},"end":{"line":59,"column":10}},"31":{"start":{"line":48,"column":12},"end":{"line":48,"column":72}},"32":{"start":{"line":50,"column":28},"end":{"line":50,"column":45}},"33":{"start":{"line":52,"column":27},"end":{"line":52,"column":34}},"34":{"start":{"line":54,"column":12},"end":{"line":54,"column":33}},"35":{"start":{"line":55,"column":12},"end":{"line":55,"column":54}},"36":{"start":{"line":56,"column":12},"end":{"line":56,"column":53}},"37":{"start":{"line":57,"column":12},"end":{"line":57,"column":49}},"38":{"start":{"line":58,"column":12},"end":{"line":58,"column":58}},"39":{"start":{"line":62,"column":4},"end":{"line":76,"column":6}},"40":{"start":{"line":64,"column":8},"end":{"line":68,"column":10}},"41":{"start":{"line":65,"column":12},"end":{"line":65,"column":47}},"42":{"start":{"line":66,"column":12},"end":{"line":67,"column":63}},"43":{"start":{"line":67,"column":33},"end":{"line":67,"column":62}},"44":{"start":{"line":69,"column":8},"end":{"line":75,"column":10}},"45":{"start":{"line":70,"column":12},"end":{"line":74,"column":18}},"46":{"start":{"line":72,"column":20},"end":{"line":72,"column":42}},"47":{"start":{"line":73,"column":20},"end":{"line":73,"column":101}},"48":{"start":{"line":80,"column":4},"end":{"line":80,"column":38}},"49":{"start":{"line":80,"column":20},"end":{"line":80,"column":37}},"50":{"start":{"line":82,"column":4},"end":{"line":82,"column":30}}},"fnMap":{"0":{"name":"(anonymous_0)","decl":{"start":{"line":19,"column":32},"end":{"line":19,"column":33}},"loc":{"start":{"line":19,"column":38},"end":{"line":83,"column":1}},"line":19},"1":{"name":"(anonymous_1)","decl":{"start":{"line":20,"column":11},"end":{"line":20,"column":12}},"loc":{"start":{"line":20,"column":17},"end":{"line":20,"column":46}},"line":20},"2":{"name":"(anonymous_2)","decl":{"start":{"line":24,"column":15},"end":{"line":24,"column":16}},"loc":{"start":{"line":24,"column":27},"end":{"line":37,"column":5}},"line":24},"3":{"name":"(anonymous_3)","decl":{"start":{"line":39,"column":28},"end":{"line":39,"column":29}},"loc":{"start":{"line":39,"column":34},"end":{"line":60,"column":5}},"line":39},"4":{"name":"(anonymous_4)","decl":{"start":{"line":40,"column":19},"end":{"line":40,"column":20}},"loc":{"start":{"line":40,"column":31},"end":{"line":45,"column":9}},"line":40},"5":{"name":"(anonymous_5)","decl":{"start":{"line":44,"column":22},"end":{"line":44,"column":23}},"loc":{"start":{"line":44,"column":33},"end":{"line":44,"column":62}},"line":44},"6":{"name":"(anonymous_6)","decl":{"start":{"line":47,"column":47},"end":{"line":47,"column":48}},"loc":{"start":{"line":47,"column":59},"end":{"line":59,"column":9}},"line":47},"7":{"name":"(anonymous_7)","decl":{"start":{"line":62,"column":32},"end":{"line":62,"column":33}},"loc":{"start":{"line":62,"column":38},"end":{"line":76,"column":5}},"line":62},"8":{"name":"(anonymous_8)","decl":{"start":{"line":64,"column":19},"end":{"line":64,"column":20}},"loc":{"start":{"line":64,"column":30},"end":{"line":68,"column":9}},"line":64},"9":{"name":"(anonymous_9)","decl":{"start":{"line":67,"column":22},"end":{"line":67,"column":23}},"loc":{"start":{"line":67,"column":33},"end":{"line":67,"column":62}},"line":67},"10":{"name":"(anonymous_10)","decl":{"start":{"line":69,"column":44},"end":{"line":69,"column":45}},"loc":{"start":{"line":69,"column":56},"end":{"line":75,"column":9}},"line":69},"11":{"name":"(anonymous_11)","decl":{"start":{"line":71,"column":24},"end":{"line":71,"column":25}},"loc":{"start":{"line":71,"column":33},"end":{"line":74,"column":17}},"line":71},"12":{"name":"(anonymous_12)","decl":{"start":{"line":80,"column":14},"end":{"line":80,"column":15}},"loc":{"start":{"line":80,"column":20},"end":{"line":80,"column":37}},"line":80}},"branchMap":{},"s":{"0":1,"1":1,"2":1,"3":1,"4":1,"5":1,"6":1,"7":1,"8":1,"9":1,"10":1,"11":1,"12":1,"13":1,"14":1,"15":1,"16":1,"17":2,"18":2,"19":2,"20":2,"21":2,"22":2,"23":2,"24":2,"25":1,"26":1,"27":1,"28":1,"29":1,"30":1,"31":1,"32":1,"33":1,"34":1,"35":1,"36":1,"37":1,"38":1,"39":1,"40":1,"41":1,"42":1,"43":1,"44":1,"45":1,"46":1,"47":1,"48":1,"49":2,"50":1},"f":{"0":1,"1":1,"2":2,"3":1,"4":1,"5":1,"6":1,"7":1,"8":1,"9":1,"10":1,"11":1,"12":2},"b":{},"_coverageSchema":"1a1c01bbd47fc00a2c39e90264f33305004495a9","hash":"a4ac50b2a5416221bc9ab29d3b1a6bbf3e6110c0","contentHash":"6c5ffe0fcd37f226454f88c87d2dff57a3701b8f128c3c19c5c44d143a375cc7"},"C:\\Users\\polpe\\bootcamp\\collab\\skylab-bootcamp-202004\\staff\\pol-pedro\\takemytask\\takemytask-client-logic\\update-user.js":{"path":"C:\\Users\\polpe\\bootcamp\\collab\\skylab-bootcamp-202004\\staff\\pol-pedro\\takemytask\\takemytask-client-logic\\update-user.js","statementMap":{"0":{"start":{"line":1,"column":0},"end":{"line":1,"column":46}},"1":{"start":{"line":3,"column":34},"end":{"line":3,"column":63}},"2":{"start":{"line":4,"column":16},"end":{"line":4,"column":36}},"3":{"start":{"line":20,"column":0},"end":{"line":43,"column":15}},"4":{"start":{"line":21,"column":4},"end":{"line":21,"column":33}},"5":{"start":{"line":22,"column":4},"end":{"line":22,"column":36}},"6":{"start":{"line":23,"column":4},"end":{"line":23,"column":34}},"7":{"start":{"line":24,"column":4},"end":{"line":24,"column":25}},"8":{"start":{"line":25,"column":4},"end":{"line":25,"column":35}},"9":{"start":{"line":27,"column":22},"end":{"line":27,"column":37}},"10":{"start":{"line":29,"column":4},"end":{"line":41,"column":10}},"11":{"start":{"line":36,"column":12},"end":{"line":36,"column":38}},"12":{"start":{"line":36,"column":32},"end":{"line":36,"column":38}},"13":{"start":{"line":38,"column":30},"end":{"line":38,"column":46}},"14":{"start":{"line":40,"column":12},"end":{"line":40,"column":35}}},"fnMap":{"0":{"name":"(anonymous_0)","decl":{"start":{"line":20,"column":17},"end":{"line":20,"column":18}},"loc":{"start":{"line":20,"column":57},"end":{"line":43,"column":1}},"line":20},"1":{"name":"(anonymous_1)","decl":{"start":{"line":34,"column":15},"end":{"line":34,"column":16}},"loc":{"start":{"line":34,"column":35},"end":{"line":41,"column":9}},"line":34}},"branchMap":{"0":{"loc":{"start":{"line":36,"column":12},"end":{"line":36,"column":38}},"type":"if","locations":[{"start":{"line":36,"column":12},"end":{"line":36,"column":38}},{"start":{"line":36,"column":12},"end":{"line":36,"column":38}}],"line":36}},"s":{"0":1,"1":1,"2":1,"3":1,"4":4,"5":4,"6":4,"7":4,"8":4,"9":4,"10":4,"11":4,"12":2,"13":2,"14":2},"f":{"0":4,"1":4},"b":{"0":[2,2]},"_coverageSchema":"1a1c01bbd47fc00a2c39e90264f33305004495a9","hash":"511c20702373226a0f491f8db8a6613a52eae35f","contentHash":"ac00faed93dfe8e96ac8ea95cac6b85f664927919ae47b04979416f72e0f0f42"},"C:\\Users\\polpe\\bootcamp\\collab\\skylab-bootcamp-202004\\staff\\pol-pedro\\takemytask\\takemytask-client-logic\\update-worker.spec.js":{"path":"C:\\Users\\polpe\\bootcamp\\collab\\skylab-bootcamp-202004\\staff\\pol-pedro\\takemytask\\takemytask-client-logic\\update-worker.spec.js","statementMap":{"0":{"start":{"line":1,"column":0},"end":{"line":1,"column":26}},"1":{"start":{"line":3,"column":96},"end":{"line":3,"column":103}},"2":{"start":{"line":5,"column":19},"end":{"line":5,"column":43}},"3":{"start":{"line":6,"column":19},"end":{"line":6,"column":23}},"4":{"start":{"line":7,"column":19},"end":{"line":7,"column":34}},"5":{"start":{"line":8,"column":0},"end":{"line":8,"column":44}},"6":{"start":{"line":9,"column":35},"end":{"line":9,"column":64}},"7":{"start":{"line":10,"column":63},"end":{"line":10,"column":89}},"8":{"start":{"line":11,"column":15},"end":{"line":11,"column":34}},"9":{"start":{"line":12,"column":0},"end":{"line":12,"column":43}},"10":{"start":{"line":13,"column":16},"end":{"line":13,"column":36}},"11":{"start":{"line":15,"column":0},"end":{"line":15,"column":25}},"12":{"start":{"line":17,"column":0},"end":{"line":17,"column":20}},"13":{"start":{"line":19,"column":0},"end":{"line":94,"column":2}},"14":{"start":{"line":20,"column":4},"end":{"line":20,"column":47}},"15":{"start":{"line":20,"column":17},"end":{"line":20,"column":46}},"16":{"start":{"line":24,"column":4},"end":{"line":43,"column":6}},"17":{"start":{"line":25,"column":8},"end":{"line":25,"column":33}},"18":{"start":{"line":27,"column":8},"end":{"line":27,"column":33}},"19":{"start":{"line":28,"column":8},"end":{"line":28,"column":39}},"20":{"start":{"line":29,"column":8},"end":{"line":29,"column":40}},"21":{"start":{"line":30,"column":8},"end":{"line":30,"column":41}},"22":{"start":{"line":31,"column":8},"end":{"line":31,"column":37}},"23":{"start":{"line":32,"column":8},"end":{"line":32,"column":45}},"24":{"start":{"line":33,"column":8},"end":{"line":33,"column":47}},"25":{"start":{"line":34,"column":8},"end":{"line":34,"column":49}},"26":{"start":{"line":35,"column":8},"end":{"line":35,"column":44}},"27":{"start":{"line":36,"column":8},"end":{"line":36,"column":53}},"28":{"start":{"line":37,"column":8},"end":{"line":37,"column":48}},"29":{"start":{"line":40,"column":8},"end":{"line":40,"column":47}},"30":{"start":{"line":41,"column":8},"end":{"line":41,"column":51}},"31":{"start":{"line":45,"column":4},"end":{"line":71,"column":6}},"32":{"start":{"line":46,"column":8},"end":{"line":51,"column":10}},"33":{"start":{"line":47,"column":25},"end":{"line":47,"column":170}},"34":{"start":{"line":49,"column":12},"end":{"line":50,"column":63}},"35":{"start":{"line":50,"column":33},"end":{"line":50,"column":62}},"36":{"start":{"line":53,"column":8},"end":{"line":70,"column":10}},"37":{"start":{"line":54,"column":12},"end":{"line":54,"column":156}},"38":{"start":{"line":56,"column":28},"end":{"line":56,"column":47}},"39":{"start":{"line":58,"column":27},"end":{"line":58,"column":34}},"40":{"start":{"line":60,"column":12},"end":{"line":60,"column":33}},"41":{"start":{"line":61,"column":12},"end":{"line":61,"column":51}},"42":{"start":{"line":62,"column":12},"end":{"line":62,"column":50}},"43":{"start":{"line":63,"column":12},"end":{"line":63,"column":46}},"44":{"start":{"line":64,"column":12},"end":{"line":64,"column":55}},"45":{"start":{"line":65,"column":12},"end":{"line":65,"column":56}},"46":{"start":{"line":66,"column":12},"end":{"line":66,"column":58}},"47":{"start":{"line":67,"column":12},"end":{"line":67,"column":58}},"48":{"start":{"line":68,"column":12},"end":{"line":68,"column":84}},"49":{"start":{"line":69,"column":12},"end":{"line":69,"column":66}},"50":{"start":{"line":73,"column":4},"end":{"line":87,"column":6}},"51":{"start":{"line":75,"column":8},"end":{"line":79,"column":10}},"52":{"start":{"line":76,"column":12},"end":{"line":76,"column":47}},"53":{"start":{"line":77,"column":12},"end":{"line":78,"column":63}},"54":{"start":{"line":78,"column":33},"end":{"line":78,"column":62}},"55":{"start":{"line":80,"column":8},"end":{"line":86,"column":10}},"56":{"start":{"line":81,"column":12},"end":{"line":85,"column":18}},"57":{"start":{"line":83,"column":20},"end":{"line":83,"column":42}},"58":{"start":{"line":84,"column":20},"end":{"line":84,"column":101}},"59":{"start":{"line":91,"column":4},"end":{"line":91,"column":40}},"60":{"start":{"line":91,"column":20},"end":{"line":91,"column":39}},"61":{"start":{"line":93,"column":4},"end":{"line":93,"column":30}}},"fnMap":{"0":{"name":"(anonymous_0)","decl":{"start":{"line":19,"column":34},"end":{"line":19,"column":35}},"loc":{"start":{"line":19,"column":40},"end":{"line":94,"column":1}},"line":19},"1":{"name":"(anonymous_1)","decl":{"start":{"line":20,"column":11},"end":{"line":20,"column":12}},"loc":{"start":{"line":20,"column":17},"end":{"line":20,"column":46}},"line":20},"2":{"name":"(anonymous_2)","decl":{"start":{"line":24,"column":15},"end":{"line":24,"column":16}},"loc":{"start":{"line":24,"column":27},"end":{"line":43,"column":5}},"line":24},"3":{"name":"(anonymous_3)","decl":{"start":{"line":45,"column":28},"end":{"line":45,"column":29}},"loc":{"start":{"line":45,"column":34},"end":{"line":71,"column":5}},"line":45},"4":{"name":"(anonymous_4)","decl":{"start":{"line":46,"column":19},"end":{"line":46,"column":20}},"loc":{"start":{"line":46,"column":31},"end":{"line":51,"column":9}},"line":46},"5":{"name":"(anonymous_5)","decl":{"start":{"line":50,"column":22},"end":{"line":50,"column":23}},"loc":{"start":{"line":50,"column":33},"end":{"line":50,"column":62}},"line":50},"6":{"name":"(anonymous_6)","decl":{"start":{"line":53,"column":47},"end":{"line":53,"column":48}},"loc":{"start":{"line":53,"column":59},"end":{"line":70,"column":9}},"line":53},"7":{"name":"(anonymous_7)","decl":{"start":{"line":73,"column":32},"end":{"line":73,"column":33}},"loc":{"start":{"line":73,"column":38},"end":{"line":87,"column":5}},"line":73},"8":{"name":"(anonymous_8)","decl":{"start":{"line":75,"column":19},"end":{"line":75,"column":20}},"loc":{"start":{"line":75,"column":30},"end":{"line":79,"column":9}},"line":75},"9":{"name":"(anonymous_9)","decl":{"start":{"line":78,"column":22},"end":{"line":78,"column":23}},"loc":{"start":{"line":78,"column":33},"end":{"line":78,"column":62}},"line":78},"10":{"name":"(anonymous_10)","decl":{"start":{"line":80,"column":44},"end":{"line":80,"column":45}},"loc":{"start":{"line":80,"column":56},"end":{"line":86,"column":9}},"line":80},"11":{"name":"(anonymous_11)","decl":{"start":{"line":82,"column":24},"end":{"line":82,"column":25}},"loc":{"start":{"line":82,"column":33},"end":{"line":85,"column":17}},"line":82},"12":{"name":"(anonymous_12)","decl":{"start":{"line":91,"column":14},"end":{"line":91,"column":15}},"loc":{"start":{"line":91,"column":20},"end":{"line":91,"column":39}},"line":91}},"branchMap":{},"s":{"0":1,"1":1,"2":1,"3":1,"4":1,"5":1,"6":1,"7":1,"8":1,"9":1,"10":1,"11":1,"12":1,"13":1,"14":1,"15":1,"16":1,"17":2,"18":2,"19":2,"20":2,"21":2,"22":2,"23":2,"24":2,"25":2,"26":2,"27":2,"28":2,"29":2,"30":2,"31":1,"32":1,"33":1,"34":1,"35":1,"36":1,"37":1,"38":1,"39":1,"40":1,"41":1,"42":1,"43":1,"44":1,"45":1,"46":1,"47":1,"48":1,"49":1,"50":1,"51":1,"52":1,"53":1,"54":1,"55":1,"56":1,"57":1,"58":1,"59":1,"60":2,"61":1},"f":{"0":1,"1":1,"2":2,"3":1,"4":1,"5":1,"6":1,"7":1,"8":1,"9":1,"10":1,"11":1,"12":2},"b":{},"_coverageSchema":"1a1c01bbd47fc00a2c39e90264f33305004495a9","hash":"92b526ea82918286d8facfb726fc2423462bf176","contentHash":"beac91be443a7f908d64f93a36e522e366cc7f60e16c0569838143a6f9d366b5"}}