{"C:\\Users\\polpe\\bootcamp\\collab\\skylab-bootcamp-202004\\staff\\pol-pedro\\takemytask\\takemytask-server-logic\\add-comment.spec.js":{"path":"C:\\Users\\polpe\\bootcamp\\collab\\skylab-bootcamp-202004\\staff\\pol-pedro\\takemytask\\takemytask-server-logic\\add-comment.spec.js","statementMap":{"0":{"start":{"line":1,"column":0},"end":{"line":1,"column":26}},"1":{"start":{"line":3,"column":96},"end":{"line":3,"column":103}},"2":{"start":{"line":5,"column":18},"end":{"line":5,"column":42}},"3":{"start":{"line":6,"column":19},"end":{"line":6,"column":23}},"4":{"start":{"line":7,"column":19},"end":{"line":7,"column":34}},"5":{"start":{"line":8,"column":0},"end":{"line":8,"column":44}},"6":{"start":{"line":9,"column":35},"end":{"line":9,"column":64}},"7":{"start":{"line":10,"column":68},"end":{"line":10,"column":94}},"8":{"start":{"line":11,"column":15},"end":{"line":11,"column":34}},"9":{"start":{"line":12,"column":0},"end":{"line":12,"column":43}},"10":{"start":{"line":14,"column":0},"end":{"line":100,"column":2}},"11":{"start":{"line":15,"column":4},"end":{"line":15,"column":47}},"12":{"start":{"line":15,"column":17},"end":{"line":15,"column":46}},"13":{"start":{"line":19,"column":4},"end":{"line":47,"column":6}},"14":{"start":{"line":20,"column":8},"end":{"line":20,"column":31}},"15":{"start":{"line":21,"column":8},"end":{"line":21,"column":33}},"16":{"start":{"line":23,"column":8},"end":{"line":23,"column":33}},"17":{"start":{"line":24,"column":8},"end":{"line":24,"column":39}},"18":{"start":{"line":25,"column":8},"end":{"line":25,"column":40}},"19":{"start":{"line":26,"column":8},"end":{"line":26,"column":41}},"20":{"start":{"line":27,"column":8},"end":{"line":27,"column":37}},"21":{"start":{"line":29,"column":8},"end":{"line":29,"column":34}},"22":{"start":{"line":30,"column":8},"end":{"line":30,"column":40}},"23":{"start":{"line":31,"column":8},"end":{"line":31,"column":41}},"24":{"start":{"line":32,"column":8},"end":{"line":32,"column":42}},"25":{"start":{"line":33,"column":8},"end":{"line":33,"column":38}},"26":{"start":{"line":34,"column":8},"end":{"line":34,"column":45}},"27":{"start":{"line":35,"column":8},"end":{"line":35,"column":49}},"28":{"start":{"line":36,"column":8},"end":{"line":36,"column":47}},"29":{"start":{"line":37,"column":8},"end":{"line":37,"column":33}},"30":{"start":{"line":38,"column":8},"end":{"line":38,"column":51}},"31":{"start":{"line":39,"column":8},"end":{"line":39,"column":37}},"32":{"start":{"line":41,"column":23},"end":{"line":41,"column":202}},"33":{"start":{"line":43,"column":8},"end":{"line":43,"column":39}},"34":{"start":{"line":45,"column":8},"end":{"line":45,"column":37}},"35":{"start":{"line":48,"column":4},"end":{"line":78,"column":6}},"36":{"start":{"line":49,"column":8},"end":{"line":54,"column":10}},"37":{"start":{"line":50,"column":25},"end":{"line":50,"column":84}},"38":{"start":{"line":52,"column":12},"end":{"line":52,"column":40}},"39":{"start":{"line":56,"column":8},"end":{"line":66,"column":10}},"40":{"start":{"line":57,"column":12},"end":{"line":57,"column":53}},"41":{"start":{"line":59,"column":28},"end":{"line":59,"column":47}},"42":{"start":{"line":61,"column":29},"end":{"line":61,"column":36}},"43":{"start":{"line":63,"column":12},"end":{"line":63,"column":35}},"44":{"start":{"line":64,"column":12},"end":{"line":64,"column":49}},"45":{"start":{"line":65,"column":12},"end":{"line":65,"column":92}},"46":{"start":{"line":68,"column":8},"end":{"line":77,"column":10}},"47":{"start":{"line":69,"column":12},"end":{"line":76,"column":13}},"48":{"start":{"line":71,"column":16},"end":{"line":71,"column":53}},"49":{"start":{"line":74,"column":16},"end":{"line":74,"column":40}},"50":{"start":{"line":75,"column":16},"end":{"line":75,"column":68}},"51":{"start":{"line":80,"column":4},"end":{"line":95,"column":6}},"52":{"start":{"line":82,"column":8},"end":{"line":84,"column":10}},"53":{"start":{"line":83,"column":12},"end":{"line":83,"column":47}},"54":{"start":{"line":85,"column":8},"end":{"line":94,"column":10}},"55":{"start":{"line":87,"column":27},"end":{"line":92,"column":18}},"56":{"start":{"line":90,"column":20},"end":{"line":90,"column":42}},"57":{"start":{"line":91,"column":20},"end":{"line":91,"column":88}},"58":{"start":{"line":97,"column":4},"end":{"line":97,"column":59}},"59":{"start":{"line":97,"column":20},"end":{"line":97,"column":39}},"60":{"start":{"line":99,"column":4},"end":{"line":99,"column":30}}},"fnMap":{"0":{"name":"(anonymous_0)","decl":{"start":{"line":14,"column":31},"end":{"line":14,"column":32}},"loc":{"start":{"line":14,"column":37},"end":{"line":100,"column":1}},"line":14},"1":{"name":"(anonymous_1)","decl":{"start":{"line":15,"column":11},"end":{"line":15,"column":12}},"loc":{"start":{"line":15,"column":17},"end":{"line":15,"column":46}},"line":15},"2":{"name":"(anonymous_2)","decl":{"start":{"line":19,"column":15},"end":{"line":19,"column":16}},"loc":{"start":{"line":19,"column":27},"end":{"line":47,"column":5}},"line":19},"3":{"name":"(anonymous_3)","decl":{"start":{"line":48,"column":28},"end":{"line":48,"column":29}},"loc":{"start":{"line":48,"column":34},"end":{"line":78,"column":5}},"line":48},"4":{"name":"(anonymous_4)","decl":{"start":{"line":49,"column":19},"end":{"line":49,"column":20}},"loc":{"start":{"line":49,"column":31},"end":{"line":54,"column":9}},"line":49},"5":{"name":"(anonymous_5)","decl":{"start":{"line":56,"column":46},"end":{"line":56,"column":47}},"loc":{"start":{"line":56,"column":58},"end":{"line":66,"column":9}},"line":56},"6":{"name":"(anonymous_6)","decl":{"start":{"line":68,"column":46},"end":{"line":68,"column":47}},"loc":{"start":{"line":68,"column":58},"end":{"line":77,"column":9}},"line":68},"7":{"name":"(anonymous_7)","decl":{"start":{"line":80,"column":33},"end":{"line":80,"column":34}},"loc":{"start":{"line":80,"column":39},"end":{"line":95,"column":5}},"line":80},"8":{"name":"(anonymous_8)","decl":{"start":{"line":82,"column":19},"end":{"line":82,"column":20}},"loc":{"start":{"line":82,"column":30},"end":{"line":84,"column":9}},"line":82},"9":{"name":"(anonymous_9)","decl":{"start":{"line":85,"column":50},"end":{"line":85,"column":51}},"loc":{"start":{"line":85,"column":62},"end":{"line":94,"column":9}},"line":85},"10":{"name":"(anonymous_10)","decl":{"start":{"line":89,"column":23},"end":{"line":89,"column":24}},"loc":{"start":{"line":89,"column":32},"end":{"line":92,"column":17}},"line":89},"11":{"name":"(anonymous_11)","decl":{"start":{"line":97,"column":14},"end":{"line":97,"column":15}},"loc":{"start":{"line":97,"column":20},"end":{"line":97,"column":39}},"line":97}},"branchMap":{},"s":{"0":1,"1":1,"2":1,"3":1,"4":1,"5":1,"6":1,"7":1,"8":1,"9":1,"10":1,"11":1,"12":1,"13":1,"14":3,"15":3,"16":3,"17":3,"18":3,"19":3,"20":3,"21":3,"22":3,"23":3,"24":3,"25":3,"26":3,"27":3,"28":3,"29":3,"30":3,"31":3,"32":3,"33":3,"34":3,"35":1,"36":1,"37":2,"38":2,"39":1,"40":1,"41":1,"42":1,"43":1,"44":1,"45":1,"46":1,"47":1,"48":1,"49":1,"50":1,"51":1,"52":1,"53":1,"54":1,"55":1,"56":1,"57":1,"58":1,"59":3,"60":1},"f":{"0":1,"1":1,"2":3,"3":1,"4":2,"5":1,"6":1,"7":1,"8":1,"9":1,"10":1,"11":3},"b":{},"_coverageSchema":"1a1c01bbd47fc00a2c39e90264f33305004495a9","hash":"98bc3637df59e7fc884f69b2eb4e4d9122bffe1d","contentHash":"4c6326014754268f2caef3c971dd656313f39221181dcce75c19cf56fe7ba612"},"C:\\Users\\polpe\\bootcamp\\collab\\skylab-bootcamp-202004\\staff\\pol-pedro\\takemytask\\takemytask-server-logic\\add-comment.js":{"path":"C:\\Users\\polpe\\bootcamp\\collab\\skylab-bootcamp-202004\\staff\\pol-pedro\\takemytask\\takemytask-server-logic\\add-comment.js","statementMap":{"0":{"start":{"line":1,"column":0},"end":{"line":1,"column":46}},"1":{"start":{"line":2,"column":0},"end":{"line":2,"column":44}},"2":{"start":{"line":3,"column":13},"end":{"line":3,"column":30}},"3":{"start":{"line":4,"column":41},"end":{"line":4,"column":70}},"4":{"start":{"line":5,"column":69},"end":{"line":5,"column":95}},"5":{"start":{"line":19,"column":0},"end":{"line":50,"column":1}},"6":{"start":{"line":21,"column":4},"end":{"line":21,"column":35}},"7":{"start":{"line":22,"column":4},"end":{"line":22,"column":40}},"8":{"start":{"line":23,"column":4},"end":{"line":23,"column":36}},"9":{"start":{"line":25,"column":4},"end":{"line":49,"column":8}},"10":{"start":{"line":29,"column":8},"end":{"line":29,"column":78}},"11":{"start":{"line":31,"column":8},"end":{"line":31,"column":93}},"12":{"start":{"line":31,"column":21},"end":{"line":31,"column":93}},"13":{"start":{"line":33,"column":8},"end":{"line":33,"column":85}},"14":{"start":{"line":33,"column":21},"end":{"line":33,"column":85}},"15":{"start":{"line":35,"column":21},"end":{"line":35,"column":89}},"16":{"start":{"line":37,"column":8},"end":{"line":37,"column":85}},"17":{"start":{"line":37,"column":19},"end":{"line":37,"column":85}},"18":{"start":{"line":39,"column":8},"end":{"line":45,"column":11}},"19":{"start":{"line":47,"column":8},"end":{"line":47,"column":25}}},"fnMap":{"0":{"name":"(anonymous_0)","decl":{"start":{"line":19,"column":17},"end":{"line":19,"column":18}},"loc":{"start":{"line":19,"column":51},"end":{"line":50,"column":1}},"line":19},"1":{"name":"(anonymous_1)","decl":{"start":{"line":25,"column":12},"end":{"line":25,"column":13}},"loc":{"start":{"line":25,"column":24},"end":{"line":49,"column":5}},"line":25}},"branchMap":{"0":{"loc":{"start":{"line":31,"column":8},"end":{"line":31,"column":93}},"type":"if","locations":[{"start":{"line":31,"column":8},"end":{"line":31,"column":93}},{"start":{"line":31,"column":8},"end":{"line":31,"column":93}}],"line":31},"1":{"loc":{"start":{"line":33,"column":8},"end":{"line":33,"column":85}},"type":"if","locations":[{"start":{"line":33,"column":8},"end":{"line":33,"column":85}},{"start":{"line":33,"column":8},"end":{"line":33,"column":85}}],"line":33},"2":{"loc":{"start":{"line":37,"column":8},"end":{"line":37,"column":85}},"type":"if","locations":[{"start":{"line":37,"column":8},"end":{"line":37,"column":85}},{"start":{"line":37,"column":8},"end":{"line":37,"column":85}}],"line":37}},"s":{"0":1,"1":1,"2":1,"3":1,"4":1,"5":1,"6":3,"7":3,"8":3,"9":2,"10":2,"11":2,"12":1,"13":2,"14":1,"15":1,"16":1,"17":0,"18":1,"19":1},"f":{"0":3,"1":2},"b":{"0":[1,1],"1":[1,1],"2":[0,1]},"_coverageSchema":"1a1c01bbd47fc00a2c39e90264f33305004495a9","hash":"5455ed8c0ce5d873eb44af622cd1b1d3f9b566d7","contentHash":"78993c9f63eb70d59ee1681cc2c06306bbcb5fc08dbd709cc4a5bab245ec0a95"},"C:\\Users\\polpe\\bootcamp\\collab\\skylab-bootcamp-202004\\staff\\pol-pedro\\takemytask\\takemytask-server-logic\\add-message.spec.js":{"path":"C:\\Users\\polpe\\bootcamp\\collab\\skylab-bootcamp-202004\\staff\\pol-pedro\\takemytask\\takemytask-server-logic\\add-message.spec.js","statementMap":{"0":{"start":{"line":1,"column":0},"end":{"line":1,"column":26}},"1":{"start":{"line":3,"column":96},"end":{"line":3,"column":103}},"2":{"start":{"line":5,"column":19},"end":{"line":5,"column":43}},"3":{"start":{"line":6,"column":19},"end":{"line":6,"column":23}},"4":{"start":{"line":7,"column":19},"end":{"line":7,"column":34}},"5":{"start":{"line":8,"column":0},"end":{"line":8,"column":44}},"6":{"start":{"line":9,"column":35},"end":{"line":9,"column":64}},"7":{"start":{"line":10,"column":84},"end":{"line":10,"column":110}},"8":{"start":{"line":11,"column":0},"end":{"line":11,"column":43}},"9":{"start":{"line":13,"column":0},"end":{"line":131,"column":2}},"10":{"start":{"line":14,"column":4},"end":{"line":14,"column":47}},"11":{"start":{"line":14,"column":17},"end":{"line":14,"column":46}},"12":{"start":{"line":18,"column":4},"end":{"line":67,"column":6}},"13":{"start":{"line":19,"column":8},"end":{"line":19,"column":31}},"14":{"start":{"line":20,"column":8},"end":{"line":20,"column":33}},"15":{"start":{"line":21,"column":8},"end":{"line":21,"column":31}},"16":{"start":{"line":23,"column":8},"end":{"line":23,"column":33}},"17":{"start":{"line":24,"column":8},"end":{"line":24,"column":39}},"18":{"start":{"line":25,"column":8},"end":{"line":25,"column":40}},"19":{"start":{"line":26,"column":8},"end":{"line":26,"column":41}},"20":{"start":{"line":27,"column":8},"end":{"line":27,"column":37}},"21":{"start":{"line":29,"column":8},"end":{"line":29,"column":34}},"22":{"start":{"line":30,"column":8},"end":{"line":30,"column":40}},"23":{"start":{"line":31,"column":8},"end":{"line":31,"column":41}},"24":{"start":{"line":32,"column":8},"end":{"line":32,"column":42}},"25":{"start":{"line":33,"column":8},"end":{"line":33,"column":38}},"26":{"start":{"line":34,"column":8},"end":{"line":34,"column":45}},"27":{"start":{"line":35,"column":8},"end":{"line":35,"column":49}},"28":{"start":{"line":36,"column":8},"end":{"line":36,"column":47}},"29":{"start":{"line":37,"column":8},"end":{"line":37,"column":33}},"30":{"start":{"line":38,"column":8},"end":{"line":38,"column":51}},"31":{"start":{"line":39,"column":8},"end":{"line":39,"column":37}},"32":{"start":{"line":41,"column":23},"end":{"line":41,"column":202}},"33":{"start":{"line":43,"column":8},"end":{"line":43,"column":39}},"34":{"start":{"line":45,"column":21},"end":{"line":49,"column":10}},"35":{"start":{"line":51,"column":8},"end":{"line":51,"column":39}},"36":{"start":{"line":53,"column":8},"end":{"line":53,"column":42}},"37":{"start":{"line":55,"column":8},"end":{"line":61,"column":11}},"38":{"start":{"line":63,"column":8},"end":{"line":63,"column":25}},"39":{"start":{"line":65,"column":8},"end":{"line":65,"column":36}},"40":{"start":{"line":68,"column":4},"end":{"line":109,"column":6}},"41":{"start":{"line":69,"column":8},"end":{"line":73,"column":10}},"42":{"start":{"line":70,"column":25},"end":{"line":70,"column":84}},"43":{"start":{"line":72,"column":12},"end":{"line":72,"column":40}},"44":{"start":{"line":75,"column":8},"end":{"line":86,"column":10}},"45":{"start":{"line":77,"column":12},"end":{"line":77,"column":56}},"46":{"start":{"line":79,"column":28},"end":{"line":79,"column":45}},"47":{"start":{"line":81,"column":27},"end":{"line":81,"column":34}},"48":{"start":{"line":83,"column":12},"end":{"line":83,"column":33}},"49":{"start":{"line":84,"column":12},"end":{"line":84,"column":82}},"50":{"start":{"line":85,"column":12},"end":{"line":85,"column":65}},"51":{"start":{"line":88,"column":8},"end":{"line":97,"column":10}},"52":{"start":{"line":89,"column":12},"end":{"line":96,"column":13}},"53":{"start":{"line":91,"column":16},"end":{"line":91,"column":52}},"54":{"start":{"line":94,"column":16},"end":{"line":94,"column":40}},"55":{"start":{"line":95,"column":16},"end":{"line":95,"column":68}},"56":{"start":{"line":99,"column":8},"end":{"line":108,"column":10}},"57":{"start":{"line":101,"column":27},"end":{"line":106,"column":18}},"58":{"start":{"line":104,"column":20},"end":{"line":104,"column":42}},"59":{"start":{"line":105,"column":20},"end":{"line":105,"column":103}},"60":{"start":{"line":111,"column":4},"end":{"line":126,"column":6}},"61":{"start":{"line":113,"column":8},"end":{"line":115,"column":10}},"62":{"start":{"line":114,"column":12},"end":{"line":114,"column":47}},"63":{"start":{"line":116,"column":8},"end":{"line":125,"column":10}},"64":{"start":{"line":118,"column":27},"end":{"line":123,"column":18}},"65":{"start":{"line":121,"column":20},"end":{"line":121,"column":42}},"66":{"start":{"line":122,"column":20},"end":{"line":122,"column":88}},"67":{"start":{"line":128,"column":4},"end":{"line":128,"column":78}},"68":{"start":{"line":128,"column":20},"end":{"line":128,"column":39}},"69":{"start":{"line":130,"column":4},"end":{"line":130,"column":30}}},"fnMap":{"0":{"name":"(anonymous_0)","decl":{"start":{"line":13,"column":32},"end":{"line":13,"column":33}},"loc":{"start":{"line":13,"column":38},"end":{"line":131,"column":1}},"line":13},"1":{"name":"(anonymous_1)","decl":{"start":{"line":14,"column":11},"end":{"line":14,"column":12}},"loc":{"start":{"line":14,"column":17},"end":{"line":14,"column":46}},"line":14},"2":{"name":"(anonymous_2)","decl":{"start":{"line":18,"column":15},"end":{"line":18,"column":16}},"loc":{"start":{"line":18,"column":27},"end":{"line":67,"column":5}},"line":18},"3":{"name":"(anonymous_3)","decl":{"start":{"line":68,"column":28},"end":{"line":68,"column":29}},"loc":{"start":{"line":68,"column":34},"end":{"line":109,"column":5}},"line":68},"4":{"name":"(anonymous_4)","decl":{"start":{"line":69,"column":19},"end":{"line":69,"column":20}},"loc":{"start":{"line":69,"column":31},"end":{"line":73,"column":9}},"line":69},"5":{"name":"(anonymous_5)","decl":{"start":{"line":75,"column":47},"end":{"line":75,"column":48}},"loc":{"start":{"line":75,"column":59},"end":{"line":86,"column":9}},"line":75},"6":{"name":"(anonymous_6)","decl":{"start":{"line":88,"column":46},"end":{"line":88,"column":47}},"loc":{"start":{"line":88,"column":58},"end":{"line":97,"column":9}},"line":88},"7":{"name":"(anonymous_7)","decl":{"start":{"line":99,"column":49},"end":{"line":99,"column":50}},"loc":{"start":{"line":99,"column":61},"end":{"line":108,"column":9}},"line":99},"8":{"name":"(anonymous_8)","decl":{"start":{"line":103,"column":23},"end":{"line":103,"column":24}},"loc":{"start":{"line":103,"column":32},"end":{"line":106,"column":17}},"line":103},"9":{"name":"(anonymous_9)","decl":{"start":{"line":111,"column":33},"end":{"line":111,"column":34}},"loc":{"start":{"line":111,"column":39},"end":{"line":126,"column":5}},"line":111},"10":{"name":"(anonymous_10)","decl":{"start":{"line":113,"column":19},"end":{"line":113,"column":20}},"loc":{"start":{"line":113,"column":30},"end":{"line":115,"column":9}},"line":113},"11":{"name":"(anonymous_11)","decl":{"start":{"line":116,"column":50},"end":{"line":116,"column":51}},"loc":{"start":{"line":116,"column":62},"end":{"line":125,"column":9}},"line":116},"12":{"name":"(anonymous_12)","decl":{"start":{"line":120,"column":23},"end":{"line":120,"column":24}},"loc":{"start":{"line":120,"column":32},"end":{"line":123,"column":17}},"line":120},"13":{"name":"(anonymous_13)","decl":{"start":{"line":128,"column":14},"end":{"line":128,"column":15}},"loc":{"start":{"line":128,"column":20},"end":{"line":128,"column":39}},"line":128}},"branchMap":{},"s":{"0":1,"1":1,"2":1,"3":1,"4":1,"5":1,"6":1,"7":1,"8":1,"9":1,"10":1,"11":1,"12":1,"13":4,"14":4,"15":4,"16":4,"17":4,"18":4,"19":4,"20":4,"21":4,"22":4,"23":4,"24":4,"25":4,"26":4,"27":4,"28":4,"29":4,"30":4,"31":4,"32":4,"33":4,"34":4,"35":4,"36":4,"37":4,"38":4,"39":4,"40":1,"41":1,"42":3,"43":3,"44":1,"45":1,"46":1,"47":1,"48":1,"49":1,"50":1,"51":1,"52":1,"53":1,"54":1,"55":1,"56":1,"57":1,"58":1,"59":1,"60":1,"61":1,"62":1,"63":1,"64":1,"65":1,"66":1,"67":1,"68":4,"69":1},"f":{"0":1,"1":1,"2":4,"3":1,"4":3,"5":1,"6":1,"7":1,"8":1,"9":1,"10":1,"11":1,"12":1,"13":4},"b":{},"_coverageSchema":"1a1c01bbd47fc00a2c39e90264f33305004495a9","hash":"c94c78dc031d0c5fac813ac33609410014d224f8","contentHash":"8be1ad58421b2ebbe10fb35140b97899c2dec4f20a36919b743bad438d08437d"},"C:\\Users\\polpe\\bootcamp\\collab\\skylab-bootcamp-202004\\staff\\pol-pedro\\takemytask\\takemytask-server-logic\\add-message.js":{"path":"C:\\Users\\polpe\\bootcamp\\collab\\skylab-bootcamp-202004\\staff\\pol-pedro\\takemytask\\takemytask-server-logic\\add-message.js","statementMap":{"0":{"start":{"line":1,"column":0},"end":{"line":1,"column":46}},"1":{"start":{"line":2,"column":0},"end":{"line":2,"column":44}},"2":{"start":{"line":3,"column":41},"end":{"line":3,"column":70}},"3":{"start":{"line":4,"column":75},"end":{"line":4,"column":101}},"4":{"start":{"line":18,"column":0},"end":{"line":53,"column":1}},"5":{"start":{"line":20,"column":4},"end":{"line":20,"column":35}},"6":{"start":{"line":21,"column":4},"end":{"line":21,"column":35}},"7":{"start":{"line":22,"column":4},"end":{"line":22,"column":36}},"8":{"start":{"line":24,"column":4},"end":{"line":52,"column":8}},"9":{"start":{"line":30,"column":8},"end":{"line":30,"column":76}},"10":{"start":{"line":32,"column":8},"end":{"line":36,"column":9}},"11":{"start":{"line":33,"column":12},"end":{"line":33,"column":82}},"12":{"start":{"line":35,"column":12},"end":{"line":35,"column":87}},"13":{"start":{"line":35,"column":23},"end":{"line":35,"column":87}},"14":{"start":{"line":38,"column":21},"end":{"line":38,"column":66}},"15":{"start":{"line":40,"column":8},"end":{"line":40,"column":83}},"16":{"start":{"line":40,"column":19},"end":{"line":40,"column":83}},"17":{"start":{"line":42,"column":8},"end":{"line":48,"column":11}},"18":{"start":{"line":50,"column":8},"end":{"line":50,"column":25}}},"fnMap":{"0":{"name":"(anonymous_0)","decl":{"start":{"line":18,"column":17},"end":{"line":18,"column":18}},"loc":{"start":{"line":18,"column":46},"end":{"line":53,"column":1}},"line":18},"1":{"name":"(anonymous_1)","decl":{"start":{"line":24,"column":12},"end":{"line":24,"column":13}},"loc":{"start":{"line":24,"column":24},"end":{"line":52,"column":5}},"line":24}},"branchMap":{"0":{"loc":{"start":{"line":32,"column":8},"end":{"line":36,"column":9}},"type":"if","locations":[{"start":{"line":32,"column":8},"end":{"line":36,"column":9}},{"start":{"line":32,"column":8},"end":{"line":36,"column":9}}],"line":32},"1":{"loc":{"start":{"line":35,"column":12},"end":{"line":35,"column":87}},"type":"if","locations":[{"start":{"line":35,"column":12},"end":{"line":35,"column":87}},{"start":{"line":35,"column":12},"end":{"line":35,"column":87}}],"line":35},"2":{"loc":{"start":{"line":40,"column":8},"end":{"line":40,"column":83}},"type":"if","locations":[{"start":{"line":40,"column":8},"end":{"line":40,"column":83}},{"start":{"line":40,"column":8},"end":{"line":40,"column":83}}],"line":40}},"s":{"0":1,"1":1,"2":1,"3":1,"4":1,"5":4,"6":4,"7":4,"8":3,"9":3,"10":3,"11":1,"12":1,"13":1,"14":2,"15":2,"16":1,"17":1,"18":1},"f":{"0":4,"1":3},"b":{"0":[1,2],"1":[1,0],"2":[1,1]},"_coverageSchema":"1a1c01bbd47fc00a2c39e90264f33305004495a9","hash":"cce21990ce349fceeff45b1945b0b6f595cc323b","contentHash":"eb45da2b8477a5c09776cb8503d6308721d6b235c2ee92e9c1f725779c1f7943"},"C:\\Users\\polpe\\bootcamp\\collab\\skylab-bootcamp-202004\\staff\\pol-pedro\\takemytask\\takemytask-server-logic\\add-rating.spec.js":{"path":"C:\\Users\\polpe\\bootcamp\\collab\\skylab-bootcamp-202004\\staff\\pol-pedro\\takemytask\\takemytask-server-logic\\add-rating.spec.js","statementMap":{"0":{"start":{"line":1,"column":0},"end":{"line":1,"column":26}},"1":{"start":{"line":3,"column":96},"end":{"line":3,"column":103}},"2":{"start":{"line":5,"column":16},"end":{"line":5,"column":39}},"3":{"start":{"line":6,"column":19},"end":{"line":6,"column":23}},"4":{"start":{"line":7,"column":19},"end":{"line":7,"column":34}},"5":{"start":{"line":8,"column":0},"end":{"line":8,"column":44}},"6":{"start":{"line":9,"column":35},"end":{"line":9,"column":64}},"7":{"start":{"line":10,"column":68},"end":{"line":10,"column":94}},"8":{"start":{"line":11,"column":0},"end":{"line":11,"column":43}},"9":{"start":{"line":13,"column":0},"end":{"line":100,"column":2}},"10":{"start":{"line":14,"column":4},"end":{"line":14,"column":47}},"11":{"start":{"line":14,"column":17},"end":{"line":14,"column":46}},"12":{"start":{"line":18,"column":4},"end":{"line":47,"column":6}},"13":{"start":{"line":20,"column":8},"end":{"line":20,"column":31}},"14":{"start":{"line":21,"column":8},"end":{"line":21,"column":33}},"15":{"start":{"line":23,"column":8},"end":{"line":23,"column":33}},"16":{"start":{"line":24,"column":8},"end":{"line":24,"column":39}},"17":{"start":{"line":25,"column":8},"end":{"line":25,"column":40}},"18":{"start":{"line":26,"column":8},"end":{"line":26,"column":41}},"19":{"start":{"line":27,"column":8},"end":{"line":27,"column":37}},"20":{"start":{"line":29,"column":8},"end":{"line":29,"column":34}},"21":{"start":{"line":30,"column":8},"end":{"line":30,"column":40}},"22":{"start":{"line":31,"column":8},"end":{"line":31,"column":41}},"23":{"start":{"line":32,"column":8},"end":{"line":32,"column":42}},"24":{"start":{"line":33,"column":8},"end":{"line":33,"column":38}},"25":{"start":{"line":34,"column":8},"end":{"line":34,"column":45}},"26":{"start":{"line":35,"column":8},"end":{"line":35,"column":49}},"27":{"start":{"line":36,"column":8},"end":{"line":36,"column":47}},"28":{"start":{"line":37,"column":8},"end":{"line":37,"column":33}},"29":{"start":{"line":38,"column":8},"end":{"line":38,"column":51}},"30":{"start":{"line":39,"column":8},"end":{"line":39,"column":37}},"31":{"start":{"line":41,"column":23},"end":{"line":41,"column":202}},"32":{"start":{"line":43,"column":8},"end":{"line":43,"column":39}},"33":{"start":{"line":45,"column":8},"end":{"line":45,"column":37}},"34":{"start":{"line":48,"column":4},"end":{"line":78,"column":6}},"35":{"start":{"line":49,"column":8},"end":{"line":53,"column":10}},"36":{"start":{"line":50,"column":25},"end":{"line":50,"column":84}},"37":{"start":{"line":52,"column":12},"end":{"line":52,"column":40}},"38":{"start":{"line":55,"column":8},"end":{"line":66,"column":10}},"39":{"start":{"line":56,"column":12},"end":{"line":56,"column":49}},"40":{"start":{"line":58,"column":28},"end":{"line":58,"column":47}},"41":{"start":{"line":60,"column":29},"end":{"line":60,"column":36}},"42":{"start":{"line":62,"column":12},"end":{"line":62,"column":35}},"43":{"start":{"line":63,"column":12},"end":{"line":63,"column":47}},"44":{"start":{"line":64,"column":12},"end":{"line":64,"column":90}},"45":{"start":{"line":65,"column":12},"end":{"line":65,"column":65}},"46":{"start":{"line":68,"column":8},"end":{"line":77,"column":10}},"47":{"start":{"line":69,"column":12},"end":{"line":76,"column":13}},"48":{"start":{"line":71,"column":16},"end":{"line":71,"column":51}},"49":{"start":{"line":74,"column":16},"end":{"line":74,"column":40}},"50":{"start":{"line":75,"column":16},"end":{"line":75,"column":69}},"51":{"start":{"line":80,"column":4},"end":{"line":95,"column":6}},"52":{"start":{"line":82,"column":8},"end":{"line":84,"column":10}},"53":{"start":{"line":83,"column":12},"end":{"line":83,"column":47}},"54":{"start":{"line":85,"column":8},"end":{"line":94,"column":10}},"55":{"start":{"line":87,"column":27},"end":{"line":92,"column":18}},"56":{"start":{"line":90,"column":20},"end":{"line":90,"column":42}},"57":{"start":{"line":91,"column":20},"end":{"line":91,"column":90}},"58":{"start":{"line":97,"column":4},"end":{"line":97,"column":59}},"59":{"start":{"line":97,"column":20},"end":{"line":97,"column":39}},"60":{"start":{"line":99,"column":4},"end":{"line":99,"column":30}}},"fnMap":{"0":{"name":"(anonymous_0)","decl":{"start":{"line":13,"column":29},"end":{"line":13,"column":30}},"loc":{"start":{"line":13,"column":35},"end":{"line":100,"column":1}},"line":13},"1":{"name":"(anonymous_1)","decl":{"start":{"line":14,"column":11},"end":{"line":14,"column":12}},"loc":{"start":{"line":14,"column":17},"end":{"line":14,"column":46}},"line":14},"2":{"name":"(anonymous_2)","decl":{"start":{"line":18,"column":15},"end":{"line":18,"column":16}},"loc":{"start":{"line":18,"column":27},"end":{"line":47,"column":5}},"line":18},"3":{"name":"(anonymous_3)","decl":{"start":{"line":48,"column":28},"end":{"line":48,"column":29}},"loc":{"start":{"line":48,"column":34},"end":{"line":78,"column":5}},"line":48},"4":{"name":"(anonymous_4)","decl":{"start":{"line":49,"column":19},"end":{"line":49,"column":20}},"loc":{"start":{"line":49,"column":31},"end":{"line":53,"column":9}},"line":49},"5":{"name":"(anonymous_5)","decl":{"start":{"line":55,"column":44},"end":{"line":55,"column":45}},"loc":{"start":{"line":55,"column":56},"end":{"line":66,"column":9}},"line":55},"6":{"name":"(anonymous_6)","decl":{"start":{"line":68,"column":41},"end":{"line":68,"column":42}},"loc":{"start":{"line":68,"column":53},"end":{"line":77,"column":9}},"line":68},"7":{"name":"(anonymous_7)","decl":{"start":{"line":80,"column":33},"end":{"line":80,"column":34}},"loc":{"start":{"line":80,"column":39},"end":{"line":95,"column":5}},"line":80},"8":{"name":"(anonymous_8)","decl":{"start":{"line":82,"column":19},"end":{"line":82,"column":20}},"loc":{"start":{"line":82,"column":30},"end":{"line":84,"column":9}},"line":82},"9":{"name":"(anonymous_9)","decl":{"start":{"line":85,"column":50},"end":{"line":85,"column":51}},"loc":{"start":{"line":85,"column":62},"end":{"line":94,"column":9}},"line":85},"10":{"name":"(anonymous_10)","decl":{"start":{"line":89,"column":23},"end":{"line":89,"column":24}},"loc":{"start":{"line":89,"column":32},"end":{"line":92,"column":17}},"line":89},"11":{"name":"(anonymous_11)","decl":{"start":{"line":97,"column":14},"end":{"line":97,"column":15}},"loc":{"start":{"line":97,"column":20},"end":{"line":97,"column":39}},"line":97}},"branchMap":{},"s":{"0":1,"1":1,"2":1,"3":1,"4":1,"5":1,"6":1,"7":1,"8":1,"9":1,"10":1,"11":1,"12":1,"13":3,"14":3,"15":3,"16":3,"17":3,"18":3,"19":3,"20":3,"21":3,"22":3,"23":3,"24":3,"25":3,"26":3,"27":3,"28":3,"29":3,"30":3,"31":3,"32":3,"33":3,"34":1,"35":1,"36":2,"37":2,"38":1,"39":1,"40":1,"41":1,"42":1,"43":1,"44":1,"45":1,"46":1,"47":1,"48":1,"49":1,"50":1,"51":1,"52":1,"53":1,"54":1,"55":1,"56":1,"57":1,"58":1,"59":3,"60":1},"f":{"0":1,"1":1,"2":3,"3":1,"4":2,"5":1,"6":1,"7":1,"8":1,"9":1,"10":1,"11":3},"b":{},"_coverageSchema":"1a1c01bbd47fc00a2c39e90264f33305004495a9","hash":"c4b1e3abb2c6cb23e8719db9be318a4446dbdf0e","contentHash":"575e4dd524fd25b8f43a2d4d30d8ae105e365e76ee28bc24cd33f84bc767c967"},"C:\\Users\\polpe\\bootcamp\\collab\\skylab-bootcamp-202004\\staff\\pol-pedro\\takemytask\\takemytask-server-logic\\add-rating.js":{"path":"C:\\Users\\polpe\\bootcamp\\collab\\skylab-bootcamp-202004\\staff\\pol-pedro\\takemytask\\takemytask-server-logic\\add-rating.js","statementMap":{"0":{"start":{"line":1,"column":0},"end":{"line":1,"column":46}},"1":{"start":{"line":2,"column":0},"end":{"line":2,"column":44}},"2":{"start":{"line":3,"column":41},"end":{"line":3,"column":70}},"3":{"start":{"line":4,"column":60},"end":{"line":4,"column":86}},"4":{"start":{"line":17,"column":0},"end":{"line":54,"column":1}},"5":{"start":{"line":19,"column":4},"end":{"line":19,"column":35}},"6":{"start":{"line":20,"column":4},"end":{"line":20,"column":36}},"7":{"start":{"line":21,"column":4},"end":{"line":21,"column":34}},"8":{"start":{"line":23,"column":4},"end":{"line":53,"column":8}},"9":{"start":{"line":24,"column":21},"end":{"line":24,"column":85}},"10":{"start":{"line":26,"column":8},"end":{"line":26,"column":85}},"11":{"start":{"line":26,"column":19},"end":{"line":26,"column":85}},"12":{"start":{"line":28,"column":22},"end":{"line":28,"column":85}},"13":{"start":{"line":30,"column":8},"end":{"line":51,"column":9}},"14":{"start":{"line":32,"column":12},"end":{"line":39,"column":13}},"15":{"start":{"line":33,"column":16},"end":{"line":38,"column":17}},"16":{"start":{"line":35,"column":20},"end":{"line":35,"column":54}},"17":{"start":{"line":36,"column":20},"end":{"line":36,"column":56}},"18":{"start":{"line":40,"column":12},"end":{"line":40,"column":30}},"19":{"start":{"line":44,"column":12},"end":{"line":48,"column":15}},"20":{"start":{"line":50,"column":12},"end":{"line":50,"column":29}}},"fnMap":{"0":{"name":"(anonymous_0)","decl":{"start":{"line":17,"column":17},"end":{"line":17,"column":18}},"loc":{"start":{"line":17,"column":45},"end":{"line":54,"column":1}},"line":17},"1":{"name":"(anonymous_1)","decl":{"start":{"line":23,"column":12},"end":{"line":23,"column":13}},"loc":{"start":{"line":23,"column":24},"end":{"line":53,"column":5}},"line":23}},"branchMap":{"0":{"loc":{"start":{"line":26,"column":8},"end":{"line":26,"column":85}},"type":"if","locations":[{"start":{"line":26,"column":8},"end":{"line":26,"column":85}},{"start":{"line":26,"column":8},"end":{"line":26,"column":85}}],"line":26},"1":{"loc":{"start":{"line":30,"column":8},"end":{"line":51,"column":9}},"type":"if","locations":[{"start":{"line":30,"column":8},"end":{"line":51,"column":9}},{"start":{"line":30,"column":8},"end":{"line":51,"column":9}}],"line":30},"2":{"loc":{"start":{"line":33,"column":16},"end":{"line":38,"column":17}},"type":"if","locations":[{"start":{"line":33,"column":16},"end":{"line":38,"column":17}},{"start":{"line":33,"column":16},"end":{"line":38,"column":17}}],"line":33}},"s":{"0":1,"1":1,"2":1,"3":1,"4":1,"5":3,"6":3,"7":3,"8":2,"9":2,"10":2,"11":1,"12":1,"13":1,"14":0,"15":0,"16":0,"17":0,"18":0,"19":1,"20":1},"f":{"0":3,"1":2},"b":{"0":[1,1],"1":[0,1],"2":[0,0]},"_coverageSchema":"1a1c01bbd47fc00a2c39e90264f33305004495a9","hash":"fa8283b6bcdbcc156d0150f96952f7ab6e9f409b","contentHash":"08bb48e05b2afe40e62714bb0a94cf8bb97571bdf2d0336112f1acd9052bd73d"},"C:\\Users\\polpe\\bootcamp\\collab\\skylab-bootcamp-202004\\staff\\pol-pedro\\takemytask\\takemytask-server-logic\\authenticate.spec.js":{"path":"C:\\Users\\polpe\\bootcamp\\collab\\skylab-bootcamp-202004\\staff\\pol-pedro\\takemytask\\takemytask-server-logic\\authenticate.spec.js","statementMap":{"0":{"start":{"line":1,"column":0},"end":{"line":1,"column":26}},"1":{"start":{"line":3,"column":51},"end":{"line":3,"column":58}},"2":{"start":{"line":5,"column":21},"end":{"line":5,"column":46}},"3":{"start":{"line":6,"column":19},"end":{"line":6,"column":23}},"4":{"start":{"line":7,"column":19},"end":{"line":7,"column":34}},"5":{"start":{"line":8,"column":0},"end":{"line":8,"column":44}},"6":{"start":{"line":9,"column":47},"end":{"line":9,"column":73}},"7":{"start":{"line":10,"column":15},"end":{"line":10,"column":34}},"8":{"start":{"line":12,"column":0},"end":{"line":115,"column":2}},"9":{"start":{"line":13,"column":4},"end":{"line":13,"column":47}},"10":{"start":{"line":13,"column":17},"end":{"line":13,"column":46}},"11":{"start":{"line":17,"column":4},"end":{"line":32,"column":6}},"12":{"start":{"line":18,"column":8},"end":{"line":18,"column":31}},"13":{"start":{"line":19,"column":8},"end":{"line":19,"column":33}},"14":{"start":{"line":21,"column":8},"end":{"line":21,"column":33}},"15":{"start":{"line":22,"column":8},"end":{"line":22,"column":39}},"16":{"start":{"line":23,"column":8},"end":{"line":23,"column":40}},"17":{"start":{"line":24,"column":8},"end":{"line":24,"column":41}},"18":{"start":{"line":25,"column":8},"end":{"line":25,"column":37}},"19":{"start":{"line":27,"column":21},"end":{"line":27,"column":52}},"20":{"start":{"line":29,"column":21},"end":{"line":29,"column":86}},"21":{"start":{"line":31,"column":8},"end":{"line":31,"column":24}},"22":{"start":{"line":34,"column":4},"end":{"line":40,"column":6}},"23":{"start":{"line":35,"column":8},"end":{"line":39,"column":14}},"24":{"start":{"line":37,"column":16},"end":{"line":37,"column":40}},"25":{"start":{"line":38,"column":16},"end":{"line":38,"column":48}},"26":{"start":{"line":42,"column":4},"end":{"line":48,"column":6}},"27":{"start":{"line":43,"column":8},"end":{"line":47,"column":14}},"28":{"start":{"line":45,"column":16},"end":{"line":45,"column":38}},"29":{"start":{"line":46,"column":16},"end":{"line":46,"column":73}},"30":{"start":{"line":50,"column":4},"end":{"line":57,"column":6}},"31":{"start":{"line":51,"column":7},"end":{"line":56,"column":8}},"32":{"start":{"line":52,"column":11},"end":{"line":52,"column":48}},"33":{"start":{"line":54,"column":12},"end":{"line":54,"column":34}},"34":{"start":{"line":55,"column":12},"end":{"line":55,"column":68}},"35":{"start":{"line":59,"column":4},"end":{"line":109,"column":6}},"36":{"start":{"line":63,"column":8},"end":{"line":83,"column":10}},"37":{"start":{"line":64,"column":12},"end":{"line":64,"column":35}},"38":{"start":{"line":65,"column":12},"end":{"line":65,"column":37}},"39":{"start":{"line":67,"column":12},"end":{"line":67,"column":37}},"40":{"start":{"line":68,"column":12},"end":{"line":68,"column":43}},"41":{"start":{"line":69,"column":12},"end":{"line":69,"column":44}},"42":{"start":{"line":70,"column":12},"end":{"line":70,"column":45}},"43":{"start":{"line":71,"column":12},"end":{"line":71,"column":41}},"44":{"start":{"line":72,"column":12},"end":{"line":72,"column":49}},"45":{"start":{"line":73,"column":12},"end":{"line":73,"column":51}},"46":{"start":{"line":74,"column":12},"end":{"line":74,"column":37}},"47":{"start":{"line":75,"column":12},"end":{"line":75,"column":55}},"48":{"start":{"line":76,"column":12},"end":{"line":76,"column":41}},"49":{"start":{"line":78,"column":25},"end":{"line":78,"column":56}},"50":{"start":{"line":80,"column":27},"end":{"line":80,"column":164}},"51":{"start":{"line":82,"column":12},"end":{"line":82,"column":32}},"52":{"start":{"line":85,"column":8},"end":{"line":91,"column":10}},"53":{"start":{"line":86,"column":12},"end":{"line":90,"column":18}},"54":{"start":{"line":88,"column":20},"end":{"line":88,"column":44}},"55":{"start":{"line":89,"column":20},"end":{"line":89,"column":54}},"56":{"start":{"line":93,"column":8},"end":{"line":99,"column":10}},"57":{"start":{"line":94,"column":12},"end":{"line":98,"column":18}},"58":{"start":{"line":96,"column":20},"end":{"line":96,"column":42}},"59":{"start":{"line":97,"column":20},"end":{"line":97,"column":77}},"60":{"start":{"line":101,"column":8},"end":{"line":108,"column":11}},"61":{"start":{"line":102,"column":12},"end":{"line":107,"column":13}},"62":{"start":{"line":103,"column":16},"end":{"line":103,"column":53}},"63":{"start":{"line":105,"column":17},"end":{"line":105,"column":39}},"64":{"start":{"line":106,"column":17},"end":{"line":106,"column":73}},"65":{"start":{"line":112,"column":4},"end":{"line":112,"column":59}},"66":{"start":{"line":112,"column":20},"end":{"line":112,"column":37}},"67":{"start":{"line":114,"column":4},"end":{"line":114,"column":30}}},"fnMap":{"0":{"name":"(anonymous_0)","decl":{"start":{"line":12,"column":38},"end":{"line":12,"column":39}},"loc":{"start":{"line":12,"column":44},"end":{"line":115,"column":1}},"line":12},"1":{"name":"(anonymous_1)","decl":{"start":{"line":13,"column":11},"end":{"line":13,"column":12}},"loc":{"start":{"line":13,"column":17},"end":{"line":13,"column":46}},"line":13},"2":{"name":"(anonymous_2)","decl":{"start":{"line":17,"column":15},"end":{"line":17,"column":16}},"loc":{"start":{"line":17,"column":27},"end":{"line":32,"column":5}},"line":17},"3":{"name":"(anonymous_3)","decl":{"start":{"line":34,"column":57},"end":{"line":34,"column":58}},"loc":{"start":{"line":34,"column":69},"end":{"line":40,"column":5}},"line":34},"4":{"name":"(anonymous_4)","decl":{"start":{"line":36,"column":18},"end":{"line":36,"column":19}},"loc":{"start":{"line":36,"column":31},"end":{"line":39,"column":13}},"line":36},"5":{"name":"(anonymous_5)","decl":{"start":{"line":42,"column":40},"end":{"line":42,"column":41}},"loc":{"start":{"line":42,"column":52},"end":{"line":48,"column":5}},"line":42},"6":{"name":"(anonymous_6)","decl":{"start":{"line":44,"column":19},"end":{"line":44,"column":20}},"loc":{"start":{"line":44,"column":30},"end":{"line":47,"column":13}},"line":44},"7":{"name":"(anonymous_7)","decl":{"start":{"line":50,"column":39},"end":{"line":50,"column":40}},"loc":{"start":{"line":50,"column":51},"end":{"line":57,"column":5}},"line":50},"8":{"name":"(anonymous_8)","decl":{"start":{"line":59,"column":44},"end":{"line":59,"column":45}},"loc":{"start":{"line":59,"column":50},"end":{"line":109,"column":5}},"line":59},"9":{"name":"(anonymous_9)","decl":{"start":{"line":63,"column":19},"end":{"line":63,"column":20}},"loc":{"start":{"line":63,"column":31},"end":{"line":83,"column":9}},"line":63},"10":{"name":"(anonymous_10)","decl":{"start":{"line":85,"column":63},"end":{"line":85,"column":64}},"loc":{"start":{"line":85,"column":75},"end":{"line":91,"column":9}},"line":85},"11":{"name":"(anonymous_11)","decl":{"start":{"line":87,"column":22},"end":{"line":87,"column":23}},"loc":{"start":{"line":87,"column":35},"end":{"line":90,"column":17}},"line":87},"12":{"name":"(anonymous_12)","decl":{"start":{"line":93,"column":44},"end":{"line":93,"column":45}},"loc":{"start":{"line":93,"column":56},"end":{"line":99,"column":9}},"line":93},"13":{"name":"(anonymous_13)","decl":{"start":{"line":95,"column":23},"end":{"line":95,"column":24}},"loc":{"start":{"line":95,"column":34},"end":{"line":98,"column":17}},"line":95},"14":{"name":"(anonymous_14)","decl":{"start":{"line":101,"column":43},"end":{"line":101,"column":44}},"loc":{"start":{"line":101,"column":55},"end":{"line":108,"column":10}},"line":101},"15":{"name":"(anonymous_15)","decl":{"start":{"line":112,"column":14},"end":{"line":112,"column":15}},"loc":{"start":{"line":112,"column":20},"end":{"line":112,"column":37}},"line":112}},"branchMap":{},"s":{"0":1,"1":1,"2":1,"3":1,"4":1,"5":1,"6":1,"7":1,"8":1,"9":1,"10":1,"11":1,"12":6,"13":6,"14":6,"15":6,"16":6,"17":6,"18":6,"19":6,"20":6,"21":6,"22":1,"23":1,"24":1,"25":1,"26":1,"27":1,"28":1,"29":1,"30":1,"31":1,"32":1,"33":1,"34":1,"35":1,"36":1,"37":3,"38":3,"39":3,"40":3,"41":3,"42":3,"43":3,"44":3,"45":3,"46":3,"47":3,"48":3,"49":3,"50":3,"51":3,"52":1,"53":1,"54":1,"55":1,"56":1,"57":1,"58":1,"59":1,"60":1,"61":1,"62":1,"63":1,"64":1,"65":1,"66":6,"67":1},"f":{"0":1,"1":1,"2":6,"3":1,"4":1,"5":1,"6":1,"7":1,"8":1,"9":3,"10":1,"11":1,"12":1,"13":1,"14":1,"15":6},"b":{},"_coverageSchema":"1a1c01bbd47fc00a2c39e90264f33305004495a9","hash":"d26923054ea0b06131b00e04af91a17851e20729","contentHash":"69ef508b42bb7b882bafbfc3eae65e72beb8d336a3788619cec19c4ca3f01f52"},"C:\\Users\\polpe\\bootcamp\\collab\\skylab-bootcamp-202004\\staff\\pol-pedro\\takemytask\\takemytask-server-logic\\authenticate.js":{"path":"C:\\Users\\polpe\\bootcamp\\collab\\skylab-bootcamp-202004\\staff\\pol-pedro\\takemytask\\takemytask-server-logic\\authenticate.js","statementMap":{"0":{"start":{"line":1,"column":0},"end":{"line":1,"column":46}},"1":{"start":{"line":2,"column":0},"end":{"line":2,"column":44}},"2":{"start":{"line":3,"column":59},"end":{"line":3,"column":88}},"3":{"start":{"line":4,"column":37},"end":{"line":4,"column":63}},"4":{"start":{"line":5,"column":15},"end":{"line":5,"column":34}},"5":{"start":{"line":18,"column":0},"end":{"line":38,"column":1}},"6":{"start":{"line":19,"column":4},"end":{"line":19,"column":34}},"7":{"start":{"line":20,"column":4},"end":{"line":20,"column":25}},"8":{"start":{"line":21,"column":4},"end":{"line":21,"column":37}},"9":{"start":{"line":22,"column":15},"end":{"line":22,"column":19}},"10":{"start":{"line":24,"column":4},"end":{"line":37,"column":8}},"11":{"start":{"line":25,"column":8},"end":{"line":25,"column":44}},"12":{"start":{"line":26,"column":8},"end":{"line":28,"column":9}},"13":{"start":{"line":27,"column":12},"end":{"line":27,"column":50}},"14":{"start":{"line":30,"column":8},"end":{"line":30,"column":72}},"15":{"start":{"line":30,"column":19},"end":{"line":30,"column":72}},"16":{"start":{"line":32,"column":21},"end":{"line":32,"column":66}},"17":{"start":{"line":34,"column":8},"end":{"line":34,"column":72}},"18":{"start":{"line":34,"column":19},"end":{"line":34,"column":72}},"19":{"start":{"line":36,"column":8},"end":{"line":36,"column":22}}},"fnMap":{"0":{"name":"(anonymous_0)","decl":{"start":{"line":18,"column":17},"end":{"line":18,"column":18}},"loc":{"start":{"line":18,"column":38},"end":{"line":38,"column":1}},"line":18},"1":{"name":"(anonymous_1)","decl":{"start":{"line":24,"column":12},"end":{"line":24,"column":13}},"loc":{"start":{"line":24,"column":24},"end":{"line":37,"column":5}},"line":24}},"branchMap":{"0":{"loc":{"start":{"line":26,"column":8},"end":{"line":28,"column":9}},"type":"if","locations":[{"start":{"line":26,"column":8},"end":{"line":28,"column":9}},{"start":{"line":26,"column":8},"end":{"line":28,"column":9}}],"line":26},"1":{"loc":{"start":{"line":30,"column":8},"end":{"line":30,"column":72}},"type":"if","locations":[{"start":{"line":30,"column":8},"end":{"line":30,"column":72}},{"start":{"line":30,"column":8},"end":{"line":30,"column":72}}],"line":30},"2":{"loc":{"start":{"line":34,"column":8},"end":{"line":34,"column":72}},"type":"if","locations":[{"start":{"line":34,"column":8},"end":{"line":34,"column":72}},{"start":{"line":34,"column":8},"end":{"line":34,"column":72}}],"line":34}},"s":{"0":1,"1":1,"2":1,"3":1,"4":1,"5":1,"6":6,"7":6,"8":4,"9":4,"10":4,"11":4,"12":4,"13":2,"14":4,"15":0,"16":4,"17":4,"18":2,"19":2},"f":{"0":6,"1":4},"b":{"0":[2,2],"1":[0,4],"2":[2,2]},"_coverageSchema":"1a1c01bbd47fc00a2c39e90264f33305004495a9","hash":"963a6904312514747de874abc89564de3251c715","contentHash":"38031a57587fc9a78d55a63191b76553a74d95b603872f6f6cccf24bd2df3e34"},"C:\\Users\\polpe\\bootcamp\\collab\\skylab-bootcamp-202004\\staff\\pol-pedro\\takemytask\\takemytask-server-logic\\creat-chat.spec.js":{"path":"C:\\Users\\polpe\\bootcamp\\collab\\skylab-bootcamp-202004\\staff\\pol-pedro\\takemytask\\takemytask-server-logic\\creat-chat.spec.js","statementMap":{"0":{"start":{"line":1,"column":0},"end":{"line":1,"column":26}},"1":{"start":{"line":3,"column":51},"end":{"line":3,"column":58}},"2":{"start":{"line":5,"column":18},"end":{"line":5,"column":41}},"3":{"start":{"line":6,"column":19},"end":{"line":6,"column":23}},"4":{"start":{"line":7,"column":19},"end":{"line":7,"column":34}},"5":{"start":{"line":8,"column":0},"end":{"line":8,"column":44}},"6":{"start":{"line":9,"column":74},"end":{"line":9,"column":100}},"7":{"start":{"line":10,"column":15},"end":{"line":10,"column":34}},"8":{"start":{"line":12,"column":0},"end":{"line":118,"column":2}},"9":{"start":{"line":13,"column":4},"end":{"line":13,"column":47}},"10":{"start":{"line":13,"column":17},"end":{"line":13,"column":46}},"11":{"start":{"line":17,"column":4},"end":{"line":52,"column":6}},"12":{"start":{"line":18,"column":8},"end":{"line":18,"column":31}},"13":{"start":{"line":19,"column":8},"end":{"line":19,"column":33}},"14":{"start":{"line":20,"column":8},"end":{"line":20,"column":31}},"15":{"start":{"line":22,"column":8},"end":{"line":22,"column":33}},"16":{"start":{"line":23,"column":8},"end":{"line":23,"column":39}},"17":{"start":{"line":24,"column":8},"end":{"line":24,"column":40}},"18":{"start":{"line":25,"column":8},"end":{"line":25,"column":41}},"19":{"start":{"line":26,"column":8},"end":{"line":26,"column":37}},"20":{"start":{"line":28,"column":21},"end":{"line":28,"column":52}},"21":{"start":{"line":30,"column":21},"end":{"line":30,"column":86}},"22":{"start":{"line":32,"column":8},"end":{"line":32,"column":24}},"23":{"start":{"line":34,"column":8},"end":{"line":34,"column":54}},"24":{"start":{"line":36,"column":8},"end":{"line":36,"column":34}},"25":{"start":{"line":37,"column":8},"end":{"line":37,"column":40}},"26":{"start":{"line":38,"column":8},"end":{"line":38,"column":41}},"27":{"start":{"line":39,"column":8},"end":{"line":39,"column":42}},"28":{"start":{"line":40,"column":8},"end":{"line":40,"column":38}},"29":{"start":{"line":41,"column":8},"end":{"line":41,"column":45}},"30":{"start":{"line":42,"column":8},"end":{"line":42,"column":47}},"31":{"start":{"line":43,"column":8},"end":{"line":43,"column":33}},"32":{"start":{"line":44,"column":8},"end":{"line":44,"column":51}},"33":{"start":{"line":45,"column":8},"end":{"line":45,"column":37}},"34":{"start":{"line":47,"column":22},"end":{"line":47,"column":53}},"35":{"start":{"line":49,"column":23},"end":{"line":49,"column":195}},"36":{"start":{"line":51,"column":8},"end":{"line":51,"column":28}},"37":{"start":{"line":54,"column":4},"end":{"line":83,"column":6}},"38":{"start":{"line":55,"column":8},"end":{"line":55,"column":54}},"39":{"start":{"line":57,"column":22},"end":{"line":57,"column":39}},"40":{"start":{"line":59,"column":24},"end":{"line":59,"column":41}},"41":{"start":{"line":61,"column":23},"end":{"line":61,"column":28}},"42":{"start":{"line":63,"column":25},"end":{"line":63,"column":32}},"43":{"start":{"line":65,"column":8},"end":{"line":65,"column":37}},"44":{"start":{"line":66,"column":8},"end":{"line":66,"column":39}},"45":{"start":{"line":68,"column":22},"end":{"line":68,"column":39}},"46":{"start":{"line":72,"column":23},"end":{"line":72,"column":28}},"47":{"start":{"line":74,"column":26},"end":{"line":74,"column":39}},"48":{"start":{"line":78,"column":8},"end":{"line":78,"column":54}},"49":{"start":{"line":79,"column":8},"end":{"line":79,"column":69}},"50":{"start":{"line":80,"column":8},"end":{"line":80,"column":64}},"51":{"start":{"line":81,"column":8},"end":{"line":81,"column":68}},"52":{"start":{"line":85,"column":4},"end":{"line":94,"column":6}},"53":{"start":{"line":86,"column":8},"end":{"line":93,"column":9}},"54":{"start":{"line":88,"column":27},"end":{"line":88,"column":76}},"55":{"start":{"line":89,"column":12},"end":{"line":89,"column":35}},"56":{"start":{"line":91,"column":12},"end":{"line":91,"column":34}},"57":{"start":{"line":92,"column":12},"end":{"line":92,"column":71}},"58":{"start":{"line":115,"column":4},"end":{"line":115,"column":78}},"59":{"start":{"line":115,"column":20},"end":{"line":115,"column":37}},"60":{"start":{"line":117,"column":4},"end":{"line":117,"column":30}}},"fnMap":{"0":{"name":"(anonymous_0)","decl":{"start":{"line":12,"column":31},"end":{"line":12,"column":32}},"loc":{"start":{"line":12,"column":37},"end":{"line":118,"column":1}},"line":12},"1":{"name":"(anonymous_1)","decl":{"start":{"line":13,"column":11},"end":{"line":13,"column":12}},"loc":{"start":{"line":13,"column":17},"end":{"line":13,"column":46}},"line":13},"2":{"name":"(anonymous_2)","decl":{"start":{"line":17,"column":15},"end":{"line":17,"column":16}},"loc":{"start":{"line":17,"column":27},"end":{"line":52,"column":5}},"line":17},"3":{"name":"(anonymous_3)","decl":{"start":{"line":54,"column":44},"end":{"line":54,"column":45}},"loc":{"start":{"line":54,"column":56},"end":{"line":83,"column":5}},"line":54},"4":{"name":"(anonymous_4)","decl":{"start":{"line":85,"column":42},"end":{"line":85,"column":43}},"loc":{"start":{"line":85,"column":54},"end":{"line":94,"column":5}},"line":85},"5":{"name":"(anonymous_5)","decl":{"start":{"line":115,"column":14},"end":{"line":115,"column":15}},"loc":{"start":{"line":115,"column":20},"end":{"line":115,"column":37}},"line":115}},"branchMap":{},"s":{"0":1,"1":1,"2":1,"3":1,"4":1,"5":1,"6":1,"7":1,"8":1,"9":1,"10":1,"11":1,"12":2,"13":2,"14":2,"15":2,"16":2,"17":2,"18":2,"19":2,"20":2,"21":2,"22":2,"23":2,"24":2,"25":2,"26":2,"27":2,"28":2,"29":2,"30":2,"31":2,"32":2,"33":2,"34":2,"35":2,"36":2,"37":1,"38":1,"39":1,"40":1,"41":1,"42":1,"43":1,"44":1,"45":1,"46":1,"47":1,"48":1,"49":1,"50":1,"51":1,"52":1,"53":1,"54":1,"55":0,"56":1,"57":1,"58":1,"59":2,"60":1},"f":{"0":1,"1":1,"2":2,"3":1,"4":1,"5":2},"b":{},"_coverageSchema":"1a1c01bbd47fc00a2c39e90264f33305004495a9","hash":"682d645f89e75a0b1aebcefb33446f947fe124da","contentHash":"d12b7bbde192a6ee4b3f8117f27a3401423ad3b17b00ae3a959a4857947e88b4"},"C:\\Users\\polpe\\bootcamp\\collab\\skylab-bootcamp-202004\\staff\\pol-pedro\\takemytask\\takemytask-server-logic\\creat-chat.js":{"path":"C:\\Users\\polpe\\bootcamp\\collab\\skylab-bootcamp-202004\\staff\\pol-pedro\\takemytask\\takemytask-server-logic\\creat-chat.js","statementMap":{"0":{"start":{"line":1,"column":0},"end":{"line":1,"column":46}},"1":{"start":{"line":2,"column":0},"end":{"line":2,"column":44}},"2":{"start":{"line":3,"column":41},"end":{"line":3,"column":70}},"3":{"start":{"line":4,"column":75},"end":{"line":4,"column":101}},"4":{"start":{"line":16,"column":0},"end":{"line":59,"column":1}},"5":{"start":{"line":18,"column":4},"end":{"line":18,"column":38}},"6":{"start":{"line":19,"column":4},"end":{"line":19,"column":41}},"7":{"start":{"line":23,"column":4},"end":{"line":58,"column":8}},"8":{"start":{"line":24,"column":21},"end":{"line":24,"column":85}},"9":{"start":{"line":26,"column":23},"end":{"line":26,"column":92}},"10":{"start":{"line":28,"column":8},"end":{"line":28,"column":76}},"11":{"start":{"line":28,"column":30},"end":{"line":28,"column":76}},"12":{"start":{"line":30,"column":21},"end":{"line":34,"column":10}},"13":{"start":{"line":36,"column":24},"end":{"line":36,"column":45}},"14":{"start":{"line":38,"column":8},"end":{"line":44,"column":11}},"15":{"start":{"line":46,"column":8},"end":{"line":46,"column":32}},"16":{"start":{"line":48,"column":8},"end":{"line":48,"column":34}},"17":{"start":{"line":50,"column":8},"end":{"line":50,"column":25}},"18":{"start":{"line":52,"column":8},"end":{"line":52,"column":27}},"19":{"start":{"line":54,"column":8},"end":{"line":54,"column":25}},"20":{"start":{"line":56,"column":8},"end":{"line":56,"column":23}}},"fnMap":{"0":{"name":"(anonymous_0)","decl":{"start":{"line":16,"column":17},"end":{"line":16,"column":18}},"loc":{"start":{"line":16,"column":46},"end":{"line":59,"column":1}},"line":16},"1":{"name":"(anonymous_1)","decl":{"start":{"line":23,"column":12},"end":{"line":23,"column":13}},"loc":{"start":{"line":23,"column":24},"end":{"line":58,"column":5}},"line":23}},"branchMap":{"0":{"loc":{"start":{"line":28,"column":8},"end":{"line":28,"column":76}},"type":"if","locations":[{"start":{"line":28,"column":8},"end":{"line":28,"column":76}},{"start":{"line":28,"column":8},"end":{"line":28,"column":76}}],"line":28},"1":{"loc":{"start":{"line":28,"column":12},"end":{"line":28,"column":28}},"type":"binary-expr","locations":[{"start":{"line":28,"column":12},"end":{"line":28,"column":17}},{"start":{"line":28,"column":21},"end":{"line":28,"column":28}}],"line":28}},"s":{"0":1,"1":1,"2":1,"3":1,"4":1,"5":2,"6":1,"7":1,"8":1,"9":1,"10":1,"11":0,"12":1,"13":1,"14":1,"15":1,"16":1,"17":1,"18":1,"19":1,"20":1},"f":{"0":2,"1":1},"b":{"0":[0,1],"1":[1,0]},"_coverageSchema":"1a1c01bbd47fc00a2c39e90264f33305004495a9","hash":"7a5271ae8b6aeb44b5269fb994093abf144be99b","contentHash":"47a3921a5345aa0b0a72f23d39a176bfecaa05d284adccad63b703c8c5c44d9c"},"C:\\Users\\polpe\\bootcamp\\collab\\skylab-bootcamp-202004\\staff\\pol-pedro\\takemytask\\takemytask-server-logic\\register-user.spec.js":{"path":"C:\\Users\\polpe\\bootcamp\\collab\\skylab-bootcamp-202004\\staff\\pol-pedro\\takemytask\\takemytask-server-logic\\register-user.spec.js","statementMap":{"0":{"start":{"line":1,"column":0},"end":{"line":1,"column":26}},"1":{"start":{"line":3,"column":51},"end":{"line":3,"column":58}},"2":{"start":{"line":5,"column":21},"end":{"line":5,"column":47}},"3":{"start":{"line":6,"column":19},"end":{"line":6,"column":23}},"4":{"start":{"line":7,"column":19},"end":{"line":7,"column":34}},"5":{"start":{"line":8,"column":0},"end":{"line":8,"column":44}},"6":{"start":{"line":9,"column":39},"end":{"line":9,"column":65}},"7":{"start":{"line":10,"column":15},"end":{"line":10,"column":34}},"8":{"start":{"line":12,"column":0},"end":{"line":81,"column":2}},"9":{"start":{"line":13,"column":4},"end":{"line":13,"column":47}},"10":{"start":{"line":13,"column":17},"end":{"line":13,"column":46}},"11":{"start":{"line":17,"column":4},"end":{"line":25,"column":6}},"12":{"start":{"line":18,"column":8},"end":{"line":18,"column":31}},"13":{"start":{"line":20,"column":8},"end":{"line":20,"column":33}},"14":{"start":{"line":21,"column":8},"end":{"line":21,"column":39}},"15":{"start":{"line":22,"column":8},"end":{"line":22,"column":40}},"16":{"start":{"line":23,"column":8},"end":{"line":23,"column":41}},"17":{"start":{"line":24,"column":8},"end":{"line":24,"column":37}},"18":{"start":{"line":27,"column":4},"end":{"line":46,"column":6}},"19":{"start":{"line":28,"column":23},"end":{"line":28,"column":81}},"20":{"start":{"line":30,"column":8},"end":{"line":30,"column":38}},"21":{"start":{"line":32,"column":22},"end":{"line":32,"column":39}},"22":{"start":{"line":34,"column":8},"end":{"line":34,"column":40}},"23":{"start":{"line":36,"column":23},"end":{"line":36,"column":28}},"24":{"start":{"line":38,"column":8},"end":{"line":38,"column":40}},"25":{"start":{"line":39,"column":8},"end":{"line":39,"column":46}},"26":{"start":{"line":40,"column":8},"end":{"line":40,"column":42}},"27":{"start":{"line":41,"column":8},"end":{"line":41,"column":44}},"28":{"start":{"line":43,"column":22},"end":{"line":43,"column":67}},"29":{"start":{"line":45,"column":8},"end":{"line":45,"column":32}},"30":{"start":{"line":48,"column":4},"end":{"line":57,"column":6}},"31":{"start":{"line":49,"column":8},"end":{"line":56,"column":9}},"32":{"start":{"line":51,"column":27},"end":{"line":51,"column":90}},"33":{"start":{"line":52,"column":12},"end":{"line":52,"column":35}},"34":{"start":{"line":54,"column":12},"end":{"line":54,"column":34}},"35":{"start":{"line":55,"column":12},"end":{"line":55,"column":71}},"36":{"start":{"line":61,"column":4},"end":{"line":76,"column":6}},"37":{"start":{"line":62,"column":8},"end":{"line":62,"column":81}},"38":{"start":{"line":62,"column":25},"end":{"line":62,"column":80}},"39":{"start":{"line":64,"column":8},"end":{"line":75,"column":10}},"40":{"start":{"line":65,"column":12},"end":{"line":74,"column":13}},"41":{"start":{"line":66,"column":16},"end":{"line":66,"column":74}},"42":{"start":{"line":68,"column":16},"end":{"line":68,"column":62}},"43":{"start":{"line":70,"column":16},"end":{"line":70,"column":38}},"44":{"start":{"line":72,"column":16},"end":{"line":72,"column":56}},"45":{"start":{"line":73,"column":16},"end":{"line":73,"column":90}},"46":{"start":{"line":78,"column":4},"end":{"line":78,"column":38}},"47":{"start":{"line":78,"column":20},"end":{"line":78,"column":37}},"48":{"start":{"line":80,"column":4},"end":{"line":80,"column":30}}},"fnMap":{"0":{"name":"(anonymous_0)","decl":{"start":{"line":12,"column":34},"end":{"line":12,"column":35}},"loc":{"start":{"line":12,"column":40},"end":{"line":81,"column":1}},"line":12},"1":{"name":"(anonymous_1)","decl":{"start":{"line":13,"column":11},"end":{"line":13,"column":12}},"loc":{"start":{"line":13,"column":17},"end":{"line":13,"column":46}},"line":13},"2":{"name":"(anonymous_2)","decl":{"start":{"line":17,"column":15},"end":{"line":17,"column":16}},"loc":{"start":{"line":17,"column":27},"end":{"line":25,"column":5}},"line":17},"3":{"name":"(anonymous_3)","decl":{"start":{"line":27,"column":39},"end":{"line":27,"column":40}},"loc":{"start":{"line":27,"column":51},"end":{"line":46,"column":5}},"line":27},"4":{"name":"(anonymous_4)","decl":{"start":{"line":48,"column":42},"end":{"line":48,"column":43}},"loc":{"start":{"line":48,"column":54},"end":{"line":57,"column":5}},"line":48},"5":{"name":"(anonymous_5)","decl":{"start":{"line":61,"column":41},"end":{"line":61,"column":42}},"loc":{"start":{"line":61,"column":47},"end":{"line":76,"column":5}},"line":61},"6":{"name":"(anonymous_6)","decl":{"start":{"line":62,"column":19},"end":{"line":62,"column":20}},"loc":{"start":{"line":62,"column":25},"end":{"line":62,"column":80}},"line":62},"7":{"name":"(anonymous_7)","decl":{"start":{"line":64,"column":65},"end":{"line":64,"column":66}},"loc":{"start":{"line":64,"column":77},"end":{"line":75,"column":9}},"line":64},"8":{"name":"(anonymous_8)","decl":{"start":{"line":78,"column":14},"end":{"line":78,"column":15}},"loc":{"start":{"line":78,"column":20},"end":{"line":78,"column":37}},"line":78}},"branchMap":{},"s":{"0":1,"1":1,"2":1,"3":1,"4":1,"5":1,"6":1,"7":1,"8":1,"9":1,"10":1,"11":1,"12":3,"13":3,"14":3,"15":3,"16":3,"17":3,"18":1,"19":1,"20":1,"21":1,"22":1,"23":1,"24":1,"25":1,"26":1,"27":1,"28":1,"29":1,"30":1,"31":1,"32":1,"33":0,"34":1,"35":1,"36":1,"37":1,"38":1,"39":1,"40":1,"41":1,"42":0,"43":1,"44":1,"45":1,"46":1,"47":3,"48":1},"f":{"0":1,"1":1,"2":3,"3":1,"4":1,"5":1,"6":1,"7":1,"8":3},"b":{},"_coverageSchema":"1a1c01bbd47fc00a2c39e90264f33305004495a9","hash":"1cc88c3b524ba583cb1bbd380e9d34558d49ae8a","contentHash":"504dba0c72c1e2e49a52ed76359c7defa2b27f3cd190f82512aa9d712f21357c"},"C:\\Users\\polpe\\bootcamp\\collab\\skylab-bootcamp-202004\\staff\\pol-pedro\\takemytask\\takemytask-server-logic\\register-user.js":{"path":"C:\\Users\\polpe\\bootcamp\\collab\\skylab-bootcamp-202004\\staff\\pol-pedro\\takemytask\\takemytask-server-logic\\register-user.js","statementMap":{"0":{"start":{"line":1,"column":0},"end":{"line":1,"column":46}},"1":{"start":{"line":2,"column":0},"end":{"line":2,"column":44}},"2":{"start":{"line":3,"column":57},"end":{"line":3,"column":86}},"3":{"start":{"line":4,"column":29},"end":{"line":4,"column":55}},"4":{"start":{"line":5,"column":15},"end":{"line":5,"column":34}},"5":{"start":{"line":21,"column":0},"end":{"line":38,"column":1}},"6":{"start":{"line":22,"column":4},"end":{"line":22,"column":33}},"7":{"start":{"line":23,"column":4},"end":{"line":23,"column":36}},"8":{"start":{"line":24,"column":4},"end":{"line":24,"column":34}},"9":{"start":{"line":25,"column":4},"end":{"line":25,"column":25}},"10":{"start":{"line":26,"column":4},"end":{"line":26,"column":37}},"11":{"start":{"line":27,"column":4},"end":{"line":27,"column":35}},"12":{"start":{"line":29,"column":4},"end":{"line":37,"column":8}},"13":{"start":{"line":30,"column":21},"end":{"line":30,"column":50}},"14":{"start":{"line":32,"column":8},"end":{"line":32,"column":86}},"15":{"start":{"line":32,"column":18},"end":{"line":32,"column":86}},"16":{"start":{"line":34,"column":21},"end":{"line":34,"column":52}},"17":{"start":{"line":36,"column":8},"end":{"line":36,"column":75}}},"fnMap":{"0":{"name":"(anonymous_0)","decl":{"start":{"line":21,"column":17},"end":{"line":21,"column":18}},"loc":{"start":{"line":21,"column":61},"end":{"line":38,"column":1}},"line":21},"1":{"name":"(anonymous_1)","decl":{"start":{"line":29,"column":12},"end":{"line":29,"column":13}},"loc":{"start":{"line":29,"column":24},"end":{"line":37,"column":5}},"line":29}},"branchMap":{"0":{"loc":{"start":{"line":32,"column":8},"end":{"line":32,"column":86}},"type":"if","locations":[{"start":{"line":32,"column":8},"end":{"line":32,"column":86}},{"start":{"line":32,"column":8},"end":{"line":32,"column":86}}],"line":32}},"s":{"0":1,"1":1,"2":1,"3":1,"4":1,"5":1,"6":3,"7":2,"8":2,"9":2,"10":2,"11":2,"12":2,"13":2,"14":2,"15":1,"16":1,"17":1},"f":{"0":3,"1":2},"b":{"0":[1,1]},"_coverageSchema":"1a1c01bbd47fc00a2c39e90264f33305004495a9","hash":"3414f87b0120a183260b7ba0163da16f1f7f0c07","contentHash":"ba1935be6784a262727975eff92665544a68c5eccb1fb890668918eb2cc6a9ee"},"C:\\Users\\polpe\\bootcamp\\collab\\skylab-bootcamp-202004\\staff\\pol-pedro\\takemytask\\takemytask-server-logic\\register-worker.spec.js":{"path":"C:\\Users\\polpe\\bootcamp\\collab\\skylab-bootcamp-202004\\staff\\pol-pedro\\takemytask\\takemytask-server-logic\\register-worker.spec.js","statementMap":{"0":{"start":{"line":1,"column":0},"end":{"line":1,"column":26}},"1":{"start":{"line":3,"column":51},"end":{"line":3,"column":58}},"2":{"start":{"line":5,"column":23},"end":{"line":5,"column":51}},"3":{"start":{"line":6,"column":19},"end":{"line":6,"column":23}},"4":{"start":{"line":7,"column":19},"end":{"line":7,"column":34}},"5":{"start":{"line":8,"column":0},"end":{"line":8,"column":44}},"6":{"start":{"line":9,"column":41},"end":{"line":9,"column":67}},"7":{"start":{"line":10,"column":15},"end":{"line":10,"column":34}},"8":{"start":{"line":12,"column":0},"end":{"line":92,"column":2}},"9":{"start":{"line":13,"column":4},"end":{"line":13,"column":47}},"10":{"start":{"line":13,"column":17},"end":{"line":13,"column":46}},"11":{"start":{"line":17,"column":4},"end":{"line":31,"column":6}},"12":{"start":{"line":18,"column":8},"end":{"line":18,"column":33}},"13":{"start":{"line":20,"column":8},"end":{"line":20,"column":33}},"14":{"start":{"line":21,"column":8},"end":{"line":21,"column":39}},"15":{"start":{"line":22,"column":8},"end":{"line":22,"column":40}},"16":{"start":{"line":23,"column":8},"end":{"line":23,"column":41}},"17":{"start":{"line":24,"column":8},"end":{"line":24,"column":37}},"18":{"start":{"line":25,"column":8},"end":{"line":25,"column":45}},"19":{"start":{"line":26,"column":8},"end":{"line":26,"column":49}},"20":{"start":{"line":27,"column":8},"end":{"line":27,"column":47}},"21":{"start":{"line":28,"column":8},"end":{"line":28,"column":44}},"22":{"start":{"line":29,"column":8},"end":{"line":29,"column":55}},"23":{"start":{"line":30,"column":8},"end":{"line":30,"column":48}},"24":{"start":{"line":33,"column":4},"end":{"line":57,"column":6}},"25":{"start":{"line":34,"column":23},"end":{"line":34,"column":167}},"26":{"start":{"line":36,"column":8},"end":{"line":36,"column":38}},"27":{"start":{"line":38,"column":22},"end":{"line":38,"column":41}},"28":{"start":{"line":40,"column":8},"end":{"line":40,"column":40}},"29":{"start":{"line":42,"column":23},"end":{"line":42,"column":28}},"30":{"start":{"line":44,"column":8},"end":{"line":44,"column":40}},"31":{"start":{"line":45,"column":8},"end":{"line":45,"column":46}},"32":{"start":{"line":46,"column":8},"end":{"line":46,"column":42}},"33":{"start":{"line":47,"column":8},"end":{"line":47,"column":44}},"34":{"start":{"line":48,"column":8},"end":{"line":48,"column":52}},"35":{"start":{"line":49,"column":8},"end":{"line":49,"column":54}},"36":{"start":{"line":50,"column":8},"end":{"line":50,"column":54}},"37":{"start":{"line":51,"column":8},"end":{"line":51,"column":80}},"38":{"start":{"line":52,"column":8},"end":{"line":52,"column":62}},"39":{"start":{"line":54,"column":22},"end":{"line":54,"column":67}},"40":{"start":{"line":56,"column":8},"end":{"line":56,"column":32}},"41":{"start":{"line":59,"column":4},"end":{"line":68,"column":6}},"42":{"start":{"line":60,"column":8},"end":{"line":67,"column":9}},"43":{"start":{"line":62,"column":27},"end":{"line":62,"column":92}},"44":{"start":{"line":63,"column":12},"end":{"line":63,"column":35}},"45":{"start":{"line":65,"column":12},"end":{"line":65,"column":34}},"46":{"start":{"line":66,"column":12},"end":{"line":66,"column":71}},"47":{"start":{"line":72,"column":4},"end":{"line":87,"column":6}},"48":{"start":{"line":73,"column":8},"end":{"line":73,"column":167}},"49":{"start":{"line":73,"column":25},"end":{"line":73,"column":166}},"50":{"start":{"line":75,"column":8},"end":{"line":86,"column":10}},"51":{"start":{"line":76,"column":12},"end":{"line":85,"column":13}},"52":{"start":{"line":77,"column":16},"end":{"line":77,"column":160}},"53":{"start":{"line":79,"column":16},"end":{"line":79,"column":62}},"54":{"start":{"line":81,"column":16},"end":{"line":81,"column":38}},"55":{"start":{"line":83,"column":16},"end":{"line":83,"column":56}},"56":{"start":{"line":84,"column":16},"end":{"line":84,"column":92}},"57":{"start":{"line":89,"column":4},"end":{"line":89,"column":40}},"58":{"start":{"line":89,"column":20},"end":{"line":89,"column":39}},"59":{"start":{"line":91,"column":4},"end":{"line":91,"column":30}}},"fnMap":{"0":{"name":"(anonymous_0)","decl":{"start":{"line":12,"column":36},"end":{"line":12,"column":37}},"loc":{"start":{"line":12,"column":42},"end":{"line":92,"column":1}},"line":12},"1":{"name":"(anonymous_1)","decl":{"start":{"line":13,"column":11},"end":{"line":13,"column":12}},"loc":{"start":{"line":13,"column":17},"end":{"line":13,"column":46}},"line":13},"2":{"name":"(anonymous_2)","decl":{"start":{"line":17,"column":15},"end":{"line":17,"column":16}},"loc":{"start":{"line":17,"column":27},"end":{"line":31,"column":5}},"line":17},"3":{"name":"(anonymous_3)","decl":{"start":{"line":33,"column":39},"end":{"line":33,"column":40}},"loc":{"start":{"line":33,"column":51},"end":{"line":57,"column":5}},"line":33},"4":{"name":"(anonymous_4)","decl":{"start":{"line":59,"column":42},"end":{"line":59,"column":43}},"loc":{"start":{"line":59,"column":54},"end":{"line":68,"column":5}},"line":59},"5":{"name":"(anonymous_5)","decl":{"start":{"line":72,"column":41},"end":{"line":72,"column":42}},"loc":{"start":{"line":72,"column":47},"end":{"line":87,"column":5}},"line":72},"6":{"name":"(anonymous_6)","decl":{"start":{"line":73,"column":19},"end":{"line":73,"column":20}},"loc":{"start":{"line":73,"column":25},"end":{"line":73,"column":166}},"line":73},"7":{"name":"(anonymous_7)","decl":{"start":{"line":75,"column":65},"end":{"line":75,"column":66}},"loc":{"start":{"line":75,"column":77},"end":{"line":86,"column":9}},"line":75},"8":{"name":"(anonymous_8)","decl":{"start":{"line":89,"column":14},"end":{"line":89,"column":15}},"loc":{"start":{"line":89,"column":20},"end":{"line":89,"column":39}},"line":89}},"branchMap":{},"s":{"0":1,"1":1,"2":1,"3":1,"4":1,"5":1,"6":1,"7":1,"8":1,"9":1,"10":1,"11":1,"12":3,"13":3,"14":3,"15":3,"16":3,"17":3,"18":3,"19":3,"20":3,"21":3,"22":3,"23":3,"24":1,"25":1,"26":1,"27":1,"28":1,"29":1,"30":1,"31":1,"32":1,"33":1,"34":1,"35":1,"36":1,"37":1,"38":1,"39":1,"40":1,"41":1,"42":1,"43":1,"44":0,"45":1,"46":1,"47":1,"48":1,"49":1,"50":1,"51":1,"52":1,"53":0,"54":1,"55":1,"56":1,"57":1,"58":3,"59":1},"f":{"0":1,"1":1,"2":3,"3":1,"4":1,"5":1,"6":1,"7":1,"8":3},"b":{},"_coverageSchema":"1a1c01bbd47fc00a2c39e90264f33305004495a9","hash":"02aa53ab58ed6d0d481ea94aa7ce72c77631e931","contentHash":"aa5a3a6ff015ae8895dd114a1f094baeed997c14cbfe397c150b97f25714c7ce"},"C:\\Users\\polpe\\bootcamp\\collab\\skylab-bootcamp-202004\\staff\\pol-pedro\\takemytask\\takemytask-server-logic\\register-worker.js":{"path":"C:\\Users\\polpe\\bootcamp\\collab\\skylab-bootcamp-202004\\staff\\pol-pedro\\takemytask\\takemytask-server-logic\\register-worker.js","statementMap":{"0":{"start":{"line":1,"column":0},"end":{"line":1,"column":46}},"1":{"start":{"line":2,"column":0},"end":{"line":2,"column":44}},"2":{"start":{"line":3,"column":0},"end":{"line":3,"column":46}},"3":{"start":{"line":4,"column":0},"end":{"line":4,"column":46}},"4":{"start":{"line":5,"column":57},"end":{"line":5,"column":86}},"5":{"start":{"line":6,"column":37},"end":{"line":6,"column":63}},"6":{"start":{"line":7,"column":15},"end":{"line":7,"column":34}},"7":{"start":{"line":29,"column":0},"end":{"line":55,"column":1}},"8":{"start":{"line":30,"column":4},"end":{"line":30,"column":33}},"9":{"start":{"line":31,"column":4},"end":{"line":31,"column":36}},"10":{"start":{"line":32,"column":4},"end":{"line":32,"column":34}},"11":{"start":{"line":33,"column":4},"end":{"line":33,"column":25}},"12":{"start":{"line":34,"column":4},"end":{"line":34,"column":37}},"13":{"start":{"line":35,"column":4},"end":{"line":35,"column":39}},"14":{"start":{"line":36,"column":4},"end":{"line":36,"column":40}},"15":{"start":{"line":37,"column":4},"end":{"line":37,"column":41}},"16":{"start":{"line":38,"column":4},"end":{"line":38,"column":40}},"17":{"start":{"line":39,"column":4},"end":{"line":39,"column":34}},"18":{"start":{"line":40,"column":4},"end":{"line":40,"column":44}},"19":{"start":{"line":42,"column":4},"end":{"line":54,"column":8}},"20":{"start":{"line":43,"column":21},"end":{"line":43,"column":50}},"21":{"start":{"line":45,"column":8},"end":{"line":45,"column":86}},"22":{"start":{"line":45,"column":18},"end":{"line":45,"column":86}},"23":{"start":{"line":47,"column":23},"end":{"line":47,"column":54}},"24":{"start":{"line":49,"column":8},"end":{"line":49,"column":90}},"25":{"start":{"line":49,"column":20},"end":{"line":49,"column":90}},"26":{"start":{"line":51,"column":21},"end":{"line":51,"column":52}},"27":{"start":{"line":53,"column":8},"end":{"line":53,"column":161}}},"fnMap":{"0":{"name":"(anonymous_0)","decl":{"start":{"line":29,"column":17},"end":{"line":29,"column":18}},"loc":{"start":{"line":29,"column":145},"end":{"line":55,"column":1}},"line":29},"1":{"name":"(anonymous_1)","decl":{"start":{"line":42,"column":12},"end":{"line":42,"column":13}},"loc":{"start":{"line":42,"column":24},"end":{"line":54,"column":5}},"line":42}},"branchMap":{"0":{"loc":{"start":{"line":45,"column":8},"end":{"line":45,"column":86}},"type":"if","locations":[{"start":{"line":45,"column":8},"end":{"line":45,"column":86}},{"start":{"line":45,"column":8},"end":{"line":45,"column":86}}],"line":45},"1":{"loc":{"start":{"line":49,"column":8},"end":{"line":49,"column":90}},"type":"if","locations":[{"start":{"line":49,"column":8},"end":{"line":49,"column":90}},{"start":{"line":49,"column":8},"end":{"line":49,"column":90}}],"line":49}},"s":{"0":1,"1":1,"2":1,"3":1,"4":1,"5":1,"6":1,"7":1,"8":3,"9":2,"10":2,"11":2,"12":2,"13":2,"14":2,"15":2,"16":2,"17":2,"18":2,"19":2,"20":2,"21":2,"22":0,"23":2,"24":2,"25":1,"26":1,"27":1},"f":{"0":3,"1":2},"b":{"0":[0,2],"1":[1,1]},"_coverageSchema":"1a1c01bbd47fc00a2c39e90264f33305004495a9","hash":"17c90f649fdf8f195effc2f182f8d0671f613417","contentHash":"a8b09c02eeb6356e2b111f4ecdcbcb95a216eefa2f1de8a174ea264fa8a66380"},"C:\\Users\\polpe\\bootcamp\\collab\\skylab-bootcamp-202004\\staff\\pol-pedro\\takemytask\\takemytask-server-logic\\retrieve-chat-id.spec.js":{"path":"C:\\Users\\polpe\\bootcamp\\collab\\skylab-bootcamp-202004\\staff\\pol-pedro\\takemytask\\takemytask-server-logic\\retrieve-chat-id.spec.js","statementMap":{"0":{"start":{"line":1,"column":0},"end":{"line":1,"column":26}},"1":{"start":{"line":3,"column":96},"end":{"line":3,"column":103}},"2":{"start":{"line":5,"column":21},"end":{"line":5,"column":48}},"3":{"start":{"line":6,"column":19},"end":{"line":6,"column":23}},"4":{"start":{"line":7,"column":19},"end":{"line":7,"column":34}},"5":{"start":{"line":8,"column":0},"end":{"line":8,"column":44}},"6":{"start":{"line":9,"column":35},"end":{"line":9,"column":64}},"7":{"start":{"line":10,"column":85},"end":{"line":10,"column":111}},"8":{"start":{"line":11,"column":15},"end":{"line":11,"column":34}},"9":{"start":{"line":12,"column":0},"end":{"line":12,"column":43}},"10":{"start":{"line":13,"column":0},"end":{"line":107,"column":2}},"11":{"start":{"line":14,"column":4},"end":{"line":14,"column":47}},"12":{"start":{"line":14,"column":17},"end":{"line":14,"column":46}},"13":{"start":{"line":18,"column":4},"end":{"line":72,"column":6}},"14":{"start":{"line":19,"column":8},"end":{"line":19,"column":31}},"15":{"start":{"line":20,"column":8},"end":{"line":20,"column":33}},"16":{"start":{"line":21,"column":8},"end":{"line":21,"column":31}},"17":{"start":{"line":23,"column":8},"end":{"line":23,"column":33}},"18":{"start":{"line":24,"column":8},"end":{"line":24,"column":39}},"19":{"start":{"line":25,"column":8},"end":{"line":25,"column":40}},"20":{"start":{"line":26,"column":8},"end":{"line":26,"column":41}},"21":{"start":{"line":27,"column":8},"end":{"line":27,"column":37}},"22":{"start":{"line":29,"column":21},"end":{"line":29,"column":52}},"23":{"start":{"line":31,"column":21},"end":{"line":31,"column":86}},"24":{"start":{"line":33,"column":8},"end":{"line":33,"column":35}},"25":{"start":{"line":35,"column":8},"end":{"line":35,"column":34}},"26":{"start":{"line":36,"column":8},"end":{"line":36,"column":40}},"27":{"start":{"line":37,"column":8},"end":{"line":37,"column":41}},"28":{"start":{"line":38,"column":8},"end":{"line":38,"column":42}},"29":{"start":{"line":39,"column":8},"end":{"line":39,"column":38}},"30":{"start":{"line":40,"column":8},"end":{"line":40,"column":45}},"31":{"start":{"line":41,"column":8},"end":{"line":41,"column":47}},"32":{"start":{"line":42,"column":8},"end":{"line":42,"column":33}},"33":{"start":{"line":43,"column":8},"end":{"line":43,"column":51}},"34":{"start":{"line":44,"column":8},"end":{"line":44,"column":37}},"35":{"start":{"line":46,"column":22},"end":{"line":46,"column":53}},"36":{"start":{"line":48,"column":23},"end":{"line":48,"column":195}},"37":{"start":{"line":50,"column":8},"end":{"line":50,"column":39}},"38":{"start":{"line":52,"column":21},"end":{"line":56,"column":10}},"39":{"start":{"line":58,"column":8},"end":{"line":58,"column":39}},"40":{"start":{"line":60,"column":8},"end":{"line":66,"column":11}},"41":{"start":{"line":68,"column":8},"end":{"line":68,"column":25}},"42":{"start":{"line":70,"column":8},"end":{"line":70,"column":36}},"43":{"start":{"line":74,"column":4},"end":{"line":85,"column":6}},"44":{"start":{"line":75,"column":23},"end":{"line":75,"column":49}},"45":{"start":{"line":77,"column":8},"end":{"line":77,"column":31}},"46":{"start":{"line":82,"column":8},"end":{"line":82,"column":57}},"47":{"start":{"line":83,"column":8},"end":{"line":83,"column":63}},"48":{"start":{"line":84,"column":8},"end":{"line":84,"column":60}},"49":{"start":{"line":87,"column":4},"end":{"line":102,"column":6}},"50":{"start":{"line":89,"column":8},"end":{"line":91,"column":10}},"51":{"start":{"line":90,"column":12},"end":{"line":90,"column":47}},"52":{"start":{"line":92,"column":8},"end":{"line":101,"column":10}},"53":{"start":{"line":94,"column":27},"end":{"line":99,"column":18}},"54":{"start":{"line":97,"column":20},"end":{"line":97,"column":42}},"55":{"start":{"line":98,"column":20},"end":{"line":98,"column":104}},"56":{"start":{"line":104,"column":4},"end":{"line":104,"column":78}},"57":{"start":{"line":104,"column":20},"end":{"line":104,"column":39}},"58":{"start":{"line":106,"column":4},"end":{"line":106,"column":30}}},"fnMap":{"0":{"name":"(anonymous_0)","decl":{"start":{"line":13,"column":34},"end":{"line":13,"column":35}},"loc":{"start":{"line":13,"column":40},"end":{"line":107,"column":1}},"line":13},"1":{"name":"(anonymous_1)","decl":{"start":{"line":14,"column":11},"end":{"line":14,"column":12}},"loc":{"start":{"line":14,"column":17},"end":{"line":14,"column":46}},"line":14},"2":{"name":"(anonymous_2)","decl":{"start":{"line":18,"column":15},"end":{"line":18,"column":16}},"loc":{"start":{"line":18,"column":27},"end":{"line":72,"column":5}},"line":18},"3":{"name":"(anonymous_3)","decl":{"start":{"line":74,"column":39},"end":{"line":74,"column":40}},"loc":{"start":{"line":74,"column":51},"end":{"line":85,"column":5}},"line":74},"4":{"name":"(anonymous_4)","decl":{"start":{"line":87,"column":33},"end":{"line":87,"column":34}},"loc":{"start":{"line":87,"column":39},"end":{"line":102,"column":5}},"line":87},"5":{"name":"(anonymous_5)","decl":{"start":{"line":89,"column":19},"end":{"line":89,"column":20}},"loc":{"start":{"line":89,"column":30},"end":{"line":91,"column":9}},"line":89},"6":{"name":"(anonymous_6)","decl":{"start":{"line":92,"column":50},"end":{"line":92,"column":51}},"loc":{"start":{"line":92,"column":62},"end":{"line":101,"column":9}},"line":92},"7":{"name":"(anonymous_7)","decl":{"start":{"line":96,"column":23},"end":{"line":96,"column":24}},"loc":{"start":{"line":96,"column":32},"end":{"line":99,"column":17}},"line":96},"8":{"name":"(anonymous_8)","decl":{"start":{"line":104,"column":14},"end":{"line":104,"column":15}},"loc":{"start":{"line":104,"column":20},"end":{"line":104,"column":39}},"line":104}},"branchMap":{},"s":{"0":1,"1":1,"2":1,"3":1,"4":1,"5":1,"6":1,"7":1,"8":1,"9":1,"10":1,"11":1,"12":1,"13":1,"14":2,"15":2,"16":2,"17":2,"18":2,"19":2,"20":2,"21":2,"22":2,"23":2,"24":2,"25":2,"26":2,"27":2,"28":2,"29":2,"30":2,"31":2,"32":2,"33":2,"34":2,"35":2,"36":2,"37":2,"38":2,"39":2,"40":2,"41":2,"42":2,"43":1,"44":1,"45":1,"46":1,"47":1,"48":1,"49":1,"50":1,"51":1,"52":1,"53":1,"54":0,"55":0,"56":1,"57":2,"58":1},"f":{"0":1,"1":1,"2":2,"3":1,"4":1,"5":1,"6":1,"7":0,"8":2},"b":{},"_coverageSchema":"1a1c01bbd47fc00a2c39e90264f33305004495a9","hash":"97a93f62460ba955cdd5b1e702a3ee2f83a649a6","contentHash":"4cfad90c0afcbbed4d3ee480a9fe6795b1a543d843b28491ce7e8d9d5d5c6574"},"C:\\Users\\polpe\\bootcamp\\collab\\skylab-bootcamp-202004\\staff\\pol-pedro\\takemytask\\takemytask-server-logic\\retive-chat-id.js":{"path":"C:\\Users\\polpe\\bootcamp\\collab\\skylab-bootcamp-202004\\staff\\pol-pedro\\takemytask\\takemytask-server-logic\\retive-chat-id.js","statementMap":{"0":{"start":{"line":1,"column":0},"end":{"line":1,"column":46}},"1":{"start":{"line":2,"column":0},"end":{"line":2,"column":44}},"2":{"start":{"line":3,"column":41},"end":{"line":3,"column":70}},"3":{"start":{"line":4,"column":65},"end":{"line":4,"column":91}},"4":{"start":{"line":16,"column":0},"end":{"line":47,"column":1}},"5":{"start":{"line":18,"column":4},"end":{"line":18,"column":35}},"6":{"start":{"line":20,"column":4},"end":{"line":46,"column":8}},"7":{"start":{"line":25,"column":8},"end":{"line":25,"column":83}},"8":{"start":{"line":27,"column":8},"end":{"line":31,"column":9}},"9":{"start":{"line":29,"column":12},"end":{"line":29,"column":89}},"10":{"start":{"line":33,"column":8},"end":{"line":33,"column":83}},"11":{"start":{"line":33,"column":18},"end":{"line":33,"column":83}},"12":{"start":{"line":34,"column":8},"end":{"line":40,"column":9}},"13":{"start":{"line":35,"column":25},"end":{"line":35,"column":85}},"14":{"start":{"line":36,"column":12},"end":{"line":36,"column":24}},"15":{"start":{"line":38,"column":25},"end":{"line":38,"column":85}},"16":{"start":{"line":39,"column":12},"end":{"line":39,"column":24}}},"fnMap":{"0":{"name":"(anonymous_0
[...]
{"line":101,"column":16},"end":{"line":101,"column":38}},"59":{"start":{"line":102,"column":16},"end":{"line":102,"column":100}},"60":{"start":{"line":126,"column":4},"end":{"line":126,"column":40}},"61":{"start":{"line":126,"column":20},"end":{"line":126,"column":39}},"62":{"start":{"line":128,"column":4},"end":{"line":128,"column":30}}},"fnMap":{"0":{"name":"(anonymous_0)","decl":{"start":{"line":14,"column":34},"end":{"line":14,"column":35}},"loc":{"start":{"line":14,"column":40},"end":{"line":129,"column":1}},"line":14},"1":{"name":"(anonymous_1)","decl":{"start":{"line":15,"column":11},"end":{"line":15,"column":12}},"loc":{"start":{"line":15,"column":17},"end":{"line":15,"column":46}},"line":15},"2":{"name":"(anonymous_2)","decl":{"start":{"line":19,"column":15},"end":{"line":19,"column":16}},"loc":{"start":{"line":19,"column":27},"end":{"line":73,"column":5}},"line":19},"3":{"name":"(anonymous_3)","decl":{"start":{"line":75,"column":39},"end":{"line":75,"column":40}},"loc":{"start":{"line":75,"column":51},"end":{"line":85,"column":5}},"line":75},"4":{"name":"(anonymous_4)","decl":{"start":{"line":87,"column":40},"end":{"line":87,"column":41}},"loc":{"start":{"line":87,"column":52},"end":{"line":94,"column":5}},"line":87},"5":{"name":"(anonymous_5)","decl":{"start":{"line":96,"column":53},"end":{"line":96,"column":54}},"loc":{"start":{"line":96,"column":65},"end":{"line":105,"column":5}},"line":96},"6":{"name":"(anonymous_6)","decl":{"start":{"line":100,"column":19},"end":{"line":100,"column":20}},"loc":{"start":{"line":100,"column":28},"end":{"line":103,"column":13}},"line":100},"7":{"name":"(anonymous_7)","decl":{"start":{"line":126,"column":14},"end":{"line":126,"column":15}},"loc":{"start":{"line":126,"column":20},"end":{"line":126,"column":39}},"line":126}},"branchMap":{},"s":{"0":1,"1":1,"2":1,"3":1,"4":1,"5":1,"6":1,"7":1,"8":1,"9":1,"10":1,"11":1,"12":1,"13":1,"14":3,"15":3,"16":3,"17":3,"18":3,"19":3,"20":3,"21":3,"22":3,"23":3,"24":3,"25":3,"26":3,"27":3,"28":3,"29":3,"30":3,"31":3,"32":3,"33":3,"34":3,"35":3,"36":3,"37":3,"38":3,"39":3,"40":3,"41":3,"42":3,"43":1,"44":1,"45":1,"46":1,"47":1,"48":1,"49":1,"50":1,"51":1,"52":1,"53":1,"54":1,"55":1,"56":1,"57":1,"58":1,"59":1,"60":1,"61":3,"62":1},"f":{"0":1,"1":1,"2":3,"3":1,"4":1,"5":1,"6":1,"7":3},"b":{},"_coverageSchema":"1a1c01bbd47fc00a2c39e90264f33305004495a9","hash":"cc01b9d4583ee776f8d3a000044c15b691871f0b","contentHash":"0c2afd16f4005f08618b4c66d3956fdce92d924ab48ac6e3a481cf29be8edf12"},"C:\\Users\\polpe\\bootcamp\\collab\\skylab-bootcamp-202004\\staff\\pol-pedro\\takemytask\\takemytask-server-logic\\retrive-chat.js":{"path":"C:\\Users\\polpe\\bootcamp\\collab\\skylab-bootcamp-202004\\staff\\pol-pedro\\takemytask\\takemytask-server-logic\\retrive-chat.js","statementMap":{"0":{"start":{"line":1,"column":0},"end":{"line":1,"column":46}},"1":{"start":{"line":2,"column":0},"end":{"line":2,"column":44}},"2":{"start":{"line":3,"column":41},"end":{"line":3,"column":70}},"3":{"start":{"line":4,"column":51},"end":{"line":4,"column":77}},"4":{"start":{"line":15,"column":0},"end":{"line":28,"column":1}},"5":{"start":{"line":17,"column":4},"end":{"line":17,"column":35}},"6":{"start":{"line":19,"column":4},"end":{"line":27,"column":8}},"7":{"start":{"line":21,"column":21},"end":{"line":21,"column":65}},"8":{"start":{"line":23,"column":8},"end":{"line":23,"column":84}},"9":{"start":{"line":23,"column":19},"end":{"line":23,"column":84}},"10":{"start":{"line":25,"column":8},"end":{"line":25,"column":19}}},"fnMap":{"0":{"name":"(anonymous_0)","decl":{"start":{"line":15,"column":17},"end":{"line":15,"column":18}},"loc":{"start":{"line":15,"column":29},"end":{"line":28,"column":1}},"line":15},"1":{"name":"(anonymous_1)","decl":{"start":{"line":19,"column":12},"end":{"line":19,"column":13}},"loc":{"start":{"line":19,"column":24},"end":{"line":27,"column":5}},"line":19}},"branchMap":{"0":{"loc":{"start":{"line":23,"column":8},"end":{"line":23,"column":84}},"type":"if","locations":[{"start":{"line":23,"column":8},"end":{"line":23,"column":84}},{"start":{"line":23,"column":8},"end":{"line":23,"column":84}}],"line":23}},"s":{"0":1,"1":1,"2":1,"3":1,"4":1,"5":3,"6":2,"7":2,"8":2,"9":1,"10":1},"f":{"0":3,"1":2},"b":{"0":[1,1]},"_coverageSchema":"1a1c01bbd47fc00a2c39e90264f33305004495a9","hash":"11b04462001fe7a90e43c407b3d81bec6cd713d2","contentHash":"60a06ba53bcf26fbd41e5feea31ab72e63e681a067df656f0a7127d91e295a62"},"C:\\Users\\polpe\\bootcamp\\collab\\skylab-bootcamp-202004\\staff\\pol-pedro\\takemytask\\takemytask-server-logic\\search-workers.spec.js":{"path":"C:\\Users\\polpe\\bootcamp\\collab\\skylab-bootcamp-202004\\staff\\pol-pedro\\takemytask\\takemytask-server-logic\\search-workers.spec.js","statementMap":{"0":{"start":{"line":1,"column":0},"end":{"line":1,"column":26}},"1":{"start":{"line":3,"column":96},"end":{"line":3,"column":103}},"2":{"start":{"line":5,"column":21},"end":{"line":5,"column":48}},"3":{"start":{"line":6,"column":19},"end":{"line":6,"column":23}},"4":{"start":{"line":7,"column":19},"end":{"line":7,"column":34}},"5":{"start":{"line":8,"column":0},"end":{"line":8,"column":44}},"6":{"start":{"line":9,"column":61},"end":{"line":9,"column":87}},"7":{"start":{"line":10,"column":15},"end":{"line":10,"column":34}},"8":{"start":{"line":11,"column":0},"end":{"line":11,"column":43}},"9":{"start":{"line":13,"column":0},"end":{"line":67,"column":2}},"10":{"start":{"line":14,"column":4},"end":{"line":14,"column":47}},"11":{"start":{"line":14,"column":17},"end":{"line":14,"column":46}},"12":{"start":{"line":18,"column":4},"end":{"line":35,"column":6}},"13":{"start":{"line":19,"column":8},"end":{"line":19,"column":33}},"14":{"start":{"line":20,"column":8},"end":{"line":20,"column":39}},"15":{"start":{"line":21,"column":8},"end":{"line":21,"column":40}},"16":{"start":{"line":22,"column":8},"end":{"line":22,"column":41}},"17":{"start":{"line":23,"column":8},"end":{"line":23,"column":37}},"18":{"start":{"line":24,"column":8},"end":{"line":24,"column":45}},"19":{"start":{"line":25,"column":8},"end":{"line":25,"column":47}},"20":{"start":{"line":26,"column":8},"end":{"line":26,"column":33}},"21":{"start":{"line":27,"column":8},"end":{"line":27,"column":53}},"22":{"start":{"line":28,"column":8},"end":{"line":28,"column":37}},"23":{"start":{"line":30,"column":22},"end":{"line":30,"column":53}},"24":{"start":{"line":32,"column":23},"end":{"line":32,"column":193}},"25":{"start":{"line":34,"column":8},"end":{"line":34,"column":28}},"26":{"start":{"line":37,"column":4},"end":{"line":44,"column":6}},"27":{"start":{"line":38,"column":23},"end":{"line":38,"column":59}},"28":{"start":{"line":40,"column":8},"end":{"line":40,"column":31}},"29":{"start":{"line":42,"column":8},"end":{"line":42,"column":69}},"30":{"start":{"line":43,"column":8},"end":{"line":43,"column":45}},"31":{"start":{"line":46,"column":4},"end":{"line":53,"column":6}},"32":{"start":{"line":47,"column":23},"end":{"line":47,"column":71}},"33":{"start":{"line":49,"column":8},"end":{"line":49,"column":31}},"34":{"start":{"line":51,"column":8},"end":{"line":51,"column":69}},"35":{"start":{"line":52,"column":8},"end":{"line":52,"column":45}},"36":{"start":{"line":55,"column":4},"end":{"line":62,"column":6}},"37":{"start":{"line":56,"column":8},"end":{"line":61,"column":9}},"38":{"start":{"line":57,"column":27},"end":{"line":57,"column":61}},"39":{"start":{"line":59,"column":12},"end":{"line":59,"column":36}},"40":{"start":{"line":60,"column":12},"end":{"line":60,"column":64}},"41":{"start":{"line":64,"column":4},"end":{"line":64,"column":40}},"42":{"start":{"line":64,"column":20},"end":{"line":64,"column":39}},"43":{"start":{"line":66,"column":4},"end":{"line":66,"column":30}}},"fnMap":{"0":{"name":"(anonymous_0)","decl":{"start":{"line":13,"column":34},"end":{"line":13,"column":35}},"loc":{"start":{"line":13,"column":40},"end":{"line":67,"column":1}},"line":13},"1":{"name":"(anonymous_1)","decl":{"start":{"line":14,"column":11},"end":{"line":14,"column":12}},"loc":{"start":{"line":14,"column":17},"end":{"line":14,"column":46}},"line":14},"2":{"name":"(anonymous_2)","decl":{"start":{"line":18,"column":15},"end":{"line":18,"column":16}},"loc":{"start":{"line":18,"column":27},"end":{"line":35,"column":5}},"line":18},"3":{"name":"(anonymous_3)","decl":{"start":{"line":37,"column":43},"end":{"line":37,"column":44}},"loc":{"start":{"line":37,"column":55},"end":{"line":44,"column":5}},"line":37},"4":{"name":"(anonymous_4)","decl":{"start":{"line":46,"column":47},"end":{"line":46,"column":48}},"loc":{"start":{"line":46,"column":59},"end":{"line":53,"column":5}},"line":46},"5":{"name":"(anonymous_5)","decl":{"start":{"line":55,"column":37},"end":{"line":55,"column":38}},"loc":{"start":{"line":55,"column":49},"end":{"line":62,"column":5}},"line":55},"6":{"name":"(anonymous_6)","decl":{"start":{"line":64,"column":14},"end":{"line":64,"column":15}},"loc":{"start":{"line":64,"column":20},"end":{"line":64,"column":39}},"line":64}},"branchMap":{},"s":{"0":1,"1":1,"2":1,"3":1,"4":1,"5":1,"6":1,"7":1,"8":1,"9":1,"10":1,"11":1,"12":1,"13":3,"14":3,"15":3,"16":3,"17":3,"18":3,"19":3,"20":3,"21":3,"22":3,"23":3,"24":3,"25":3,"26":1,"27":1,"28":1,"29":1,"30":1,"31":1,"32":1,"33":1,"34":1,"35":1,"36":1,"37":1,"38":1,"39":1,"40":1,"41":1,"42":3,"43":1},"f":{"0":1,"1":1,"2":3,"3":1,"4":1,"5":1,"6":3},"b":{},"_coverageSchema":"1a1c01bbd47fc00a2c39e90264f33305004495a9","hash":"4560402d709dde095e4ada95b77e26883ebfae3a","contentHash":"49940d768c07cd7a174177a95f8f22641af9026cde71e3d01003651a8125f02a"},"C:\\Users\\polpe\\bootcamp\\collab\\skylab-bootcamp-202004\\staff\\pol-pedro\\takemytask\\takemytask-server-logic\\update-user.spec.js":{"path":"C:\\Users\\polpe\\bootcamp\\collab\\skylab-bootcamp-202004\\staff\\pol-pedro\\takemytask\\takemytask-server-logic\\update-user.spec.js","statementMap":{"0":{"start":{"line":1,"column":0},"end":{"line":1,"column":26}},"1":{"start":{"line":3,"column":96},"end":{"line":3,"column":103}},"2":{"start":{"line":5,"column":19},"end":{"line":5,"column":43}},"3":{"start":{"line":6,"column":19},"end":{"line":6,"column":23}},"4":{"start":{"line":7,"column":19},"end":{"line":7,"column":34}},"5":{"start":{"line":8,"column":0},"end":{"line":8,"column":44}},"6":{"start":{"line":9,"column":35},"end":{"line":9,"column":64}},"7":{"start":{"line":10,"column":69},"end":{"line":10,"column":95}},"8":{"start":{"line":11,"column":15},"end":{"line":11,"column":34}},"9":{"start":{"line":12,"column":0},"end":{"line":12,"column":43}},"10":{"start":{"line":14,"column":0},"end":{"line":94,"column":2}},"11":{"start":{"line":15,"column":4},"end":{"line":15,"column":47}},"12":{"start":{"line":15,"column":17},"end":{"line":15,"column":46}},"13":{"start":{"line":19,"column":4},"end":{"line":52,"column":6}},"14":{"start":{"line":20,"column":8},"end":{"line":20,"column":31}},"15":{"start":{"line":22,"column":8},"end":{"line":22,"column":33}},"16":{"start":{"line":23,"column":8},"end":{"line":23,"column":39}},"17":{"start":{"line":24,"column":8},"end":{"line":24,"column":40}},"18":{"start":{"line":25,"column":8},"end":{"line":25,"column":41}},"19":{"start":{"line":26,"column":8},"end":{"line":26,"column":37}},"20":{"start":{"line":28,"column":8},"end":{"line":28,"column":34}},"21":{"start":{"line":29,"column":8},"end":{"line":29,"column":40}},"22":{"start":{"line":30,"column":8},"end":{"line":30,"column":41}},"23":{"start":{"line":31,"column":8},"end":{"line":31,"column":42}},"24":{"start":{"line":32,"column":8},"end":{"line":32,"column":38}},"25":{"start":{"line":33,"column":8},"end":{"line":33,"column":45}},"26":{"start":{"line":34,"column":8},"end":{"line":34,"column":47}},"27":{"start":{"line":35,"column":8},"end":{"line":35,"column":33}},"28":{"start":{"line":36,"column":8},"end":{"line":36,"column":53}},"29":{"start":{"line":37,"column":8},"end":{"line":37,"column":37}},"30":{"start":{"line":40,"column":23},"end":{"line":40,"column":199}},"31":{"start":{"line":42,"column":8},"end":{"line":42,"column":28}},"32":{"start":{"line":44,"column":12},"end":{"line":44,"column":51}},"33":{"start":{"line":45,"column":12},"end":{"line":45,"column":55}},"34":{"start":{"line":47,"column":8},"end":{"line":50,"column":9}},"35":{"start":{"line":54,"column":4},"end":{"line":73,"column":6}},"36":{"start":{"line":55,"column":8},"end":{"line":58,"column":10}},"37":{"start":{"line":56,"column":25},"end":{"line":56,"column":84}},"38":{"start":{"line":57,"column":12},"end":{"line":57,"column":28}},"39":{"start":{"line":60,"column":8},"end":{"line":72,"column":10}},"40":{"start":{"line":61,"column":12},"end":{"line":61,"column":42}},"41":{"start":{"line":63,"column":28},"end":{"line":63,"column":45}},"42":{"start":{"line":65,"column":27},"end":{"line":65,"column":34}},"43":{"start":{"line":67,"column":12},"end":{"line":67,"column":33}},"44":{"start":{"line":68,"column":12},"end":{"line":68,"column":54}},"45":{"start":{"line":69,"column":12},"end":{"line":69,"column":53}},"46":{"start":{"line":70,"column":12},"end":{"line":70,"column":49}},"47":{"start":{"line":71,"column":12},"end":{"line":71,"column":58}},"48":{"start":{"line":75,"column":4},"end":{"line":87,"column":6}},"49":{"start":{"line":77,"column":8},"end":{"line":79,"column":10}},"50":{"start":{"line":78,"column":12},"end":{"line":78,"column":47}},"51":{"start":{"line":80,"column":8},"end":{"line":86,"column":10}},"52":{"start":{"line":81,"column":12},"end":{"line":85,"column":18}},"53":{"start":{"line":83,"column":20},"end":{"line":83,"column":42}},"54":{"start":{"line":84,"column":20},"end":{"line":84,"column":101}},"55":{"start":{"line":91,"column":4},"end":{"line":91,"column":38}},"56":{"start":{"line":91,"column":20},"end":{"line":91,"column":37}},"57":{"start":{"line":93,"column":4},"end":{"line":93,"column":30}}},"fnMap":{"0":{"name":"(anonymous_0)","decl":{"start":{"line":14,"column":32},"end":{"line":14,"column":33}},"loc":{"start":{"line":14,"column":38},"end":{"line":94,"column":1}},"line":14},"1":{"name":"(anonymous_1)","decl":{"start":{"line":15,"column":11},"end":{"line":15,"column":12}},"loc":{"start":{"line":15,"column":17},"end":{"line":15,"column":46}},"line":15},"2":{"name":"(anonymous_2)","decl":{"start":{"line":19,"column":15},"end":{"line":19,"column":16}},"loc":{"start":{"line":19,"column":27},"end":{"line":52,"column":5}},"line":19},"3":{"name":"(anonymous_3)","decl":{"start":{"line":54,"column":28},"end":{"line":54,"column":29}},"loc":{"start":{"line":54,"column":34},"end":{"line":73,"column":5}},"line":54},"4":{"name":"(anonymous_4)","decl":{"start":{"line":55,"column":19},"end":{"line":55,"column":20}},"loc":{"start":{"line":55,"column":31},"end":{"line":58,"column":9}},"line":55},"5":{"name":"(anonymous_5)","decl":{"start":{"line":60,"column":47},"end":{"line":60,"column":48}},"loc":{"start":{"line":60,"column":59},"end":{"line":72,"column":9}},"line":60},"6":{"name":"(anonymous_6)","decl":{"start":{"line":75,"column":32},"end":{"line":75,"column":33}},"loc":{"start":{"line":75,"column":38},"end":{"line":87,"column":5}},"line":75},"7":{"name":"(anonymous_7)","decl":{"start":{"line":77,"column":19},"end":{"line":77,"column":20}},"loc":{"start":{"line":77,"column":30},"end":{"line":79,"column":9}},"line":77},"8":{"name":"(anonymous_8)","decl":{"start":{"line":80,"column":44},"end":{"line":80,"column":45}},"loc":{"start":{"line":80,"column":56},"end":{"line":86,"column":9}},"line":80},"9":{"name":"(anonymous_9)","decl":{"start":{"line":82,"column":24},"end":{"line":82,"column":25}},"loc":{"start":{"line":82,"column":33},"end":{"line":85,"column":17}},"line":82},"10":{"name":"(anonymous_10)","decl":{"start":{"line":91,"column":14},"end":{"line":91,"column":15}},"loc":{"start":{"line":91,"column":20},"end":{"line":91,"column":37}},"line":91}},"branchMap":{},"s":{"0":1,"1":1,"2":1,"3":1,"4":1,"5":1,"6":1,"7":1,"8":1,"9":1,"10":1,"11":1,"12":1,"13":1,"14":2,"15":2,"16":2,"17":2,"18":2,"19":2,"20":2,"21":2,"22":2,"23":2,"24":2,"25":2,"26":2,"27":2,"28":2,"29":2,"30":2,"31":2,"32":2,"33":2,"34":2,"35":1,"36":1,"37":1,"38":1,"39":1,"40":1,"41":1,"42":1,"43":1,"44":1,"45":1,"46":1,"47":1,"48":1,"49":1,"50":1,"51":1,"52":1,"53":1,"54":1,"55":1,"56":2,"57":1},"f":{"0":1,"1":1,"2":2,"3":1,"4":1,"5":1,"6":1,"7":1,"8":1,"9":1,"10":2},"b":{},"_coverageSchema":"1a1c01bbd47fc00a2c39e90264f33305004495a9","hash":"2fb54f196a688f5a8783d664b5aae897b3ecd66a","contentHash":"601a8141c3d4f6c314e5866973db4a46c2ca19d1d254cd2c09833c49e1f3ffc5"},"C:\\Users\\polpe\\bootcamp\\collab\\skylab-bootcamp-202004\\staff\\pol-pedro\\takemytask\\takemytask-server-logic\\update-user.js":{"path":"C:\\Users\\polpe\\bootcamp\\collab\\skylab-bootcamp-202004\\staff\\pol-pedro\\takemytask\\takemytask-server-logic\\update-user.js","statementMap":{"0":{"start":{"line":1,"column":0},"end":{"line":1,"column":46}},"1":{"start":{"line":2,"column":0},"end":{"line":2,"column":44}},"2":{"start":{"line":3,"column":41},"end":{"line":3,"column":70}},"3":{"start":{"line":4,"column":59},"end":{"line":4,"column":85}},"4":{"start":{"line":18,"column":0},"end":{"line":51,"column":1}},"5":{"start":{"line":20,"column":4},"end":{"line":20,"column":35}},"6":{"start":{"line":22,"column":19},"end":{"line":22,"column":24}},"7":{"start":{"line":24,"column":4},"end":{"line":50,"column":8}},"8":{"start":{"line":27,"column":8},"end":{"line":27,"column":76}},"9":{"start":{"line":29,"column":8},"end":{"line":29,"column":89}},"10":{"start":{"line":29,"column":19},"end":{"line":29,"column":89}},"11":{"start":{"line":31,"column":8},"end":{"line":31,"column":93}},"12":{"start":{"line":31,"column":19},"end":{"line":31,"column":93}},"13":{"start":{"line":35,"column":8},"end":{"line":46,"column":9}},"14":{"start":{"line":37,"column":12},"end":{"line":42,"column":13}},"15":{"start":{"line":38,"column":16},"end":{"line":41,"column":17}},"16":{"start":{"line":39,"column":20},"end":{"line":39,"column":35}},"17":{"start":{"line":40,"column":20},"end":{"line":40,"column":25}},"18":{"start":{"line":43,"column":12},"end":{"line":43,"column":96}},"19":{"start":{"line":43,"column":36},"end":{"line":43,"column":96}},"20":{"start":{"line":45,"column":12},"end":{"line":45,"column":29}},"21":{"start":{"line":48,"column":8},"end":{"line":48,"column":25}}},"fnMap":{"0":{"name":"(anonymous_0)","decl":{"start":{"line":18,"column":17},"end":{"line":18,"column":18}},"loc":{"start":{"line":18,"column":35},"end":{"line":51,"column":1}},"line":18},"1":{"name":"(anonymous_1)","decl":{"start":{"line":24,"column":12},"end":{"line":24,"column":13}},"loc":{"start":{"line":24,"column":24},"end":{"line":50,"column":5}},"line":24}},"branchMap":{"0":{"loc":{"start":{"line":29,"column":8},"end":{"line":29,"column":89}},"type":"if","locations":[{"start":{"line":29,"column":8},"end":{"line":29,"column":89}},{"start":{"line":29,"column":8},"end":{"line":29,"column":89}}],"line":29},"1":{"loc":{"start":{"line":31,"column":8},"end":{"line":31,"column":93}},"type":"if","locations":[{"start":{"line":31,"column":8},"end":{"line":31,"column":93}},{"start":{"line":31,"column":8},"end":{"line":31,"column":93}}],"line":31},"2":{"loc":{"start":{"line":38,"column":16},"end":{"line":41,"column":17}},"type":"if","locations":[{"start":{"line":38,"column":16},"end":{"line":41,"column":17}},{"start":{"line":38,"column":16},"end":{"line":41,"column":17}}],"line":38},"3":{"loc":{"start":{"line":43,"column":12},"end":{"line":43,"column":96}},"type":"if","locations":[{"start":{"line":43,"column":12},"end":{"line":43,"column":96}},{"start":{"line":43,"column":12},"end":{"line":43,"column":96}}],"line":43}},"s":{"0":1,"1":1,"2":1,"3":1,"4":1,"5":2,"6":2,"7":2,"8":2,"9":2,"10":1,"11":2,"12":1,"13":1,"14":2,"15":26,"16":2,"17":2,"18":2,"19":0,"20":2,"21":1},"f":{"0":2,"1":2},"b":{"0":[1,1],"1":[1,1],"2":[2,24],"3":[0,2]},"_coverageSchema":"1a1c01bbd47fc00a2c39e90264f33305004495a9","hash":"774156ec34b7c8fd3a179be2830a0cb420ee2b3b","contentHash":"2bb9a47869d79766d7092e0c21079cbc02d814893b102eccd6f813bdba56c6b6"}}